<?xml version="1.0" encoding="UTF-8"?>
<testsuite name="com.app.server.service.appinsight.health.TtwoTestCase" tests="6" skipped="0" failures="0" errors="0" timestamp="2016-05-12T12:18:54" hostname="b40a85e2e29a" time="0.334">
  <properties/>
  <testcase name="test1Save" classname="com.app.server.service.appinsight.health.TtwoTestCase" time="0.134"/>
  <testcase name="test2Update" classname="com.app.server.service.appinsight.health.TtwoTestCase" time="0.07"/>
  <testcase name="test3FindById" classname="com.app.server.service.appinsight.health.TtwoTestCase" time="0.015"/>
  <testcase name="test3findBytonenm" classname="com.app.server.service.appinsight.health.TtwoTestCase" time="0.02"/>
  <testcase name="test5NegativeTesting" classname="com.app.server.service.appinsight.health.TtwoTestCase" time="0.018"/>
  <testcase name="test6Delete" classname="com.app.server.service.appinsight.health.TtwoTestCase" time="0.073"/>
  <system-out><![CDATA[Thu May 12 12:18:54 UTC 2016|Log Manager Factory|Initialization Process started.....
Thu May 12 12:18:54 UTC 2016|Log Manager|Initialized with Path = [/home/applifire/workspace/newpro/src/main/webapp/WEB-INF/conf]
Thu May 12 12:18:54 UTC 2016|Alarm Manager|Initialized with Path = [/home/applifire/workspace/newpro/src/main/webapp/WEB-INF/conf]
Thu May 12 12:18:54 UTC 2016|Alarm Manager|Loading Alarms ......
Thu May 12 12:18:54 UTC 2016|Alarm XML Parser|FWA|XML Parsing Complete........ 
Thu May 12 12:18:54 UTC 2016|Alarm File Manager|FWA|Alarm File Status.. [ApplicationFrameworkAlarms.xml]|Version=15|Status=Done 
Thu May 12 12:18:54 UTC 2016|Alarm File Manager|FWA|Alarm Stats = ( BC/AL=4/374 SYS=4/9 [374/0]  TPL=0/0 [0/0]  APP= A.Map=[453]  E.Map EC/RC=[151/40] )
Thu May 12 12:18:54 UTC 2016|Alarm XML Parser|APP|XML Parsing Complete........ 
Thu May 12 12:18:54 UTC 2016|Alarm File Manager|APP|Alarm File Status.. [ApplicationAlarms.xml]|Version=1|Status=Done 
Thu May 12 12:18:54 UTC 2016|Alarm File Manager|APP|Alarm Stats = ( BC/AL=4/374 SYS=4/9 [374/0]  TPL=0/0 [0/0]  APP=0/0 [0/0]  A.Map=[453]  E.Map EC/RC=[151/40] )
Thu May 12 12:18:54 UTC 2016|ApplicationAlarmContext| <><><><><> Create App Alarms ....  <><><><><> 
Thu May 12 12:18:54 UTC 2016|ApplicationAlarmContext|Alarms are generated ONLY in Development Mode.. 
Thu May 12 12:18:54 UTC 2016|Alarm Manager|APP|Alarm Stats = ( BC/AL=4/374 SYS=4/9 [374/0]  TPL=0/0 [0/0]  APP=0/0 [0/0]  A.Map=[453]  E.Map EC/RC=[151/40] )
Thu May 12 12:18:54 UTC 2016|Alarm Manager|Initialized Exception Lookup...
Thu May 12 12:18:54 UTC 2016|Log Manager|Initialize Log Config File ......
Thu May 12 12:18:54 UTC 2016|Pluggable Connectors|Adding Connectors : StandardOutputConnector isEnabled=true isDefault=false isFallBack=true
Thu May 12 12:18:54 UTC 2016|Pluggable Connectors|Adding Connectors : StandardFileConnector isEnabled=true isDefault=false isFallBack=false
Thu May 12 12:18:54 UTC 2016|Pluggable Connectors|Adding Connectors : Sprinkler isEnabled=true isDefault=true isFallBack=false
Thu May 12 12:18:54 UTC 2016|Pluggable Connectors|Default Connector Name : com.spartan.logger.core.LogMessenger
Thu May 12 12:18:54 UTC 2016|Log Config Parser|Connector Least Log Level =[4]  FallBack Log Level =[3]
Thu May 12 12:18:54 UTC 2016|Log Manager|Loading Default Connector for Logging ......
Thu May 12 12:18:54 UTC 2016|Log Manager|Loading class .. com.spartan.logger.core.LogMessenger
Thu May 12 12:18:54 UTC 2016|Plugggable Connector|Connector class com.spartan.logger.core.LogMessenger Initialized... @ Log Level = 3
Thu May 12 12:18:54 UTC 2016|Log Manager|Starting the Default Connector [com.spartan.logger.core.LogMessenger@5ca796a0] ....
Thu May 12 12:18:54 UTC 2016|Scheduler|Starting the Scheduler ......
Thu May 12 12:18:54 UTC 2016|Scheduler|Adding [LMID=[2ea0b183-efd9-437c-b766-385d1d778e2e]] Delay=5 Time Unit=MINUTES
Thu May 12 12:18:54 UTC 2016|Scheduler|Adding [App Alarm Manager File=[ApplicationAlarms.xml]] Delay=30 Time Unit=MINUTES
Thu May 12 12:18:54 UTC 2016|Scheduler|Adding [FW Alarm Manager File=[ApplicationFrameworkAlarms.xml]] Delay=3 Time Unit=MINUTES
Thu May 12 12:18:54 UTC 2016|Scheduler|Startup Completed..
Thu May 12 12:18:54 UTC 2016|Log Manager|Initialization Process Complete ......
Thu May 12 12:18:54 UTC 2016|Log Manager Factory|Log Manager READY! ID = 2ea0b183-efd9-437c-b766-385d1d778e2e
Thu May 12 12:18:54 UTC 2016|Unknown Alarm = AISHI312100100 Alarm Split = AIS-HI-3-1-2-100-100
Thu May 12 12:18:54 UTC 2016|Unknown Alarm = AISHI322100200 Alarm Split = AIS-HI-3-2-2-100-200
Thu May 12 12:18:54 UTC 2016|Unknown Alarm = AISHI317100100 Alarm Split = AIS-HI-3-1-7-100-100
[EL Fine]: sql: 2016-05-12 12:18:54.518--ClientSession(700419714)--Connection(1883445752)--Thread(Thread[Test worker,5,main])--INSERT INTO ast_Tone_T (toneid, tonenm, versionId, createdBy, createdDate, updatedBy, updatedDate, activeStatus, txnAccessCode) VALUES (?, ?, ?, ?, ?, ?, ?, ?, ?)
	bind => [2137B8A0-8F49-4939-B6DB-6CA6876A4156, 1b9ol85AfSZNOJciD3kEgBo8EdP8wAOw0dc7D6B2BwZTdKAgGa, 1, AAAAA, 2016-05-12 12:18:54.513, AAAAA, 2016-05-12 12:18:54.513, 1, 51000]
Setting logged in user info for ADD
Thu May 12 12:18:54 UTC 2016|Unknown Alarm = AISHI312100100 Alarm Split = AIS-HI-3-1-2-100-100
Thu May 12 12:18:54 UTC 2016|Unknown Alarm = AISHI322100200 Alarm Split = AIS-HI-3-2-2-100-200
Thu May 12 12:18:54 UTC 2016|Unknown Alarm = AISHI317100100 Alarm Split = AIS-HI-3-1-7-100-100
[EL Fine]: sql: 2016-05-12 12:18:54.585--ClientSession(1790140082)--Connection(1883445752)--Thread(Thread[Test worker,5,main])--INSERT INTO ast_Ttwo_T (tteoId, tonenm, twonm, versionId, createdBy, createdDate, updatedBy, updatedDate, activeStatus, txnAccessCode) VALUES (?, ?, ?, ?, ?, ?, ?, ?, ?, ?)
	bind => [62B31731-9406-4CD0-A443-4F4340B76D76, 2137B8A0-8F49-4939-B6DB-6CA6876A4156, YNct1xWMo9iCiLjC4Fl45aknLhdudiiiwg1CNHVoBfrdOa8bIz, 1, AAAAA, 2016-05-12 12:18:54.578, AAAAA, 2016-05-12 12:18:54.578, 1, 51000]
Thu May 12 12:18:54 UTC 2016|Unknown Alarm = AISHI314100100 Alarm Split = AIS-HI-3-1-4-100-100
[EL Fine]: sql: 2016-05-12 12:18:54.623--ClientSession(1594421629)--Connection(1883445752)--Thread(Thread[Test worker,5,main])--SELECT tteoId, tonenm, twonm, versionId, createdBy, createdDate, updatedBy, updatedDate, activeStatus, txnAccessCode FROM ast_Ttwo_T WHERE ((activeStatus = ?) AND (tteoId = ?))
	bind => [1, 62B31731-9406-4CD0-A443-4F4340B76D76]
Thu May 12 12:18:54 UTC 2016|Unknown Alarm = AISHI324100200 Alarm Split = AIS-HI-3-2-4-100-200
Thu May 12 12:18:54 UTC 2016|Unknown Alarm = AISHI317100100 Alarm Split = AIS-HI-3-1-7-100-100
Setting logged in user info for UPDATE
Thu May 12 12:18:54 UTC 2016|Unknown Alarm = AISHI311100100 Alarm Split = AIS-HI-3-1-1-100-100
[EL Fine]: sql: 2016-05-12 12:18:54.634--ClientSession(298639472)--Connection(1883445752)--Thread(Thread[Test worker,5,main])--SELECT tteoId, tonenm, twonm, versionId, createdBy, createdDate, updatedBy, updatedDate, activeStatus, txnAccessCode FROM ast_Ttwo_T WHERE (tteoId = ?)
	bind => [62B31731-9406-4CD0-A443-4F4340B76D76]
Thu May 12 12:18:54 UTC 2016|Unknown Alarm = AISHI321100200 Alarm Split = AIS-HI-3-2-1-100-200
Thu May 12 12:18:54 UTC 2016|Unknown Alarm = AISHI317100100 Alarm Split = AIS-HI-3-1-7-100-100
[EL Fine]: sql: 2016-05-12 12:18:54.639--ClientSession(298639472)--Connection(1883445752)--Thread(Thread[Test worker,5,main])--UPDATE ast_Ttwo_T SET twonm = ?, versionId = ? WHERE ((tteoId = ?) AND (versionId = ?))
	bind => [GqtEiRgvtqmjeziZdTf8XZzMsqjuepMfHzvLFwjXtETLU5Fw4A, 2, 62B31731-9406-4CD0-A443-4F4340B76D76, 1]
Thu May 12 12:18:54 UTC 2016|Unknown Alarm = AISHI314100100 Alarm Split = AIS-HI-3-1-4-100-100
[EL Fine]: sql: 2016-05-12 12:18:54.693--ClientSession(1381038217)--Connection(1883445752)--Thread(Thread[Test worker,5,main])--SELECT tteoId, tonenm, twonm, versionId, createdBy, createdDate, updatedBy, updatedDate, activeStatus, txnAccessCode FROM ast_Ttwo_T WHERE ((activeStatus = ?) AND (tteoId = ?))
	bind => [1, 62B31731-9406-4CD0-A443-4F4340B76D76]
Thu May 12 12:18:54 UTC 2016|Unknown Alarm = AISHI324100200 Alarm Split = AIS-HI-3-2-4-100-200
Thu May 12 12:18:54 UTC 2016|Unknown Alarm = AISHI317100100 Alarm Split = AIS-HI-3-1-7-100-100
Thu May 12 12:18:54 UTC 2016|Unknown Alarm = AISHI314100100 Alarm Split = AIS-HI-3-1-4-100-100
[EL Fine]: sql: 2016-05-12 12:18:54.71--ClientSession(1515352809)--Connection(1883445752)--Thread(Thread[Test worker,5,main])--SELECT tteoId, tonenm, twonm, versionId, createdBy, createdDate, updatedBy, updatedDate, activeStatus, txnAccessCode FROM ast_Ttwo_T WHERE ((activeStatus = ?) AND (tonenm = ?))
	bind => [1, 2137B8A0-8F49-4939-B6DB-6CA6876A4156]
Thu May 12 12:18:54 UTC 2016|Unknown Alarm = AISHI324100200 Alarm Split = AIS-HI-3-2-4-100-200
Thu May 12 12:18:54 UTC 2016|Unknown Alarm = AISHI317100100 Alarm Split = AIS-HI-3-1-7-100-100
Thu May 12 12:18:54 UTC 2016|Unknown Alarm = AISHI318100100 Alarm Split = AIS-HI-3-1-8-100-100
[EL Fine]: sql: 2016-05-12 12:18:54.744--ClientSession(1544952464)--Connection(1883445752)--Thread(Thread[Test worker,5,main])--SELECT tteoId, tonenm, twonm, versionId, createdBy, createdDate, updatedBy, updatedDate, activeStatus, txnAccessCode FROM ast_Ttwo_T WHERE (tteoId = ?)
	bind => [62B31731-9406-4CD0-A443-4F4340B76D76]
Thu May 12 12:18:54 UTC 2016|Unknown Alarm = AISHI328100200 Alarm Split = AIS-HI-3-2-8-100-200
Thu May 12 12:18:54 UTC 2016|Unknown Alarm = AISHI317100100 Alarm Split = AIS-HI-3-1-7-100-100
[EL Fine]: sql: 2016-05-12 12:18:54.747--ClientSession(1544952464)--Connection(1883445752)--Thread(Thread[Test worker,5,main])--DELETE FROM ast_Ttwo_T WHERE ((tteoId = ?) AND (versionId = ?))
	bind => [62B31731-9406-4CD0-A443-4F4340B76D76, 2]
Thu May 12 12:18:54 UTC 2016|Unknown Alarm = AISHI318100100 Alarm Split = AIS-HI-3-1-8-100-100
[EL Fine]: sql: 2016-05-12 12:18:54.783--ClientSession(741057739)--Connection(1883445752)--Thread(Thread[Test worker,5,main])--SELECT toneid, tonenm, versionId, createdBy, createdDate, updatedBy, updatedDate, activeStatus, txnAccessCode FROM ast_Tone_T WHERE (toneid = ?)
	bind => [2137B8A0-8F49-4939-B6DB-6CA6876A4156]
Thu May 12 12:18:54 UTC 2016|Unknown Alarm = AISHI328100200 Alarm Split = AIS-HI-3-2-8-100-200
Thu May 12 12:18:54 UTC 2016|Unknown Alarm = AISHI317100100 Alarm Split = AIS-HI-3-1-7-100-100
[EL Fine]: sql: 2016-05-12 12:18:54.788--ClientSession(741057739)--Connection(1883445752)--Thread(Thread[Test worker,5,main])--DELETE FROM ast_Tone_T WHERE ((toneid = ?) AND (versionId = ?))
	bind => [2137B8A0-8F49-4939-B6DB-6CA6876A4156, 1]
]]></system-out>
  <system-err><![CDATA[com.app.shared.appinsight.health.Ttwo.twonm may not be null
com.spartan.pluggable.exception.security.InvalidDataException: 90007:Invalid Exception.:Reason = Not Available!
	at com.athena.server.pluggable.utils.helper.EntityValidatorHelper.validateEntity(EntityValidatorHelper.java:28)
	at com.app.shared.appinsight.health.Ttwo.isValid(Ttwo.java:148)
	at com.app.server.service.appinsight.health.TtwoTestCase.validateTtwo(TtwoTestCase.java:204)
	at com.app.server.service.appinsight.health.TtwoTestCase.test5NegativeTesting(TtwoTestCase.java:235)
	at sun.reflect.NativeMethodAccessorImpl.invoke0(Native Method)
	at sun.reflect.NativeMethodAccessorImpl.invoke(NativeMethodAccessorImpl.java:57)
	at sun.reflect.DelegatingMethodAccessorImpl.invoke(DelegatingMethodAccessorImpl.java:43)
	at java.lang.reflect.Method.invoke(Method.java:606)
	at org.junit.runners.model.FrameworkMethod$1.runReflectiveCall(FrameworkMethod.java:47)
	at org.junit.internal.runners.model.ReflectiveCallable.run(ReflectiveCallable.java:12)
	at org.junit.runners.model.FrameworkMethod.invokeExplosively(FrameworkMethod.java:44)
	at org.junit.internal.runners.statements.InvokeMethod.evaluate(InvokeMethod.java:17)
	at org.junit.internal.runners.statements.RunBefores.evaluate(RunBefores.java:26)
	at org.springframework.test.context.junit4.statements.RunBeforeTestMethodCallbacks.evaluate(RunBeforeTestMethodCallbacks.java:74)
	at org.junit.internal.runners.statements.RunAfters.evaluate(RunAfters.java:27)
	at org.springframework.test.context.junit4.statements.RunAfterTestMethodCallbacks.evaluate(RunAfterTestMethodCallbacks.java:83)
	at org.springframework.test.context.junit4.statements.SpringRepeat.evaluate(SpringRepeat.java:72)
	at org.springframework.test.context.junit4.SpringJUnit4ClassRunner.runChild(SpringJUnit4ClassRunner.java:233)
	at org.springframework.test.context.junit4.SpringJUnit4ClassRunner.runChild(SpringJUnit4ClassRunner.java:87)
	at org.junit.runners.ParentRunner$3.run(ParentRunner.java:238)
	at org.junit.runners.ParentRunner$1.schedule(ParentRunner.java:63)
	at org.junit.runners.ParentRunner.runChildren(ParentRunner.java:236)
	at org.junit.runners.ParentRunner.access$000(ParentRunner.java:53)
	at org.junit.runners.ParentRunner$2.evaluate(ParentRunner.java:229)
	at org.junit.internal.runners.statements.RunBefores.evaluate(RunBefores.java:26)
	at org.springframework.test.context.junit4.statements.RunBeforeTestClassCallbacks.evaluate(RunBeforeTestClassCallbacks.java:61)
	at org.springframework.test.context.junit4.statements.RunAfterTestClassCallbacks.evaluate(RunAfterTestClassCallbacks.java:71)
	at org.junit.runners.ParentRunner.run(ParentRunner.java:309)
	at org.springframework.test.context.junit4.SpringJUnit4ClassRunner.run(SpringJUnit4ClassRunner.java:176)
	at org.gradle.api.internal.tasks.testing.junit.JUnitTestClassExecuter.runTestClass(JUnitTestClassExecuter.java:86)
	at org.gradle.api.internal.tasks.testing.junit.JUnitTestClassExecuter.execute(JUnitTestClassExecuter.java:49)
	at org.gradle.api.internal.tasks.testing.junit.JUnitTestClassProcessor.processTestClass(JUnitTestClassProcessor.java:64)
	at org.gradle.api.internal.tasks.testing.SuiteTestClassProcessor.processTestClass(SuiteTestClassProcessor.java:50)
	at sun.reflect.NativeMethodAccessorImpl.invoke0(Native Method)
	at sun.reflect.NativeMethodAccessorImpl.invoke(NativeMethodAccessorImpl.java:57)
	at sun.reflect.DelegatingMethodAccessorImpl.invoke(DelegatingMethodAccessorImpl.java:43)
	at java.lang.reflect.Method.invoke(Method.java:606)
	at org.gradle.messaging.dispatch.ReflectionDispatch.dispatch(ReflectionDispatch.java:35)
	at org.gradle.messaging.dispatch.ReflectionDispatch.dispatch(ReflectionDispatch.java:24)
	at org.gradle.messaging.dispatch.ContextClassLoaderDispatch.dispatch(ContextClassLoaderDispatch.java:32)
	at org.gradle.messaging.dispatch.ProxyDispatchAdapter$DispatchingInvocationHandler.invoke(ProxyDispatchAdapter.java:93)
	at com.sun.proxy.$Proxy2.processTestClass(Unknown Source)
	at org.gradle.api.internal.tasks.testing.worker.TestWorker.processTestClass(TestWorker.java:106)
	at sun.reflect.NativeMethodAccessorImpl.invoke0(Native Method)
	at sun.reflect.NativeMethodAccessorImpl.invoke(NativeMethodAccessorImpl.java:57)
	at sun.reflect.DelegatingMethodAccessorImpl.invoke(DelegatingMethodAccessorImpl.java:43)
	at java.lang.reflect.Method.invoke(Method.java:606)
	at org.gradle.messaging.dispatch.ReflectionDispatch.dispatch(ReflectionDispatch.java:35)
	at org.gradle.messaging.dispatch.ReflectionDispatch.dispatch(ReflectionDispatch.java:24)
	at org.gradle.messaging.remote.internal.hub.MessageHub$Handler.run(MessageHub.java:360)
	at org.gradle.internal.concurrent.DefaultExecutorFactory$StoppableExecutorImpl$1.run(DefaultExecutorFactory.java:64)
	at java.util.concurrent.ThreadPoolExecutor.runWorker(ThreadPoolExecutor.java:1145)
	at java.util.concurrent.ThreadPoolExecutor$Worker.run(ThreadPoolExecutor.java:615)
	at java.lang.Thread.run(Thread.java:745)
com.app.shared.appinsight.health.Ttwo.twonm size must be between 1 and 256
com.spartan.pluggable.exception.security.InvalidDataException: 90007:Invalid Exception.:Reason = Not Available!
	at com.athena.server.pluggable.utils.helper.EntityValidatorHelper.validateEntity(EntityValidatorHelper.java:28)
	at com.app.shared.appinsight.health.Ttwo.isValid(Ttwo.java:148)
	at com.app.server.service.appinsight.health.TtwoTestCase.validateTtwo(TtwoTestCase.java:202)
	at com.app.server.service.appinsight.health.TtwoTestCase.test5NegativeTesting(TtwoTestCase.java:240)
	at sun.reflect.NativeMethodAccessorImpl.invoke0(Native Method)
	at sun.reflect.NativeMethodAccessorImpl.invoke(NativeMethodAccessorImpl.java:57)
	at sun.reflect.DelegatingMethodAccessorImpl.invoke(DelegatingMethodAccessorImpl.java:43)
	at java.lang.reflect.Method.invoke(Method.java:606)
	at org.junit.runners.model.FrameworkMethod$1.runReflectiveCall(FrameworkMethod.java:47)
	at org.junit.internal.runners.model.ReflectiveCallable.run(ReflectiveCallable.java:12)
	at org.junit.runners.model.FrameworkMethod.invokeExplosively(FrameworkMethod.java:44)
	at org.junit.internal.runners.statements.InvokeMethod.evaluate(InvokeMethod.java:17)
	at org.junit.internal.runners.statements.RunBefores.evaluate(RunBefores.java:26)
	at org.springframework.test.context.junit4.statements.RunBeforeTestMethodCallbacks.evaluate(RunBeforeTestMethodCallbacks.java:74)
	at org.junit.internal.runners.statements.RunAfters.evaluate(RunAfters.java:27)
	at org.springframework.test.context.junit4.statements.RunAfterTestMethodCallbacks.evaluate(RunAfterTestMethodCallbacks.java:83)
	at org.springframework.test.context.junit4.statements.SpringRepeat.evaluate(SpringRepeat.java:72)
	at org.springframework.test.context.junit4.SpringJUnit4ClassRunner.runChild(SpringJUnit4ClassRunner.java:233)
	at org.springframework.test.context.junit4.SpringJUnit4ClassRunner.runChild(SpringJUnit4ClassRunner.java:87)
	at org.junit.runners.ParentRunner$3.run(ParentRunner.java:238)
	at org.junit.runners.ParentRunner$1.schedule(ParentRunner.java:63)
	at org.junit.runners.ParentRunner.runChildren(ParentRunner.java:236)
	at org.junit.runners.ParentRunner.access$000(ParentRunner.java:53)
	at org.junit.runners.ParentRunner$2.evaluate(ParentRunner.java:229)
	at org.junit.internal.runners.statements.RunBefores.evaluate(RunBefores.java:26)
	at org.springframework.test.context.junit4.statements.RunBeforeTestClassCallbacks.evaluate(RunBeforeTestClassCallbacks.java:61)
	at org.springframework.test.context.junit4.statements.RunAfterTestClassCallbacks.evaluate(RunAfterTestClassCallbacks.java:71)
	at org.junit.runners.ParentRunner.run(ParentRunner.java:309)
	at org.springframework.test.context.junit4.SpringJUnit4ClassRunner.run(SpringJUnit4ClassRunner.java:176)
	at org.gradle.api.internal.tasks.testing.junit.JUnitTestClassExecuter.runTestClass(JUnitTestClassExecuter.java:86)
	at org.gradle.api.internal.tasks.testing.junit.JUnitTestClassExecuter.execute(JUnitTestClassExecuter.java:49)
	at org.gradle.api.internal.tasks.testing.junit.JUnitTestClassProcessor.processTestClass(JUnitTestClassProcessor.java:64)
	at org.gradle.api.internal.tasks.testing.SuiteTestClassProcessor.processTestClass(SuiteTestClassProcessor.java:50)
	at sun.reflect.NativeMethodAccessorImpl.invoke0(Native Method)
	at sun.reflect.NativeMethodAccessorImpl.invoke(NativeMethodAccessorImpl.java:57)
	at sun.reflect.DelegatingMethodAccessorImpl.invoke(DelegatingMethodAccessorImpl.java:43)
	at java.lang.reflect.Method.invoke(Method.java:606)
	at org.gradle.messaging.dispatch.ReflectionDispatch.dispatch(ReflectionDispatch.java:35)
	at org.gradle.messaging.dispatch.ReflectionDispatch.dispatch(ReflectionDispatch.java:24)
	at org.gradle.messaging.dispatch.ContextClassLoaderDispatch.dispatch(ContextClassLoaderDispatch.java:32)
	at org.gradle.messaging.dispatch.ProxyDispatchAdapter$DispatchingInvocationHandler.invoke(ProxyDispatchAdapter.java:93)
	at com.sun.proxy.$Proxy2.processTestClass(Unknown Source)
	at org.gradle.api.internal.tasks.testing.worker.TestWorker.processTestClass(TestWorker.java:106)
	at sun.reflect.NativeMethodAccessorImpl.invoke0(Native Method)
	at sun.reflect.NativeMethodAccessorImpl.invoke(NativeMethodAccessorImpl.java:57)
	at sun.reflect.DelegatingMethodAccessorImpl.invoke(DelegatingMethodAccessorImpl.java:43)
	at java.lang.reflect.Method.invoke(Method.java:606)
	at org.gradle.messaging.dispatch.ReflectionDispatch.dispatch(ReflectionDispatch.java:35)
	at org.gradle.messaging.dispatch.ReflectionDispatch.dispatch(ReflectionDispatch.java:24)
	at org.gradle.messaging.remote.internal.hub.MessageHub$Handler.run(MessageHub.java:360)
	at org.gradle.internal.concurrent.DefaultExecutorFactory$StoppableExecutorImpl$1.run(DefaultExecutorFactory.java:64)
	at java.util.concurrent.ThreadPoolExecutor.runWorker(ThreadPoolExecutor.java:1145)
	at java.util.concurrent.ThreadPoolExecutor$Worker.run(ThreadPoolExecutor.java:615)
	at java.lang.Thread.run(Thread.java:745)
]]></system-err>
</testsuite>
