<?xml version="1.0" encoding="UTF-8"?>
<testsuite name="com.app.server.service.appinsight.health.CategoryTestCase" tests="6" skipped="0" failures="0" errors="0" timestamp="2016-05-12T12:18:54" hostname="b40a85e2e29a" time="0.37">
  <properties/>
  <testcase name="test1Save" classname="com.app.server.service.appinsight.health.CategoryTestCase" time="0.117"/>
  <testcase name="test2Update" classname="com.app.server.service.appinsight.health.CategoryTestCase" time="0.079"/>
  <testcase name="test3FindById" classname="com.app.server.service.appinsight.health.CategoryTestCase" time="0.013"/>
  <testcase name="test3findBybrandnm" classname="com.app.server.service.appinsight.health.CategoryTestCase" time="0.03"/>
  <testcase name="test5NegativeTesting" classname="com.app.server.service.appinsight.health.CategoryTestCase" time="0.022"/>
  <testcase name="test6Delete" classname="com.app.server.service.appinsight.health.CategoryTestCase" time="0.106"/>
  <system-out><![CDATA[Thu May 12 12:18:53 UTC 2016|Log Manager Factory|Initialization Process started.....
Thu May 12 12:18:53 UTC 2016|Log Manager|Initialized with Path = [/home/applifire/workspace/newpro/src/main/webapp/WEB-INF/conf]
Thu May 12 12:18:53 UTC 2016|Alarm Manager|Initialized with Path = [/home/applifire/workspace/newpro/src/main/webapp/WEB-INF/conf]
Thu May 12 12:18:53 UTC 2016|Alarm Manager|Loading Alarms ......
Thu May 12 12:18:54 UTC 2016|Alarm XML Parser|FWA|XML Parsing Complete........ 
Thu May 12 12:18:53 UTC 2016|Alarm File Manager|FWA|Alarm File Status.. [ApplicationFrameworkAlarms.xml]|Version=15|Status=Done 
Thu May 12 12:18:54 UTC 2016|Alarm File Manager|FWA|Alarm Stats = ( BC/AL=4/374 SYS=4/9 [374/0]  TPL=0/0 [0/0]  APP= A.Map=[453]  E.Map EC/RC=[151/40] )
Thu May 12 12:18:54 UTC 2016|Alarm XML Parser|APP|XML Parsing Complete........ 
Thu May 12 12:18:54 UTC 2016|Alarm File Manager|APP|Alarm File Status.. [ApplicationAlarms.xml]|Version=1|Status=Done 
Thu May 12 12:18:54 UTC 2016|Alarm File Manager|APP|Alarm Stats = ( BC/AL=4/374 SYS=4/9 [374/0]  TPL=0/0 [0/0]  APP=0/0 [0/0]  A.Map=[453]  E.Map EC/RC=[151/40] )
Thu May 12 12:18:54 UTC 2016|ApplicationAlarmContext| <><><><><> Create App Alarms ....  <><><><><> 
Thu May 12 12:18:54 UTC 2016|ApplicationAlarmContext|Alarms are generated ONLY in Development Mode.. 
Thu May 12 12:18:54 UTC 2016|Alarm Manager|APP|Alarm Stats = ( BC/AL=4/374 SYS=4/9 [374/0]  TPL=0/0 [0/0]  APP=0/0 [0/0]  A.Map=[453]  E.Map EC/RC=[151/40] )
Thu May 12 12:18:54 UTC 2016|Alarm Manager|Initialized Exception Lookup...
Thu May 12 12:18:54 UTC 2016|Log Manager|Initialize Log Config File ......
Thu May 12 12:18:54 UTC 2016|Pluggable Connectors|Adding Connectors : StandardOutputConnector isEnabled=true isDefault=false isFallBack=true
Thu May 12 12:18:54 UTC 2016|Pluggable Connectors|Adding Connectors : StandardFileConnector isEnabled=true isDefault=false isFallBack=false
Thu May 12 12:18:54 UTC 2016|Pluggable Connectors|Adding Connectors : Sprinkler isEnabled=true isDefault=true isFallBack=false
Thu May 12 12:18:54 UTC 2016|Pluggable Connectors|Default Connector Name : com.spartan.logger.core.LogMessenger
Thu May 12 12:18:54 UTC 2016|Log Config Parser|Connector Least Log Level =[4]  FallBack Log Level =[3]
Thu May 12 12:18:54 UTC 2016|Log Manager|Loading Default Connector for Logging ......
Thu May 12 12:18:54 UTC 2016|Log Manager|Loading class .. com.spartan.logger.core.LogMessenger
Thu May 12 12:18:54 UTC 2016|Plugggable Connector|Connector class com.spartan.logger.core.LogMessenger Initialized... @ Log Level = 3
Thu May 12 12:18:54 UTC 2016|Log Manager|Starting the Default Connector [com.spartan.logger.core.LogMessenger@2655ea27] ....
Thu May 12 12:18:54 UTC 2016|Scheduler|Starting the Scheduler ......
Thu May 12 12:18:54 UTC 2016|Scheduler|Adding [LMID=[2ea0b183-efd9-437c-b766-385d1d778e2e]] Delay=5 Time Unit=MINUTES
Thu May 12 12:18:54 UTC 2016|Scheduler|Adding [App Alarm Manager File=[ApplicationAlarms.xml]] Delay=30 Time Unit=MINUTES
Thu May 12 12:18:54 UTC 2016|Scheduler|Adding [FW Alarm Manager File=[ApplicationFrameworkAlarms.xml]] Delay=3 Time Unit=MINUTES
Thu May 12 12:18:54 UTC 2016|Scheduler|Startup Completed..
Thu May 12 12:18:54 UTC 2016|Log Manager|Initialization Process Complete ......
Thu May 12 12:18:54 UTC 2016|Log Manager Factory|Log Manager READY! ID = 2ea0b183-efd9-437c-b766-385d1d778e2e
Thu May 12 12:18:54 UTC 2016|Unknown Alarm = AISHI312100100 Alarm Split = AIS-HI-3-1-2-100-100
Thu May 12 12:18:54 UTC 2016|Unknown Alarm = AISHI322100200 Alarm Split = AIS-HI-3-2-2-100-200
Thu May 12 12:18:54 UTC 2016|Unknown Alarm = AISHI317100100 Alarm Split = AIS-HI-3-1-7-100-100
[EL Fine]: sql: 2016-05-12 12:18:54.093--ClientSession(1386200469)--Connection(1883445752)--Thread(Thread[Test worker,5,main])--INSERT INTO ast_Brands_M (bid, brandNm, versionId, createdBy, createdDate, updatedBy, updatedDate, activeStatus, txnAccessCode) VALUES (?, ?, ?, ?, ?, ?, ?, ?, ?)
	bind => [6830DF29-D283-4019-A020-A1A4445A60D6, WCsxKT6eaOrardrqF6EGd0OaD7tJxgWHE76IAJbVYv4l8la2w6, 1, AAAAA, 2016-05-12 12:18:54.09, AAAAA, 2016-05-12 12:18:54.09, 1, 51000]
Setting logged in user info for ADD
Thu May 12 12:18:54 UTC 2016|Unknown Alarm = AISHI312100100 Alarm Split = AIS-HI-3-1-2-100-100
Thu May 12 12:18:54 UTC 2016|Unknown Alarm = AISHI322100200 Alarm Split = AIS-HI-3-2-2-100-200
Thu May 12 12:18:54 UTC 2016|Unknown Alarm = AISHI317100100 Alarm Split = AIS-HI-3-1-7-100-100
[EL Fine]: sql: 2016-05-12 12:18:54.159--ClientSession(1555086211)--Connection(1883445752)--Thread(Thread[Test worker,5,main])--INSERT INTO ast_Category_M (cid, brandnm, categorynm, versionId, createdBy, createdDate, updatedBy, updatedDate, activeStatus, txnAccessCode) VALUES (?, ?, ?, ?, ?, ?, ?, ?, ?, ?)
	bind => [3FCA7A09-30DC-4A61-91CE-A908301A3F3B, 6830DF29-D283-4019-A020-A1A4445A60D6, FkHQvuJnbPKtmwI4rJzdxCexqkPf4SzNFeGr7wEIboyDdPvj3L, 1, AAAAA, 2016-05-12 12:18:54.156, AAAAA, 2016-05-12 12:18:54.156, 1, 51000]
Thu May 12 12:18:54 UTC 2016|Unknown Alarm = AISHI314100100 Alarm Split = AIS-HI-3-1-4-100-100
[EL Fine]: sql: 2016-05-12 12:18:54.185--ClientSession(1020603460)--Connection(1883445752)--Thread(Thread[Test worker,5,main])--SELECT cid, brandnm, categorynm, versionId, createdBy, createdDate, updatedBy, updatedDate, activeStatus, txnAccessCode FROM ast_Category_M WHERE ((activeStatus = ?) AND (cid = ?))
	bind => [1, 3FCA7A09-30DC-4A61-91CE-A908301A3F3B]
Thu May 12 12:18:54 UTC 2016|Unknown Alarm = AISHI324100200 Alarm Split = AIS-HI-3-2-4-100-200
Thu May 12 12:18:54 UTC 2016|Unknown Alarm = AISHI317100100 Alarm Split = AIS-HI-3-1-7-100-100
Setting logged in user info for UPDATE
Thu May 12 12:18:54 UTC 2016|Unknown Alarm = AISHI311100100 Alarm Split = AIS-HI-3-1-1-100-100
[EL Fine]: sql: 2016-05-12 12:18:54.194--ClientSession(821150091)--Connection(1883445752)--Thread(Thread[Test worker,5,main])--SELECT cid, brandnm, categorynm, versionId, createdBy, createdDate, updatedBy, updatedDate, activeStatus, txnAccessCode FROM ast_Category_M WHERE (cid = ?)
	bind => [3FCA7A09-30DC-4A61-91CE-A908301A3F3B]
Thu May 12 12:18:54 UTC 2016|Unknown Alarm = AISHI321100200 Alarm Split = AIS-HI-3-2-1-100-200
Thu May 12 12:18:54 UTC 2016|Unknown Alarm = AISHI317100100 Alarm Split = AIS-HI-3-1-7-100-100
[EL Fine]: sql: 2016-05-12 12:18:54.197--ClientSession(821150091)--Connection(1883445752)--Thread(Thread[Test worker,5,main])--UPDATE ast_Category_M SET categorynm = ?, versionId = ? WHERE ((cid = ?) AND (versionId = ?))
	bind => [bkNPK2dpC5a1Fa9JQQrdXLzhiDxGXP9MAC81SJQqGhRi3WjaTy, 2, 3FCA7A09-30DC-4A61-91CE-A908301A3F3B, 1]
Thu May 12 12:18:54 UTC 2016|Unknown Alarm = AISHI314100100 Alarm Split = AIS-HI-3-1-4-100-100
[EL Fine]: sql: 2016-05-12 12:18:54.265--ClientSession(409075768)--Connection(1883445752)--Thread(Thread[Test worker,5,main])--SELECT cid, brandnm, categorynm, versionId, createdBy, createdDate, updatedBy, updatedDate, activeStatus, txnAccessCode FROM ast_Category_M WHERE ((activeStatus = ?) AND (cid = ?))
	bind => [1, 3FCA7A09-30DC-4A61-91CE-A908301A3F3B]
Thu May 12 12:18:54 UTC 2016|Unknown Alarm = AISHI324100200 Alarm Split = AIS-HI-3-2-4-100-200
Thu May 12 12:18:54 UTC 2016|Unknown Alarm = AISHI317100100 Alarm Split = AIS-HI-3-1-7-100-100
Thu May 12 12:18:54 UTC 2016|Unknown Alarm = AISHI314100100 Alarm Split = AIS-HI-3-1-4-100-100
[EL Fine]: sql: 2016-05-12 12:18:54.292--ClientSession(1354108139)--Connection(1883445752)--Thread(Thread[Test worker,5,main])--SELECT cid, brandnm, categorynm, versionId, createdBy, createdDate, updatedBy, updatedDate, activeStatus, txnAccessCode FROM ast_Category_M WHERE ((activeStatus = ?) AND (brandnm = ?))
	bind => [1, 6830DF29-D283-4019-A020-A1A4445A60D6]
Thu May 12 12:18:54 UTC 2016|Unknown Alarm = AISHI324100200 Alarm Split = AIS-HI-3-2-4-100-200
Thu May 12 12:18:54 UTC 2016|Unknown Alarm = AISHI317100100 Alarm Split = AIS-HI-3-1-7-100-100
Thu May 12 12:18:54 UTC 2016|Unknown Alarm = AISHI318100100 Alarm Split = AIS-HI-3-1-8-100-100
[EL Fine]: sql: 2016-05-12 12:18:54.334--ClientSession(716346213)--Connection(1883445752)--Thread(Thread[Test worker,5,main])--SELECT cid, brandnm, categorynm, versionId, createdBy, createdDate, updatedBy, updatedDate, activeStatus, txnAccessCode FROM ast_Category_M WHERE (cid = ?)
	bind => [3FCA7A09-30DC-4A61-91CE-A908301A3F3B]
Thu May 12 12:18:54 UTC 2016|Unknown Alarm = AISHI328100200 Alarm Split = AIS-HI-3-2-8-100-200
Thu May 12 12:18:54 UTC 2016|Unknown Alarm = AISHI317100100 Alarm Split = AIS-HI-3-1-7-100-100
[EL Fine]: sql: 2016-05-12 12:18:54.338--ClientSession(716346213)--Connection(1883445752)--Thread(Thread[Test worker,5,main])--DELETE FROM ast_Category_M WHERE ((cid = ?) AND (versionId = ?))
	bind => [3FCA7A09-30DC-4A61-91CE-A908301A3F3B, 2]
Thu May 12 12:18:54 UTC 2016|Unknown Alarm = AISHI318100100 Alarm Split = AIS-HI-3-1-8-100-100
[EL Fine]: sql: 2016-05-12 12:18:54.41--ClientSession(698393765)--Connection(1883445752)--Thread(Thread[Test worker,5,main])--SELECT bid, brandNm, versionId, createdBy, createdDate, updatedBy, updatedDate, activeStatus, txnAccessCode FROM ast_Brands_M WHERE (bid = ?)
	bind => [6830DF29-D283-4019-A020-A1A4445A60D6]
Thu May 12 12:18:54 UTC 2016|Unknown Alarm = AISHI328100200 Alarm Split = AIS-HI-3-2-8-100-200
Thu May 12 12:18:54 UTC 2016|Unknown Alarm = AISHI317100100 Alarm Split = AIS-HI-3-1-7-100-100
[EL Fine]: sql: 2016-05-12 12:18:54.414--ClientSession(698393765)--Connection(1883445752)--Thread(Thread[Test worker,5,main])--DELETE FROM ast_Brands_M WHERE ((bid = ?) AND (versionId = ?))
	bind => [6830DF29-D283-4019-A020-A1A4445A60D6, 1]
]]></system-out>
  <system-err><![CDATA[com.app.shared.appinsight.health.Category.categorynm may not be null
com.spartan.pluggable.exception.security.InvalidDataException: 90007:Invalid Exception.:Reason = Not Available!
	at com.athena.server.pluggable.utils.helper.EntityValidatorHelper.validateEntity(EntityValidatorHelper.java:28)
	at com.app.shared.appinsight.health.Category.isValid(Category.java:148)
	at com.app.server.service.appinsight.health.CategoryTestCase.validateCategory(CategoryTestCase.java:204)
	at com.app.server.service.appinsight.health.CategoryTestCase.test5NegativeTesting(CategoryTestCase.java:235)
	at sun.reflect.NativeMethodAccessorImpl.invoke0(Native Method)
	at sun.reflect.NativeMethodAccessorImpl.invoke(NativeMethodAccessorImpl.java:57)
	at sun.reflect.DelegatingMethodAccessorImpl.invoke(DelegatingMethodAccessorImpl.java:43)
	at java.lang.reflect.Method.invoke(Method.java:606)
	at org.junit.runners.model.FrameworkMethod$1.runReflectiveCall(FrameworkMethod.java:47)
	at org.junit.internal.runners.model.ReflectiveCallable.run(ReflectiveCallable.java:12)
	at org.junit.runners.model.FrameworkMethod.invokeExplosively(FrameworkMethod.java:44)
	at org.junit.internal.runners.statements.InvokeMethod.evaluate(InvokeMethod.java:17)
	at org.junit.internal.runners.statements.RunBefores.evaluate(RunBefores.java:26)
	at org.springframework.test.context.junit4.statements.RunBeforeTestMethodCallbacks.evaluate(RunBeforeTestMethodCallbacks.java:74)
	at org.junit.internal.runners.statements.RunAfters.evaluate(RunAfters.java:27)
	at org.springframework.test.context.junit4.statements.RunAfterTestMethodCallbacks.evaluate(RunAfterTestMethodCallbacks.java:83)
	at org.springframework.test.context.junit4.statements.SpringRepeat.evaluate(SpringRepeat.java:72)
	at org.springframework.test.context.junit4.SpringJUnit4ClassRunner.runChild(SpringJUnit4ClassRunner.java:233)
	at org.springframework.test.context.junit4.SpringJUnit4ClassRunner.runChild(SpringJUnit4ClassRunner.java:87)
	at org.junit.runners.ParentRunner$3.run(ParentRunner.java:238)
	at org.junit.runners.ParentRunner$1.schedule(ParentRunner.java:63)
	at org.junit.runners.ParentRunner.runChildren(ParentRunner.java:236)
	at org.junit.runners.ParentRunner.access$000(ParentRunner.java:53)
	at org.junit.runners.ParentRunner$2.evaluate(ParentRunner.java:229)
	at org.junit.internal.runners.statements.RunBefores.evaluate(RunBefores.java:26)
	at org.springframework.test.context.junit4.statements.RunBeforeTestClassCallbacks.evaluate(RunBeforeTestClassCallbacks.java:61)
	at org.springframework.test.context.junit4.statements.RunAfterTestClassCallbacks.evaluate(RunAfterTestClassCallbacks.java:71)
	at org.junit.runners.ParentRunner.run(ParentRunner.java:309)
	at org.springframework.test.context.junit4.SpringJUnit4ClassRunner.run(SpringJUnit4ClassRunner.java:176)
	at org.gradle.api.internal.tasks.testing.junit.JUnitTestClassExecuter.runTestClass(JUnitTestClassExecuter.java:86)
	at org.gradle.api.internal.tasks.testing.junit.JUnitTestClassExecuter.execute(JUnitTestClassExecuter.java:49)
	at org.gradle.api.internal.tasks.testing.junit.JUnitTestClassProcessor.processTestClass(JUnitTestClassProcessor.java:64)
	at org.gradle.api.internal.tasks.testing.SuiteTestClassProcessor.processTestClass(SuiteTestClassProcessor.java:50)
	at sun.reflect.NativeMethodAccessorImpl.invoke0(Native Method)
	at sun.reflect.NativeMethodAccessorImpl.invoke(NativeMethodAccessorImpl.java:57)
	at sun.reflect.DelegatingMethodAccessorImpl.invoke(DelegatingMethodAccessorImpl.java:43)
	at java.lang.reflect.Method.invoke(Method.java:606)
	at org.gradle.messaging.dispatch.ReflectionDispatch.dispatch(ReflectionDispatch.java:35)
	at org.gradle.messaging.dispatch.ReflectionDispatch.dispatch(ReflectionDispatch.java:24)
	at org.gradle.messaging.dispatch.ContextClassLoaderDispatch.dispatch(ContextClassLoaderDispatch.java:32)
	at org.gradle.messaging.dispatch.ProxyDispatchAdapter$DispatchingInvocationHandler.invoke(ProxyDispatchAdapter.java:93)
	at com.sun.proxy.$Proxy2.processTestClass(Unknown Source)
	at org.gradle.api.internal.tasks.testing.worker.TestWorker.processTestClass(TestWorker.java:106)
	at sun.reflect.NativeMethodAccessorImpl.invoke0(Native Method)
	at sun.reflect.NativeMethodAccessorImpl.invoke(NativeMethodAccessorImpl.java:57)
	at sun.reflect.DelegatingMethodAccessorImpl.invoke(DelegatingMethodAccessorImpl.java:43)
	at java.lang.reflect.Method.invoke(Method.java:606)
	at org.gradle.messaging.dispatch.ReflectionDispatch.dispatch(ReflectionDispatch.java:35)
	at org.gradle.messaging.dispatch.ReflectionDispatch.dispatch(ReflectionDispatch.java:24)
	at org.gradle.messaging.remote.internal.hub.MessageHub$Handler.run(MessageHub.java:360)
	at org.gradle.internal.concurrent.DefaultExecutorFactory$StoppableExecutorImpl$1.run(DefaultExecutorFactory.java:64)
	at java.util.concurrent.ThreadPoolExecutor.runWorker(ThreadPoolExecutor.java:1145)
	at java.util.concurrent.ThreadPoolExecutor$Worker.run(ThreadPoolExecutor.java:615)
	at java.lang.Thread.run(Thread.java:745)
com.app.shared.appinsight.health.Category.categorynm size must be between 1 and 256
com.spartan.pluggable.exception.security.InvalidDataException: 90007:Invalid Exception.:Reason = Not Available!
	at com.athena.server.pluggable.utils.helper.EntityValidatorHelper.validateEntity(EntityValidatorHelper.java:28)
	at com.app.shared.appinsight.health.Category.isValid(Category.java:148)
	at com.app.server.service.appinsight.health.CategoryTestCase.validateCategory(CategoryTestCase.java:202)
	at com.app.server.service.appinsight.health.CategoryTestCase.test5NegativeTesting(CategoryTestCase.java:240)
	at sun.reflect.NativeMethodAccessorImpl.invoke0(Native Method)
	at sun.reflect.NativeMethodAccessorImpl.invoke(NativeMethodAccessorImpl.java:57)
	at sun.reflect.DelegatingMethodAccessorImpl.invoke(DelegatingMethodAccessorImpl.java:43)
	at java.lang.reflect.Method.invoke(Method.java:606)
	at org.junit.runners.model.FrameworkMethod$1.runReflectiveCall(FrameworkMethod.java:47)
	at org.junit.internal.runners.model.ReflectiveCallable.run(ReflectiveCallable.java:12)
	at org.junit.runners.model.FrameworkMethod.invokeExplosively(FrameworkMethod.java:44)
	at org.junit.internal.runners.statements.InvokeMethod.evaluate(InvokeMethod.java:17)
	at org.junit.internal.runners.statements.RunBefores.evaluate(RunBefores.java:26)
	at org.springframework.test.context.junit4.statements.RunBeforeTestMethodCallbacks.evaluate(RunBeforeTestMethodCallbacks.java:74)
	at org.junit.internal.runners.statements.RunAfters.evaluate(RunAfters.java:27)
	at org.springframework.test.context.junit4.statements.RunAfterTestMethodCallbacks.evaluate(RunAfterTestMethodCallbacks.java:83)
	at org.springframework.test.context.junit4.statements.SpringRepeat.evaluate(SpringRepeat.java:72)
	at org.springframework.test.context.junit4.SpringJUnit4ClassRunner.runChild(SpringJUnit4ClassRunner.java:233)
	at org.springframework.test.context.junit4.SpringJUnit4ClassRunner.runChild(SpringJUnit4ClassRunner.java:87)
	at org.junit.runners.ParentRunner$3.run(ParentRunner.java:238)
	at org.junit.runners.ParentRunner$1.schedule(ParentRunner.java:63)
	at org.junit.runners.ParentRunner.runChildren(ParentRunner.java:236)
	at org.junit.runners.ParentRunner.access$000(ParentRunner.java:53)
	at org.junit.runners.ParentRunner$2.evaluate(ParentRunner.java:229)
	at org.junit.internal.runners.statements.RunBefores.evaluate(RunBefores.java:26)
	at org.springframework.test.context.junit4.statements.RunBeforeTestClassCallbacks.evaluate(RunBeforeTestClassCallbacks.java:61)
	at org.springframework.test.context.junit4.statements.RunAfterTestClassCallbacks.evaluate(RunAfterTestClassCallbacks.java:71)
	at org.junit.runners.ParentRunner.run(ParentRunner.java:309)
	at org.springframework.test.context.junit4.SpringJUnit4ClassRunner.run(SpringJUnit4ClassRunner.java:176)
	at org.gradle.api.internal.tasks.testing.junit.JUnitTestClassExecuter.runTestClass(JUnitTestClassExecuter.java:86)
	at org.gradle.api.internal.tasks.testing.junit.JUnitTestClassExecuter.execute(JUnitTestClassExecuter.java:49)
	at org.gradle.api.internal.tasks.testing.junit.JUnitTestClassProcessor.processTestClass(JUnitTestClassProcessor.java:64)
	at org.gradle.api.internal.tasks.testing.SuiteTestClassProcessor.processTestClass(SuiteTestClassProcessor.java:50)
	at sun.reflect.NativeMethodAccessorImpl.invoke0(Native Method)
	at sun.reflect.NativeMethodAccessorImpl.invoke(NativeMethodAccessorImpl.java:57)
	at sun.reflect.DelegatingMethodAccessorImpl.invoke(DelegatingMethodAccessorImpl.java:43)
	at java.lang.reflect.Method.invoke(Method.java:606)
	at org.gradle.messaging.dispatch.ReflectionDispatch.dispatch(ReflectionDispatch.java:35)
	at org.gradle.messaging.dispatch.ReflectionDispatch.dispatch(ReflectionDispatch.java:24)
	at org.gradle.messaging.dispatch.ContextClassLoaderDispatch.dispatch(ContextClassLoaderDispatch.java:32)
	at org.gradle.messaging.dispatch.ProxyDispatchAdapter$DispatchingInvocationHandler.invoke(ProxyDispatchAdapter.java:93)
	at com.sun.proxy.$Proxy2.processTestClass(Unknown Source)
	at org.gradle.api.internal.tasks.testing.worker.TestWorker.processTestClass(TestWorker.java:106)
	at sun.reflect.NativeMethodAccessorImpl.invoke0(Native Method)
	at sun.reflect.NativeMethodAccessorImpl.invoke(NativeMethodAccessorImpl.java:57)
	at sun.reflect.DelegatingMethodAccessorImpl.invoke(DelegatingMethodAccessorImpl.java:43)
	at java.lang.reflect.Method.invoke(Method.java:606)
	at org.gradle.messaging.dispatch.ReflectionDispatch.dispatch(ReflectionDispatch.java:35)
	at org.gradle.messaging.dispatch.ReflectionDispatch.dispatch(ReflectionDispatch.java:24)
	at org.gradle.messaging.remote.internal.hub.MessageHub$Handler.run(MessageHub.java:360)
	at org.gradle.internal.concurrent.DefaultExecutorFactory$StoppableExecutorImpl$1.run(DefaultExecutorFactory.java:64)
	at java.util.concurrent.ThreadPoolExecutor.runWorker(ThreadPoolExecutor.java:1145)
	at java.util.concurrent.ThreadPoolExecutor$Worker.run(ThreadPoolExecutor.java:615)
	at java.lang.Thread.run(Thread.java:745)
]]></system-err>
</testsuite>
