<?xml version="1.0" encoding="UTF-8"?>
<testsuite name="com.app.server.service.appbasicsetup.userrolemanagement.UserRoleBridgeTestCase" tests="7" skipped="0" failures="0" errors="0" timestamp="2016-05-12T12:18:58" hostname="b40a85e2e29a" time="0.455">
  <properties/>
  <testcase name="test1Save" classname="com.app.server.service.appbasicsetup.userrolemanagement.UserRoleBridgeTestCase" time="0.198"/>
  <testcase name="test2Update" classname="com.app.server.service.appbasicsetup.userrolemanagement.UserRoleBridgeTestCase" time="0.018"/>
  <testcase name="test3FindById" classname="com.app.server.service.appbasicsetup.userrolemanagement.UserRoleBridgeTestCase" time="0.009"/>
  <testcase name="test3findByroleId" classname="com.app.server.service.appbasicsetup.userrolemanagement.UserRoleBridgeTestCase" time="0.011"/>
  <testcase name="test3findByuserId" classname="com.app.server.service.appbasicsetup.userrolemanagement.UserRoleBridgeTestCase" time="0.012"/>
  <testcase name="test5NegativeTesting" classname="com.app.server.service.appbasicsetup.userrolemanagement.UserRoleBridgeTestCase" time="0.005"/>
  <testcase name="test6Delete" classname="com.app.server.service.appbasicsetup.userrolemanagement.UserRoleBridgeTestCase" time="0.2"/>
  <system-out><![CDATA[Thu May 12 12:18:58 UTC 2016|Log Manager Factory|Initialization Process started.....
Thu May 12 12:18:58 UTC 2016|Log Manager|Initialized with Path = [/home/applifire/workspace/newpro/src/main/webapp/WEB-INF/conf]
Thu May 12 12:18:58 UTC 2016|Alarm Manager|Initialized with Path = [/home/applifire/workspace/newpro/src/main/webapp/WEB-INF/conf]
Thu May 12 12:18:58 UTC 2016|Alarm Manager|Loading Alarms ......
Thu May 12 12:18:58 UTC 2016|Alarm XML Parser|FWA|XML Parsing Complete........ 
Thu May 12 12:18:58 UTC 2016|Alarm File Manager|FWA|Alarm File Status.. [ApplicationFrameworkAlarms.xml]|Version=15|Status=Done 
Thu May 12 12:18:58 UTC 2016|Alarm File Manager|FWA|Alarm Stats = ( BC/AL=4/374 SYS=4/9 [374/0]  TPL=0/0 [0/0]  APP= A.Map=[453]  E.Map EC/RC=[151/40] )
Thu May 12 12:18:58 UTC 2016|Alarm XML Parser|APP|XML Parsing Complete........ 
Thu May 12 12:18:58 UTC 2016|Alarm File Manager|APP|Alarm File Status.. [ApplicationAlarms.xml]|Version=1|Status=Done 
Thu May 12 12:18:58 UTC 2016|Alarm File Manager|APP|Alarm Stats = ( BC/AL=4/374 SYS=4/9 [374/0]  TPL=0/0 [0/0]  APP=0/0 [0/0]  A.Map=[453]  E.Map EC/RC=[151/40] )
Thu May 12 12:18:58 UTC 2016|ApplicationAlarmContext| <><><><><> Create App Alarms ....  <><><><><> 
Thu May 12 12:18:58 UTC 2016|ApplicationAlarmContext|Alarms are generated ONLY in Development Mode.. 
Thu May 12 12:18:58 UTC 2016|Alarm Manager|APP|Alarm Stats = ( BC/AL=4/374 SYS=4/9 [374/0]  TPL=0/0 [0/0]  APP=0/0 [0/0]  A.Map=[453]  E.Map EC/RC=[151/40] )
Thu May 12 12:18:58 UTC 2016|Alarm Manager|Initialized Exception Lookup...
Thu May 12 12:18:58 UTC 2016|Log Manager|Initialize Log Config File ......
Thu May 12 12:18:58 UTC 2016|Pluggable Connectors|Adding Connectors : StandardOutputConnector isEnabled=true isDefault=false isFallBack=true
Thu May 12 12:18:58 UTC 2016|Pluggable Connectors|Adding Connectors : StandardFileConnector isEnabled=true isDefault=false isFallBack=false
Thu May 12 12:18:58 UTC 2016|Pluggable Connectors|Adding Connectors : Sprinkler isEnabled=true isDefault=true isFallBack=false
Thu May 12 12:18:58 UTC 2016|Pluggable Connectors|Default Connector Name : com.spartan.logger.core.LogMessenger
Thu May 12 12:18:58 UTC 2016|Log Config Parser|Connector Least Log Level =[4]  FallBack Log Level =[3]
Thu May 12 12:18:58 UTC 2016|Log Manager|Loading Default Connector for Logging ......
Thu May 12 12:18:58 UTC 2016|Log Manager|Loading class .. com.spartan.logger.core.LogMessenger
Thu May 12 12:18:58 UTC 2016|Plugggable Connector|Connector class com.spartan.logger.core.LogMessenger Initialized... @ Log Level = 3
Thu May 12 12:18:58 UTC 2016|Log Manager|Starting the Default Connector [com.spartan.logger.core.LogMessenger@6d41c14b] ....
Thu May 12 12:18:58 UTC 2016|Scheduler|Starting the Scheduler ......
Thu May 12 12:18:58 UTC 2016|Scheduler|Adding [LMID=[2ea0b183-efd9-437c-b766-385d1d778e2e]] Delay=5 Time Unit=MINUTES
Thu May 12 12:18:58 UTC 2016|Scheduler|Adding [App Alarm Manager File=[ApplicationAlarms.xml]] Delay=30 Time Unit=MINUTES
Thu May 12 12:18:58 UTC 2016|Scheduler|Adding [FW Alarm Manager File=[ApplicationFrameworkAlarms.xml]] Delay=3 Time Unit=MINUTES
Thu May 12 12:18:58 UTC 2016|Scheduler|Startup Completed..
Thu May 12 12:18:58 UTC 2016|Log Manager|Initialization Process Complete ......
Thu May 12 12:18:58 UTC 2016|Log Manager Factory|Log Manager READY! ID = 2ea0b183-efd9-437c-b766-385d1d778e2e
Thu May 12 12:18:58 UTC 2016|Unknown Alarm = ABSUM317100100 Alarm Split = ABS-UM-3-1-7-100-100
[EL Fine]: sql: 2016-05-12 12:18:58.887--ClientSession(1456432802)--Connection(1883445752)--Thread(Thread[Test worker,5,main])--INSERT INTO ast_UserAccessLevel_M (userAccessLevelId, levelDescription, levelHelp, levelIcon, levelName, userAccessLevel, versionId, createdBy, createdDate, updatedBy, updatedDate, activeStatus, txnAccessCode) VALUES (?, ?, ?, ?, ?, ?, ?, ?, ?, ?, ?, ?, ?)
	bind => [65C454A0-BC2E-482B-A9A5-1E093995CE5D, E4KQt9sJa5EcJInrigr62HpzdSD1UtiJCF22BJWm956rDIo3fB, ABcuOfnhP1isUS60hQp05hElBp26CXtt8gx6siAmp17qqrBRro, 3Bu7kHF9ksxtA9KA5wMX0aNk3x1MXOIKz1WNjh6g3Wq5Z5UtND, 9poLhqyRk0FlzlzfSu2ZOsTjHleZm7CeDqMQ4e5OS6K4lYSLNX, 28711, 1, AAAAA, 2016-05-12 12:18:58.88, AAAAA, 2016-05-12 12:18:58.88, 1, 51000]
Thu May 12 12:18:58 UTC 2016|Unknown Alarm = ABSUM317100100 Alarm Split = ABS-UM-3-1-7-100-100
[EL Fine]: sql: 2016-05-12 12:18:58.905--ClientSession(1715995214)--Connection(1883445752)--Thread(Thread[Test worker,5,main])--INSERT INTO ast_UserAccessDomain_M (userAccessDomainId, domainDescription, domainHelp, domainIcon, domainName, userAccessDomain, versionId, createdBy, createdDate, updatedBy, updatedDate, activeStatus, txnAccessCode) VALUES (?, ?, ?, ?, ?, ?, ?, ?, ?, ?, ?, ?, ?)
	bind => [3DC56DCC-44E8-4A00-A65C-3EB61946A693, HHU7LlAx1xB3eo2PAlbZLjKUc4OGPccZYsll4Pc9cX5qdi6gfy, o1pn22wXSgVxGemQf3jLaw8klYz1fZs7omln8keYhiyXlCVkaM, ULR4mcqncRqpfHifwibNLNJABKZWnWY1i7HbJd9QFBpx06cNaz, 1seWOzEKSIwPBNrD59vzsZE0ZTcQTtsdPVumi34AwqAeppVghh, 57413, 1, AAAAA, 2016-05-12 12:18:58.899, AAAAA, 2016-05-12 12:18:58.899, 1, 51000]
Thu May 12 12:18:58 UTC 2016|Unknown Alarm = ABSUM317100100 Alarm Split = ABS-UM-3-1-7-100-100
[EL Fine]: sql: 2016-05-12 12:18:58.923--ClientSession(435945316)--Connection(1883445752)--Thread(Thread[Test worker,5,main])--INSERT INTO ast_Question_M (questionId, levelid, question, questionDetails, questionIcon, versionId, createdBy, createdDate, updatedBy, updatedDate, activeStatus, txnAccessCode) VALUES (?, ?, ?, ?, ?, ?, ?, ?, ?, ?, ?, ?)
	bind => [5459F0D7-5592-4195-948D-02B6132A9223, 3, igNJ5sKiaauNOeuKlj8dlP7gZQ69YlfFT9vYbxFWK6Bqp8tOwo, dDkG1BxJ85, JKWvYRBxHSOlgy47PoTuDnVo2nsQQ0yD72BDg3nQidOXpHdUSX, 1, AAAAA, 2016-05-12 12:18:58.919, AAAAA, 2016-05-12 12:18:58.919, 1, 51000]
Thu May 12 12:18:58 UTC 2016|Unknown Alarm = ABSUM317100100 Alarm Split = ABS-UM-3-1-7-100-100
[EL Fine]: sql: 2016-05-12 12:18:58.949--ClientSession(569645761)--Connection(1883445752)--Thread(Thread[Test worker,5,main])--INSERT INTO ast_User_T (userId, allowMultipleLogin, changePasswordNextLogin, genTempOneTimePassword, isDeleted, isLocked, lastPasswordChangeDate, multiFactorAuthEnabled, passwordAlgo, passwordExpiryDate, sessionTimeout, userAccessCode, userAccessDomainId, userAccessLevelId, versionId, createdBy, createdDate, updatedBy, updatedDate, activeStatus, txnAccessCode) VALUES (?, ?, ?, ?, ?, ?, ?, ?, ?, ?, ?, ?, ?, ?, ?, ?, ?, ?, ?, ?, ?)
	bind => [0AEE1832-2E28-4C00-A80A-5E00357F098F, 1, 1, 1, 1, 1, 2016-05-12 10:21:02.434, 1, 8S5qjvAjvK8IDOXDt6yN3ThwqHFaKNu1Ytvgn2tE7ZHMH7SiVm, 2016-05-12 10:21:02.434, 2110, 30630, 3DC56DCC-44E8-4A00-A65C-3EB61946A693, 65C454A0-BC2E-482B-A9A5-1E093995CE5D, 1, AAAAA, 2016-05-12 12:18:58.88, AAAAA, 2016-05-12 12:18:58.88, 1, 51000]
[EL Fine]: sql: 2016-05-12 12:18:58.95--ClientSession(569645761)--Connection(1883445752)--Thread(Thread[Test worker,5,main])--INSERT INTO ast_PassRecovery_TP (passRecoveryId, answer, questionId, versionId, createdBy, createdDate, updatedBy, updatedDate, activeStatus, txnAccessCode, userId) VALUES (?, ?, ?, ?, ?, ?, ?, ?, ?, ?, ?)
	bind => [007E9B52-E089-48DD-9798-EE4795E4EAB0, 9UsyVimcj4m6ofl5bHMSLmaIme1CY1NhaOAYu8YLHi7N8YsuAu, 5459F0D7-5592-4195-948D-02B6132A9223, 1, AAAAA, 2016-05-12 12:18:58.919, AAAAA, 2016-05-12 12:18:58.919, 1, 51000, 0AEE1832-2E28-4C00-A80A-5E00357F098F]
[EL Fine]: sql: 2016-05-12 12:18:58.951--ClientSession(569645761)--Connection(1883445752)--Thread(Thread[Test worker,5,main])--INSERT INTO ast_UserData_TP (userDataId, last5Passwords, oneTimePassword, oneTimePasswordExpiry, oneTimePasswordGenDate, password, versionId, createdBy, createdDate, updatedBy, updatedDate, activeStatus, txnAccessCode, userId) VALUES (?, ?, ?, ?, ?, ?, ?, ?, ?, ?, ?, ?, ?, ?)
	bind => [B062983B-4874-4EF8-B08D-70C559164766, qe3Hlna4P2pjfdTgIvibwoNo8xVqLxb1rE83dydfqF0nw678iX, c3UHIul5W8oU5I6M2ZWPEuV9gbG8wo4l, 2, 2016-05-12 10:21:02.749, EQjQnFUzlGPJHYJpFIzYUY45PFdDTLReyRhH6K7Y1gCWGN97tu, 1, AAAAA, 2016-05-12 12:18:58.941, AAAAA, 2016-05-12 12:18:58.941, 1, 51000, 0AEE1832-2E28-4C00-A80A-5E00357F098F]
[EL Fine]: sql: 2016-05-12 12:18:58.968--ClientSession(2041842170)--Connection(1883445752)--Thread(Thread[Test worker,5,main])--INSERT INTO ast_Roles_T (roleId, RoleDescription, roleHelp, RoleIcon, RoleName, versionId, createdBy, createdDate, updatedBy, updatedDate, activeStatus, txnAccessCode) VALUES (?, ?, ?, ?, ?, ?, ?, ?, ?, ?, ?, ?)
	bind => [C337EAAD-4D8A-4BF1-8708-7F5637214083, 0dzc5iwms1BlNQ8aLwOf6LiE2qcCFVS5M50A6nzdpwujmnl52e, lqbKM9r4NfltbmPFSPaun0chxEDXPEMpn64abKionGcR3hqYem, 7MCHEe1yZRroHBIcY0YAP2SzsJK2pZAn0YAhWG6chIXDKnaJbV, AcYHSBEWISJLQm1IvzvKsvsuIpW8wT1SqXSp0POVbYrRq4s8y9, 1, AAAAA, 2016-05-12 12:18:58.961, AAAAA, 2016-05-12 12:18:58.961, 1, 51000]
Setting logged in user info for ADD
[EL Fine]: sql: 2016-05-12 12:18:58.99--ClientSession(554487873)--Connection(1883445752)--Thread(Thread[Test worker,5,main])--INSERT INTO ast_UserRoleBridge_T (roleUserMapId, roleId, userId, versionId, createdBy, createdDate, updatedBy, updatedDate, activeStatus, txnAccessCode) VALUES (?, ?, ?, ?, ?, ?, ?, ?, ?, ?)
	bind => [3EE7A7DE-EA15-4D3D-BA00-89F40B1332B2, C337EAAD-4D8A-4BF1-8708-7F5637214083, 0AEE1832-2E28-4C00-A80A-5E00357F098F, 1, AAAAA, 2016-05-12 12:18:58.982, AAAAA, 2016-05-12 12:18:58.982, 1, 51000]
[EL Fine]: sql: 2016-05-12 12:18:59.045--ClientSession(650560935)--Connection(1883445752)--Thread(Thread[Test worker,5,main])--SELECT roleUserMapId, roleId, userId, versionId, createdBy, createdDate, updatedBy, updatedDate, activeStatus, txnAccessCode FROM ast_UserRoleBridge_T WHERE ((activeStatus = ?) AND (roleUserMapId = ?))
	bind => [1, 3EE7A7DE-EA15-4D3D-BA00-89F40B1332B2]
Setting logged in user info for UPDATE
[EL Fine]: sql: 2016-05-12 12:18:59.051--ClientSession(603861848)--Connection(1883445752)--Thread(Thread[Test worker,5,main])--SELECT roleUserMapId, roleId, userId, versionId, createdBy, createdDate, updatedBy, updatedDate, activeStatus, txnAccessCode FROM ast_UserRoleBridge_T WHERE (roleUserMapId = ?)
	bind => [3EE7A7DE-EA15-4D3D-BA00-89F40B1332B2]
[EL Fine]: sql: 2016-05-12 12:18:59.061--ClientSession(482895489)--Connection(1883445752)--Thread(Thread[Test worker,5,main])--SELECT roleUserMapId, roleId, userId, versionId, createdBy, createdDate, updatedBy, updatedDate, activeStatus, txnAccessCode FROM ast_UserRoleBridge_T WHERE ((activeStatus = ?) AND (roleUserMapId = ?))
	bind => [1, 3EE7A7DE-EA15-4D3D-BA00-89F40B1332B2]
[EL Fine]: sql: 2016-05-12 12:18:59.07--ClientSession(1688875996)--Connection(1883445752)--Thread(Thread[Test worker,5,main])--SELECT roleUserMapId, roleId, userId, versionId, createdBy, createdDate, updatedBy, updatedDate, activeStatus, txnAccessCode FROM ast_UserRoleBridge_T WHERE ((activeStatus = ?) AND (roleId = ?))
	bind => [1, C337EAAD-4D8A-4BF1-8708-7F5637214083]
[EL Fine]: sql: 2016-05-12 12:18:59.084--ClientSession(1993850908)--Connection(1883445752)--Thread(Thread[Test worker,5,main])--SELECT roleUserMapId, roleId, userId, versionId, createdBy, createdDate, updatedBy, updatedDate, activeStatus, txnAccessCode FROM ast_UserRoleBridge_T WHERE ((activeStatus = ?) AND (userId = ?))
	bind => [1, 0AEE1832-2E28-4C00-A80A-5E00357F098F]
[EL Fine]: sql: 2016-05-12 12:18:59.098--ClientSession(2075876585)--Connection(1883445752)--Thread(Thread[Test worker,5,main])--SELECT roleUserMapId, roleId, userId, versionId, createdBy, createdDate, updatedBy, updatedDate, activeStatus, txnAccessCode FROM ast_UserRoleBridge_T WHERE (roleUserMapId = ?)
	bind => [3EE7A7DE-EA15-4D3D-BA00-89F40B1332B2]
[EL Fine]: sql: 2016-05-12 12:18:59.1--ClientSession(2075876585)--Connection(1883445752)--Thread(Thread[Test worker,5,main])--DELETE FROM ast_UserRoleBridge_T WHERE ((roleUserMapId = ?) AND (versionId = ?))
	bind => [3EE7A7DE-EA15-4D3D-BA00-89F40B1332B2, 1]
[EL Fine]: sql: 2016-05-12 12:18:59.14--ClientSession(951591018)--Connection(1883445752)--Thread(Thread[Test worker,5,main])--SELECT roleId, RoleDescription, roleHelp, RoleIcon, RoleName, versionId, createdBy, createdDate, updatedBy, updatedDate, activeStatus, txnAccessCode FROM ast_Roles_T WHERE (roleId = ?)
	bind => [C337EAAD-4D8A-4BF1-8708-7F5637214083]
[EL Fine]: sql: 2016-05-12 12:18:59.142--ClientSession(951591018)--Connection(1883445752)--Thread(Thread[Test worker,5,main])--SELECT roleMenuMapId, isExecute, isRead, isWrite, menuId, versionId, createdBy, createdDate, updatedBy, updatedDate, activeStatus, txnAccessCode, roleId FROM ast_RoleMenuBridge_TP WHERE (roleId = ?)
	bind => [C337EAAD-4D8A-4BF1-8708-7F5637214083]
[EL Fine]: sql: 2016-05-12 12:18:59.147--ClientSession(951591018)--Connection(1883445752)--Thread(Thread[Test worker,5,main])--DELETE FROM ast_Roles_T WHERE ((roleId = ?) AND (versionId = ?))
	bind => [C337EAAD-4D8A-4BF1-8708-7F5637214083, 1]
[EL Fine]: sql: 2016-05-12 12:18:59.202--ClientSession(1340321811)--Connection(1883445752)--Thread(Thread[Test worker,5,main])--SELECT userId, allowMultipleLogin, changePasswordNextLogin, genTempOneTimePassword, isDeleted, isLocked, lastPasswordChangeDate, multiFactorAuthEnabled, passwordAlgo, passwordExpiryDate, sessionTimeout, userAccessCode, userAccessDomainId, userAccessLevelId, versionId, createdBy, createdDate, updatedBy, updatedDate, activeStatus, txnAccessCode FROM ast_User_T WHERE (userId = ?)
	bind => [0AEE1832-2E28-4C00-A80A-5E00357F098F]
[EL Fine]: sql: 2016-05-12 12:18:59.204--ClientSession(1340321811)--Connection(1883445752)--Thread(Thread[Test worker,5,main])--SELECT userDataId, last5Passwords, oneTimePassword, oneTimePasswordExpiry, oneTimePasswordGenDate, password, versionId, createdBy, createdDate, updatedBy, updatedDate, activeStatus, txnAccessCode, userId FROM ast_UserData_TP WHERE (userId = ?)
	bind => [0AEE1832-2E28-4C00-A80A-5E00357F098F]
[EL Fine]: sql: 2016-05-12 12:18:59.205--ClientSession(1340321811)--Connection(1883445752)--Thread(Thread[Test worker,5,main])--SELECT passRecoveryId, answer, questionId, versionId, createdBy, createdDate, updatedBy, updatedDate, activeStatus, txnAccessCode, userId FROM ast_PassRecovery_TP WHERE (userId = ?)
	bind => [0AEE1832-2E28-4C00-A80A-5E00357F098F]
Thu May 12 12:18:59 UTC 2016|Unknown Alarm = ABSUM317100100 Alarm Split = ABS-UM-3-1-7-100-100
[EL Fine]: sql: 2016-05-12 12:18:59.208--ClientSession(1340321811)--Connection(1883445752)--Thread(Thread[Test worker,5,main])--DELETE FROM ast_UserData_TP WHERE ((userDataId = ?) AND (versionId = ?))
	bind => [B062983B-4874-4EF8-B08D-70C559164766, 1]
[EL Fine]: sql: 2016-05-12 12:18:59.209--ClientSession(1340321811)--Connection(1883445752)--Thread(Thread[Test worker,5,main])--DELETE FROM ast_PassRecovery_TP WHERE ((passRecoveryId = ?) AND (versionId = ?))
	bind => [007E9B52-E089-48DD-9798-EE4795E4EAB0, 1]
[EL Fine]: sql: 2016-05-12 12:18:59.21--ClientSession(1340321811)--Connection(1883445752)--Thread(Thread[Test worker,5,main])--DELETE FROM ast_User_T WHERE ((userId = ?) AND (versionId = ?))
	bind => [0AEE1832-2E28-4C00-A80A-5E00357F098F, 1]
[EL Fine]: sql: 2016-05-12 12:18:59.222--ClientSession(1237814144)--Connection(1883445752)--Thread(Thread[Test worker,5,main])--SELECT questionId, levelid, question, questionDetails, questionIcon, versionId, createdBy, createdDate, updatedBy, updatedDate, activeStatus, txnAccessCode FROM ast_Question_M WHERE (questionId = ?)
	bind => [5459F0D7-5592-4195-948D-02B6132A9223]
Thu May 12 12:18:59 UTC 2016|Unknown Alarm = ABSUM317100100 Alarm Split = ABS-UM-3-1-7-100-100
[EL Fine]: sql: 2016-05-12 12:18:59.225--ClientSession(1237814144)--Connection(1883445752)--Thread(Thread[Test worker,5,main])--DELETE FROM ast_Question_M WHERE ((questionId = ?) AND (versionId = ?))
	bind => [5459F0D7-5592-4195-948D-02B6132A9223, 1]
[EL Fine]: sql: 2016-05-12 12:18:59.236--ClientSession(1915290454)--Connection(1883445752)--Thread(Thread[Test worker,5,main])--SELECT userAccessDomainId, domainDescription, domainHelp, domainIcon, domainName, userAccessDomain, versionId, createdBy, createdDate, updatedBy, updatedDate, activeStatus, txnAccessCode FROM ast_UserAccessDomain_M WHERE (userAccessDomainId = ?)
	bind => [3DC56DCC-44E8-4A00-A65C-3EB61946A693]
Thu May 12 12:18:59 UTC 2016|Unknown Alarm = ABSUM317100100 Alarm Split = ABS-UM-3-1-7-100-100
[EL Fine]: sql: 2016-05-12 12:18:59.238--ClientSession(1915290454)--Connection(1883445752)--Thread(Thread[Test worker,5,main])--DELETE FROM ast_UserAccessDomain_M WHERE ((userAccessDomainId = ?) AND (versionId = ?))
	bind => [3DC56DCC-44E8-4A00-A65C-3EB61946A693, 1]
[EL Fine]: sql: 2016-05-12 12:18:59.247--ClientSession(1664952795)--Connection(1883445752)--Thread(Thread[Test worker,5,main])--SELECT userAccessLevelId, levelDescription, levelHelp, levelIcon, levelName, userAccessLevel, versionId, createdBy, createdDate, updatedBy, updatedDate, activeStatus, txnAccessCode FROM ast_UserAccessLevel_M WHERE (userAccessLevelId = ?)
	bind => [65C454A0-BC2E-482B-A9A5-1E093995CE5D]
Thu May 12 12:18:59 UTC 2016|Unknown Alarm = ABSUM317100100 Alarm Split = ABS-UM-3-1-7-100-100
[EL Fine]: sql: 2016-05-12 12:18:59.249--ClientSession(1664952795)--Connection(1883445752)--Thread(Thread[Test worker,5,main])--DELETE FROM ast_UserAccessLevel_M WHERE ((userAccessLevelId = ?) AND (versionId = ?))
	bind => [65C454A0-BC2E-482B-A9A5-1E093995CE5D, 1]
]]></system-out>
  <system-err><![CDATA[]]></system-err>
</testsuite>
