<?xml version="1.0" encoding="UTF-8"?>
<testsuite name="com.app.server.service.organization.locationmanagement.CityTestCase" tests="7" skipped="0" failures="0" errors="0" timestamp="2016-05-05T11:43:39" hostname="bb2aa222972f" time="0.455">
  <properties/>
  <testcase name="test1Save" classname="com.app.server.service.organization.locationmanagement.CityTestCase" time="0.166"/>
  <testcase name="test2Update" classname="com.app.server.service.organization.locationmanagement.CityTestCase" time="0.049"/>
  <testcase name="test3FindById" classname="com.app.server.service.organization.locationmanagement.CityTestCase" time="0.012"/>
  <testcase name="test3findBycountryId" classname="com.app.server.service.organization.locationmanagement.CityTestCase" time="0.013"/>
  <testcase name="test3findBystateId" classname="com.app.server.service.organization.locationmanagement.CityTestCase" time="0.013"/>
  <testcase name="test5NegativeTesting" classname="com.app.server.service.organization.locationmanagement.CityTestCase" time="0.046"/>
  <testcase name="test6Delete" classname="com.app.server.service.organization.locationmanagement.CityTestCase" time="0.154"/>
  <system-out><![CDATA[Thu May 05 11:43:39 UTC 2016|Log Manager Factory|Initialization Process started.....
Thu May 05 11:43:39 UTC 2016|Log Manager|Initialized with Path = [/home/applifire/workspace/testlic1/src/main/webapp/WEB-INF/conf/]
Thu May 05 11:43:39 UTC 2016|Alarm Manager|Initialized with Path = [/home/applifire/workspace/testlic1/src/main/webapp/WEB-INF/conf/]
Thu May 05 11:43:39 UTC 2016|Alarm Manager|Loading Alarms ......
Thu May 05 11:43:39 UTC 2016|Alarm XML Parser|FWA|XML Parsing Complete........ 
Thu May 05 11:43:39 UTC 2016|Alarm File Manager|FWA|Alarm File Status.. [ApplicationFrameworkAlarms.xml]|Version=13|Status=Done 
Thu May 05 11:43:39 UTC 2016|Alarm File Manager|FWA|Alarm Stats = ( BC/AL=4/242 SYS=4/9 [242/0]  TPL=0/0 [0/0]  APP= A.Map=[320]  E.Map EC/RC=[3/0] )
Thu May 05 11:43:39 UTC 2016|Alarm XML Parser|APP|XML Parsing Complete........ 
Thu May 05 11:43:39 UTC 2016|Alarm File Manager|APP|Alarm File Status.. [ApplicationAlarms.xml]|Version=1|Status=Done 
Thu May 05 11:43:39 UTC 2016|Alarm File Manager|APP|Alarm Stats = ( BC/AL=4/242 SYS=4/9 [242/0]  TPL=0/0 [0/0]  APP=0/0 [0/0]  A.Map=[320]  E.Map EC/RC=[3/0] )
Thu May 05 11:43:39 UTC 2016|ApplicationAlarmContext| <><><><><> Create App Alarms ....  <><><><><> 
Thu May 05 11:43:39 UTC 2016|ApplicationAlarmContext|Alarms are generated ONLY in Development Mode.. 
Thu May 05 11:43:39 UTC 2016|Alarm Manager|APP|Alarm Stats = ( BC/AL=4/242 SYS=4/9 [242/0]  TPL=0/0 [0/0]  APP=0/0 [0/0]  A.Map=[320]  E.Map EC/RC=[3/0] )
Thu May 05 11:43:39 UTC 2016|Alarm Manager|Initialized Exception Lookup...
Thu May 05 11:43:39 UTC 2016|Log Manager|Initialize Log Config File ......
Thu May 05 11:43:39 UTC 2016|Pluggable Connectors|Adding Connectors : StandardOutputConnector isEnabled=true isDefault=false isFallBack=true
Thu May 05 11:43:39 UTC 2016|Pluggable Connectors|Adding Connectors : StandardFileConnector isEnabled=true isDefault=false isFallBack=false
Thu May 05 11:43:39 UTC 2016|Pluggable Connectors|Adding Connectors : Sprinkler isEnabled=true isDefault=true isFallBack=false
Thu May 05 11:43:39 UTC 2016|Pluggable Connectors|Default Connector Name : com.spartan.logger.core.LogMessenger
Thu May 05 11:43:39 UTC 2016|Log Config Parser|Connector Least Log Level =[4]  FallBack Log Level =[3]
Thu May 05 11:43:39 UTC 2016|Log Manager|Loading Default Connector for Logging ......
Thu May 05 11:43:39 UTC 2016|Log Manager|Loading class .. com.spartan.logger.core.LogMessenger
Thu May 05 11:43:39 UTC 2016|Plugggable Connector|Connector class com.spartan.logger.core.LogMessenger Initialized... @ Log Level = 3
Thu May 05 11:43:39 UTC 2016|Log Manager|Starting the Default Connector [com.spartan.logger.core.LogMessenger@27e0eb12] ....
Thu May 05 11:43:39 UTC 2016|Scheduler|Starting the Scheduler ......
Thu May 05 11:43:39 UTC 2016|Scheduler|Adding [LMID=[82be86dd-7673-468f-9a44-1b509fca7c63]] Delay=5 Time Unit=MINUTES
Thu May 05 11:43:39 UTC 2016|Scheduler|Adding [App Alarm Manager File=[ApplicationAlarms.xml]] Delay=30 Time Unit=MINUTES
Thu May 05 11:43:39 UTC 2016|Scheduler|Adding [FW Alarm Manager File=[ApplicationFrameworkAlarms.xml]] Delay=3 Time Unit=MINUTES
Thu May 05 11:43:39 UTC 2016|Scheduler|Startup Completed..
Thu May 05 11:43:39 UTC 2016|Log Manager|Initialization Process Complete ......
Thu May 05 11:43:39 UTC 2016|Log Manager Factory|Log Manager READY! ID = 82be86dd-7673-468f-9a44-1b509fca7c63
[EL Fine]: sql: 2016-05-05 11:43:39.174--ClientSession(1703828544)--Connection(842461350)--Thread(Thread[Test worker,5,main])--INSERT INTO ast_Country_M (countryId, capital, capitalLatitude, capitalLongitude, countryCode1, countryCode2, countryFlag, countryName, currencyCode, currencyName, currencySymbol, isoNumeric, versionId, createdBy, createdDate, updatedBy, updatedDate, activeStatus, txnAccessCode) VALUES (?, ?, ?, ?, ?, ?, ?, ?, ?, ?, ?, ?, ?, ?, ?, ?, ?, ?, ?)
	bind => [66F2CB1B-A4BA-4A19-AAE1-2B3C795D8DDB, UyaTdn7NmFytlP6eVXIFb9r2fUZHrh4J, 4, 1, GSy, VAo, ohefCjEfINhnUalMbJhHIY265RIX9qMM2byM0cGgHYvscyVEeS, BHKdfVkqduXPeIVOgcxzbWK49hlrQlye0AzbF0pXouuQVIjOif, cRk, uk6WjQUUCwVIUEUpt8hbdJmDiKuJ5CPmfiu3hWLpQf5PTEuWaM, gody1yzWdcMtPcP41oW0QL2sVCnCaVsS, 595, 1, AAAAA, 2016-05-05 11:43:39.17, AAAAA, 2016-05-05 11:43:39.17, 1, 51000]
[EL Fine]: sql: 2016-05-05 11:43:39.219--ClientSession(605986977)--Connection(842461350)--Thread(Thread[Test worker,5,main])--INSERT INTO ast_State_M (stateId, countryId, stateCapital, stateCapitalLatitude, stateCapitalLongitude, stateCode, stateCodeChar2, stateCodeChar3, stateDescription, stateFlag, stateName, versionId, createdBy, createdDate, updatedBy, updatedDate, activeStatus, txnAccessCode) VALUES (?, ?, ?, ?, ?, ?, ?, ?, ?, ?, ?, ?, ?, ?, ?, ?, ?, ?)
	bind => [C8A54EFD-0B1C-44D1-BD19-F6A27E493E21, 66F2CB1B-A4BA-4A19-AAE1-2B3C795D8DDB, oYMy8eSFQ9YSXJhF9H9pSFJo0O1uszGmP5Udl6TfJCgfgFqmJY, 5, 11, 2, vNskuU2tJ3H0FXTuGQLT1VKWQgPSD9v2, yjMe4YfveGjmrISzyDK5egn0bD6EB32T, AxGe0dxMNXyGNLB61CwpKQ4vGZTfivCyOTZv5KiUNOAG1UoMop, vvhNBwYho1sYCmFz4i874Kn3BMibtmSf2Os11Ish0QRmO76SPW, r9Bc56ZV8BeX3LWhNbKNlYG73oEy69hBqaN54PZJZ9xmF1JHyH, 1, AAAAA, 2016-05-05 11:43:39.216, AAAAA, 2016-05-05 11:43:39.216, 1, 51000]
Setting logged in user info for ADD
[EL Fine]: sql: 2016-05-05 11:43:39.287--ClientSession(36035068)--Connection(842461350)--Thread(Thread[Test worker,5,main])--INSERT INTO ast_City_M (cityId, cityCode, cityCodeChar2, cityDescription, cityFlag, cityLatitude, cityLongitude, cityName, countryId, stateId, versionId, createdBy, createdDate, updatedBy, updatedDate, activeStatus, txnAccessCode) VALUES (?, ?, ?, ?, ?, ?, ?, ?, ?, ?, ?, ?, ?, ?, ?, ?, ?)
	bind => [CE3A2859-71D7-43B9-9E11-4AADF27444A6, 3, smyPgJo3R9co06FUIKM1R1mi3l17ccwk, y5fS7Cjd0bdy2K3Ac8ugYgohVpdTYink2jKce8BoUOnLKOjyOa, FMapbDwELx7yuqEpv4Q8Uf7rcDJh4XtSVPbVasSGVUefZ67miO, 4, 1, SxNe27HZgcLaqedozwyZvfIvNorndyLqvBAoZx1m3xiLtdxR75, 66F2CB1B-A4BA-4A19-AAE1-2B3C795D8DDB, C8A54EFD-0B1C-44D1-BD19-F6A27E493E21, 1, AAAAA, 2016-05-05 11:43:39.281, AAAAA, 2016-05-05 11:43:39.281, 1, 51000]
Thu May 05 11:43:39 UTC 2016|Unknown Alarm = ORGLM314100100 Alarm Split = ORG-LM-3-1-4-100-100
[EL Fine]: sql: 2016-05-05 11:43:39.324--ClientSession(1233200008)--Connection(842461350)--Thread(Thread[Test worker,5,main])--SELECT cityId, cityCode, cityCodeChar2, cityDescription, cityFlag, cityLatitude, cityLongitude, cityName, countryId, stateId, versionId, createdBy, createdDate, updatedBy, updatedDate, activeStatus, txnAccessCode FROM ast_City_M WHERE ((activeStatus = ?) AND (cityId = ?))
	bind => [1, CE3A2859-71D7-43B9-9E11-4AADF27444A6]
Thu May 05 11:43:39 UTC 2016|Unknown Alarm = ORGLM314100100 Alarm Split = ORG-LM-3-1-4-100-100
Setting logged in user info for UPDATE
[EL Fine]: sql: 2016-05-05 11:43:39.334--ClientSession(422249258)--Connection(842461350)--Thread(Thread[Test worker,5,main])--SELECT cityId, cityCode, cityCodeChar2, cityDescription, cityFlag, cityLatitude, cityLongitude, cityName, countryId, stateId, versionId, createdBy, createdDate, updatedBy, updatedDate, activeStatus, txnAccessCode FROM ast_City_M WHERE (cityId = ?)
	bind => [CE3A2859-71D7-43B9-9E11-4AADF27444A6]
[EL Fine]: sql: 2016-05-05 11:43:39.337--ClientSession(422249258)--Connection(842461350)--Thread(Thread[Test worker,5,main])--UPDATE ast_City_M SET cityCode = ?, cityCodeChar2 = ?, cityDescription = ?, cityFlag = ?, cityLatitude = ?, cityLongitude = ?, cityName = ?, versionId = ? WHERE ((cityId = ?) AND (versionId = ?))
	bind => [2, uISRwhJYZL18r1dycpViKZVYrAKzJcus, 79M5LzBRJkOG0mqO4ZMSyi7uPwNbKMn98GEx72LoCmXea2FjbA, BMIMYxUf7q3vI1U7b1XLlHCGyRW7FqNGHnWaiCMadCfKSO0g7D, 3, 3, 6rXoP1jH7DSJpM3LOCghHA7tu3iNjGdy4KTy2FmrvN4DBuhxpQ, 2, CE3A2859-71D7-43B9-9E11-4AADF27444A6, 1]
Thu May 05 11:43:39 UTC 2016|Unknown Alarm = ORGLM314100100 Alarm Split = ORG-LM-3-1-4-100-100
[EL Fine]: sql: 2016-05-05 11:43:39.373--ClientSession(892500291)--Connection(842461350)--Thread(Thread[Test worker,5,main])--SELECT cityId, cityCode, cityCodeChar2, cityDescription, cityFlag, cityLatitude, cityLongitude, cityName, countryId, stateId, versionId, createdBy, createdDate, updatedBy, updatedDate, activeStatus, txnAccessCode FROM ast_City_M WHERE ((activeStatus = ?) AND (cityId = ?))
	bind => [1, CE3A2859-71D7-43B9-9E11-4AADF27444A6]
Thu May 05 11:43:39 UTC 2016|Unknown Alarm = ORGLM314100100 Alarm Split = ORG-LM-3-1-4-100-100
Thu May 05 11:43:39 UTC 2016|Unknown Alarm = ORGLM314100100 Alarm Split = ORG-LM-3-1-4-100-100
[EL Fine]: sql: 2016-05-05 11:43:39.386--ClientSession(28919148)--Connection(842461350)--Thread(Thread[Test worker,5,main])--SELECT cityId, cityCode, cityCodeChar2, cityDescription, cityFlag, cityLatitude, cityLongitude, cityName, countryId, stateId, versionId, createdBy, createdDate, updatedBy, updatedDate, activeStatus, txnAccessCode FROM ast_City_M WHERE ((activeStatus = ?) AND (countryId = ?))
	bind => [1, 66F2CB1B-A4BA-4A19-AAE1-2B3C795D8DDB]
Thu May 05 11:43:39 UTC 2016|Unknown Alarm = ORGLM314100100 Alarm Split = ORG-LM-3-1-4-100-100
Thu May 05 11:43:39 UTC 2016|Unknown Alarm = ORGLM314100100 Alarm Split = ORG-LM-3-1-4-100-100
[EL Fine]: sql: 2016-05-05 11:43:39.399--ClientSession(1158174905)--Connection(842461350)--Thread(Thread[Test worker,5,main])--SELECT cityId, cityCode, cityCodeChar2, cityDescription, cityFlag, cityLatitude, cityLongitude, cityName, countryId, stateId, versionId, createdBy, createdDate, updatedBy, updatedDate, activeStatus, txnAccessCode FROM ast_City_M WHERE ((activeStatus = ?) AND (stateId = ?))
	bind => [1, C8A54EFD-0B1C-44D1-BD19-F6A27E493E21]
Thu May 05 11:43:39 UTC 2016|Unknown Alarm = ORGLM314100100 Alarm Split = ORG-LM-3-1-4-100-100
[EL Fine]: sql: 2016-05-05 11:43:39.456--ClientSession(1730537382)--Connection(842461350)--Thread(Thread[Test worker,5,main])--SELECT cityId, cityCode, cityCodeChar2, cityDescription, cityFlag, cityLatitude, cityLongitude, cityName, countryId, stateId, versionId, createdBy, createdDate, updatedBy, updatedDate, activeStatus, txnAccessCode FROM ast_City_M WHERE (cityId = ?)
	bind => [CE3A2859-71D7-43B9-9E11-4AADF27444A6]
[EL Fine]: sql: 2016-05-05 11:43:39.458--ClientSession(1730537382)--Connection(842461350)--Thread(Thread[Test worker,5,main])--DELETE FROM ast_City_M WHERE ((cityId = ?) AND (versionId = ?))
	bind => [CE3A2859-71D7-43B9-9E11-4AADF27444A6, 2]
[EL Fine]: sql: 2016-05-05 11:43:39.522--ClientSession(1379560181)--Connection(842461350)--Thread(Thread[Test worker,5,main])--SELECT stateId, countryId, stateCapital, stateCapitalLatitude, stateCapitalLongitude, stateCode, stateCodeChar2, stateCodeChar3, stateDescription, stateFlag, stateName, versionId, createdBy, createdDate, updatedBy, updatedDate, activeStatus, txnAccessCode FROM ast_State_M WHERE (stateId = ?)
	bind => [C8A54EFD-0B1C-44D1-BD19-F6A27E493E21]
[EL Fine]: sql: 2016-05-05 11:43:39.524--ClientSession(1379560181)--Connection(842461350)--Thread(Thread[Test worker,5,main])--DELETE FROM ast_State_M WHERE ((stateId = ?) AND (versionId = ?))
	bind => [C8A54EFD-0B1C-44D1-BD19-F6A27E493E21, 1]
[EL Fine]: sql: 2016-05-05 11:43:39.57--ClientSession(122012973)--Connection(842461350)--Thread(Thread[Test worker,5,main])--SELECT countryId, capital, capitalLatitude, capitalLongitude, countryCode1, countryCode2, countryFlag, countryName, currencyCode, currencyName, currencySymbol, isoNumeric, versionId, createdBy, createdDate, updatedBy, updatedDate, activeStatus, txnAccessCode FROM ast_Country_M WHERE (countryId = ?)
	bind => [66F2CB1B-A4BA-4A19-AAE1-2B3C795D8DDB]
[EL Fine]: sql: 2016-05-05 11:43:39.572--ClientSession(122012973)--Connection(842461350)--Thread(Thread[Test worker,5,main])--DELETE FROM ast_Country_M WHERE ((countryId = ?) AND (versionId = ?))
	bind => [66F2CB1B-A4BA-4A19-AAE1-2B3C795D8DDB, 1]
]]></system-out>
  <system-err><![CDATA[java.lang.NullPointerException
	at com.spartan.logger.connectors.file.LogFileHandler.writeData(LogFileHandler.java:109)
	at com.spartan.logger.connectors.file.FileConnector.writeData(FileConnector.java:69)
	at com.spartan.logger.connectors.file.FileConnector.writeLog(FileConnector.java:51)
	at com.spartan.logger.core.queue.QueueConsumer.consumeAlarm(QueueConsumer.java:76)
	at com.spartan.logger.core.queue.QueueConsumer.run(QueueConsumer.java:41)
	at java.lang.Thread.run(Thread.java:745)
java.lang.NullPointerException
	at com.spartan.logger.connectors.file.LogFileHandler.writeData(LogFileHandler.java:109)
	at com.spartan.logger.connectors.file.FileConnector.writeData(FileConnector.java:69)
	at com.spartan.logger.connectors.file.FileConnector.writeLog(FileConnector.java:51)
	at com.spartan.logger.core.queue.QueueConsumer.consumeAlarm(QueueConsumer.java:76)
	at com.spartan.logger.core.queue.QueueConsumer.run(QueueConsumer.java:41)
	at java.lang.Thread.run(Thread.java:745)
java.lang.NullPointerException
	at com.spartan.logger.connectors.file.LogFileHandler.writeData(LogFileHandler.java:109)
	at com.spartan.logger.connectors.file.FileConnector.writeData(FileConnector.java:69)
	at com.spartan.logger.connectors.file.FileConnector.writeLog(FileConnector.java:51)
	at com.spartan.logger.core.queue.QueueConsumer.consumeAlarm(QueueConsumer.java:76)
	at com.spartan.logger.core.queue.QueueConsumer.run(QueueConsumer.java:41)
	at java.lang.Thread.run(Thread.java:745)
java.lang.NullPointerException
	at com.spartan.logger.connectors.file.LogFileHandler.writeData(LogFileHandler.java:109)
	at com.spartan.logger.connectors.file.FileConnector.writeData(FileConnector.java:69)
	at com.spartan.logger.connectors.file.FileConnector.writeLog(FileConnector.java:51)
	at com.spartan.logger.core.queue.QueueConsumer.consumeAlarm(QueueConsumer.java:76)
	at com.spartan.logger.core.queue.QueueConsumer.run(QueueConsumer.java:41)
	at java.lang.Thread.run(Thread.java:745)
java.lang.NullPointerException
	at com.spartan.logger.connectors.file.LogFileHandler.writeData(LogFileHandler.java:109)
	at com.spartan.logger.connectors.file.FileConnector.writeData(FileConnector.java:69)
	at com.spartan.logger.connectors.file.FileConnector.writeLog(FileConnector.java:51)
	at com.spartan.logger.core.queue.QueueConsumer.consumeAlarm(QueueConsumer.java:76)
	at com.spartan.logger.core.queue.QueueConsumer.run(QueueConsumer.java:41)
	at java.lang.Thread.run(Thread.java:745)
java.lang.NullPointerException
	at com.spartan.logger.connectors.file.LogFileHandler.writeData(LogFileHandler.java:109)
	at com.spartan.logger.connectors.file.FileConnector.writeData(FileConnector.java:69)
	at com.spartan.logger.connectors.file.FileConnector.writeLog(FileConnector.java:51)
	at com.spartan.logger.core.queue.QueueConsumer.consumeAlarm(QueueConsumer.java:76)
	at com.spartan.logger.core.queue.QueueConsumer.run(QueueConsumer.java:41)
	at java.lang.Thread.run(Thread.java:745)
java.lang.NullPointerException
	at com.spartan.logger.connectors.file.LogFileHandler.writeData(LogFileHandler.java:109)
	at com.spartan.logger.connectors.file.FileConnector.writeData(FileConnector.java:69)
	at com.spartan.logger.connectors.file.FileConnector.writeLog(FileConnector.java:51)
	at com.spartan.logger.core.queue.QueueConsumer.consumeAlarm(QueueConsumer.java:76)
	at com.spartan.logger.core.queue.QueueConsumer.run(QueueConsumer.java:41)
	at java.lang.Thread.run(Thread.java:745)
java.lang.NullPointerException
	at com.spartan.logger.connectors.file.LogFileHandler.writeData(LogFileHandler.java:109)
	at com.spartan.logger.connectors.file.FileConnector.writeData(FileConnector.java:69)
	at com.spartan.logger.connectors.file.FileConnector.writeLog(FileConnector.java:51)
	at com.spartan.logger.core.queue.QueueConsumer.consumeAlarm(QueueConsumer.java:76)
	at com.spartan.logger.core.queue.QueueConsumer.run(QueueConsumer.java:41)
	at java.lang.Thread.run(Thread.java:745)
java.lang.NullPointerException
	at com.spartan.logger.connectors.file.LogFileHandler.writeData(LogFileHandler.java:109)
	at com.spartan.logger.connectors.file.FileConnector.writeData(FileConnector.java:69)
	at com.spartan.logger.connectors.file.FileConnector.writeLog(FileConnector.java:51)
	at com.spartan.logger.core.queue.QueueConsumer.consumeAlarm(QueueConsumer.java:76)
	at com.spartan.logger.core.queue.QueueConsumer.run(QueueConsumer.java:41)
	at java.lang.Thread.run(Thread.java:745)
java.lang.NullPointerException
	at com.spartan.logger.connectors.file.LogFileHandler.writeData(LogFileHandler.java:109)
	at com.spartan.logger.connectors.file.FileConnector.writeData(FileConnector.java:69)
	at com.spartan.logger.connectors.file.FileConnector.writeLog(FileConnector.java:51)
	at com.spartan.logger.core.queue.QueueConsumer.consumeAlarm(QueueConsumer.java:76)
	at com.spartan.logger.core.queue.QueueConsumer.run(QueueConsumer.java:41)
	at java.lang.Thread.run(Thread.java:745)
java.lang.NullPointerException
	at com.spartan.logger.connectors.file.LogFileHandler.writeData(LogFileHandler.java:109)
	at com.spartan.logger.connectors.file.FileConnector.writeData(FileConnector.java:69)
	at com.spartan.logger.connectors.file.FileConnector.writeLog(FileConnector.java:51)
	at com.spartan.logger.core.queue.QueueConsumer.consumeAlarm(QueueConsumer.java:76)
	at com.spartan.logger.core.queue.QueueConsumer.run(QueueConsumer.java:41)
	at java.lang.Thread.run(Thread.java:745)
java.lang.NullPointerException
	at com.spartan.logger.connectors.file.LogFileHandler.writeData(LogFileHandler.java:109)
	at com.spartan.logger.connectors.file.FileConnector.writeData(FileConnector.java:69)
	at com.spartan.logger.connectors.file.FileConnector.writeLog(FileConnector.java:51)
	at com.spartan.logger.core.queue.QueueConsumer.consumeAlarm(QueueConsumer.java:76)
	at com.spartan.logger.core.queue.QueueConsumer.run(QueueConsumer.java:41)
	at java.lang.Thread.run(Thread.java:745)
java.lang.NullPointerException
	at com.spartan.logger.connectors.file.LogFileHandler.writeData(LogFileHandler.java:109)
	at com.spartan.logger.connectors.file.FileConnector.writeData(FileConnector.java:69)
	at com.spartan.logger.connectors.file.FileConnector.writeLog(FileConnector.java:51)
	at com.spartan.logger.core.queue.QueueConsumer.consumeAlarm(QueueConsumer.java:76)
	at com.spartan.logger.core.queue.QueueConsumer.run(QueueConsumer.java:41)
	at java.lang.Thread.run(Thread.java:745)
java.lang.NullPointerException
	at com.spartan.logger.connectors.file.LogFileHandler.writeData(LogFileHandler.java:109)
	at com.spartan.logger.connectors.file.FileConnector.writeData(FileConnector.java:69)
	at com.spartan.logger.connectors.file.FileConnector.writeLog(FileConnector.java:51)
	at com.spartan.logger.core.queue.QueueConsumer.consumeAlarm(QueueConsumer.java:76)
	at com.spartan.logger.core.queue.QueueConsumer.run(QueueConsumer.java:41)
	at java.lang.Thread.run(Thread.java:745)
java.lang.NullPointerException
	at com.spartan.logger.connectors.file.LogFileHandler.writeData(LogFileHandler.java:109)
	at com.spartan.logger.connectors.file.FileConnector.writeData(FileConnector.java:69)
	at com.spartan.logger.connectors.file.FileConnector.writeLog(FileConnector.java:51)
	at com.spartan.logger.core.queue.QueueConsumer.consumeAlarm(QueueConsumer.java:76)
	at com.spartan.logger.core.queue.QueueConsumer.run(QueueConsumer.java:41)
	at java.lang.Thread.run(Thread.java:745)
java.lang.NullPointerException
	at com.spartan.logger.connectors.file.LogFileHandler.writeData(LogFileHandler.java:109)
	at com.spartan.logger.connectors.file.FileConnector.writeData(FileConnector.java:69)
	at com.spartan.logger.connectors.file.FileConnector.writeLog(FileConnector.java:51)
	at com.spartan.logger.core.queue.QueueConsumer.consumeAlarm(QueueConsumer.java:76)
	at com.spartan.logger.core.queue.QueueConsumer.run(QueueConsumer.java:41)
	at java.lang.Thread.run(Thread.java:745)
java.lang.NullPointerException
	at com.spartan.logger.connectors.file.LogFileHandler.writeData(LogFileHandler.java:109)
	at com.spartan.logger.connectors.file.FileConnector.writeData(FileConnector.java:69)
	at com.spartan.logger.connectors.file.FileConnector.writeLog(FileConnector.java:51)
	at com.spartan.logger.core.queue.QueueConsumer.consumeAlarm(QueueConsumer.java:76)
	at com.spartan.logger.core.queue.QueueConsumer.run(QueueConsumer.java:41)
	at java.lang.Thread.run(Thread.java:745)
java.lang.NullPointerException
	at com.spartan.logger.connectors.file.LogFileHandler.writeData(LogFileHandler.java:109)
	at com.spartan.logger.connectors.file.FileConnector.writeData(FileConnector.java:69)
	at com.spartan.logger.connectors.file.FileConnector.writeLog(FileConnector.java:51)
	at com.spartan.logger.core.queue.QueueConsumer.consumeAlarm(QueueConsumer.java:76)
	at com.spartan.logger.core.queue.QueueConsumer.run(QueueConsumer.java:41)
	at java.lang.Thread.run(Thread.java:745)
java.lang.NullPointerException
	at com.spartan.logger.connectors.file.LogFileHandler.writeData(LogFileHandler.java:109)
	at com.spartan.logger.connectors.file.FileConnector.writeData(FileConnector.java:69)
	at com.spartan.logger.connectors.file.FileConnector.writeLog(FileConnector.java:51)
	at com.spartan.logger.core.queue.QueueConsumer.consumeAlarm(QueueConsumer.java:76)
	at com.spartan.logger.core.queue.QueueConsumer.run(QueueConsumer.java:41)
	at java.lang.Thread.run(Thread.java:745)
java.lang.NullPointerException
	at com.spartan.logger.connectors.file.LogFileHandler.writeData(LogFileHandler.java:109)
	at com.spartan.logger.connectors.file.FileConnector.writeData(FileConnector.java:69)
	at com.spartan.logger.connectors.file.FileConnector.writeLog(FileConnector.java:51)
	at com.spartan.logger.core.queue.QueueConsumer.consumeAlarm(QueueConsumer.java:76)
	at com.spartan.logger.core.queue.QueueConsumer.run(QueueConsumer.java:41)
	at java.lang.Thread.run(Thread.java:745)
java.lang.NullPointerException
	at com.spartan.logger.connectors.file.LogFileHandler.writeData(LogFileHandler.java:109)
	at com.spartan.logger.connectors.file.FileConnector.writeData(FileConnector.java:69)
	at com.spartan.logger.connectors.file.FileConnector.writeLog(FileConnector.java:51)
	at com.spartan.logger.core.queue.QueueConsumer.consumeAlarm(QueueConsumer.java:76)
	at com.spartan.logger.core.queue.QueueConsumer.run(QueueConsumer.java:41)
	at java.lang.Thread.run(Thread.java:745)
java.lang.NullPointerException
	at com.spartan.logger.connectors.file.LogFileHandler.writeData(LogFileHandler.java:109)
	at com.spartan.logger.connectors.file.FileConnector.writeData(FileConnector.java:69)
	at com.spartan.logger.connectors.file.FileConnector.writeLog(FileConnector.java:51)
	at com.spartan.logger.core.queue.QueueConsumer.consumeAlarm(QueueConsumer.java:76)
	at com.spartan.logger.core.queue.QueueConsumer.run(QueueConsumer.java:41)
	at java.lang.Thread.run(Thread.java:745)
java.lang.NullPointerException
	at com.spartan.logger.connectors.file.LogFileHandler.writeData(LogFileHandler.java:109)
	at com.spartan.logger.connectors.file.FileConnector.writeData(FileConnector.java:69)
	at com.spartan.logger.connectors.file.FileConnector.writeLog(FileConnector.java:51)
	at com.spartan.logger.core.queue.QueueConsumer.consumeAlarm(QueueConsumer.java:76)
	at com.spartan.logger.core.queue.QueueConsumer.run(QueueConsumer.java:41)
	at java.lang.Thread.run(Thread.java:745)
java.lang.NullPointerException
	at com.spartan.logger.connectors.file.LogFileHandler.writeData(LogFileHandler.java:109)
	at com.spartan.logger.connectors.file.FileConnector.writeData(FileConnector.java:69)
	at com.spartan.logger.connectors.file.FileConnector.writeLog(FileConnector.java:51)
	at com.spartan.logger.core.queue.QueueConsumer.consumeAlarm(QueueConsumer.java:76)
	at com.spartan.logger.core.queue.QueueConsumer.run(QueueConsumer.java:41)
	at java.lang.Thread.run(Thread.java:745)
java.lang.NullPointerException
	at com.spartan.logger.connectors.file.LogFileHandler.writeData(LogFileHandler.java:109)
	at com.spartan.logger.connectors.file.FileConnector.writeData(FileConnector.java:69)
	at com.spartan.logger.connectors.file.FileConnector.writeLog(FileConnector.java:51)
	at com.spartan.logger.core.queue.QueueConsumer.consumeAlarm(QueueConsumer.java:76)
	at com.spartan.logger.core.queue.QueueConsumer.run(QueueConsumer.java:41)
	at java.lang.Thread.run(Thread.java:745)
java.lang.NullPointerException
	at com.spartan.logger.connectors.file.LogFileHandler.writeData(LogFileHandler.java:109)
	at com.spartan.logger.connectors.file.FileConnector.writeData(FileConnector.java:69)
	at com.spartan.logger.connectors.file.FileConnector.writeLog(FileConnector.java:51)
	at com.spartan.logger.core.queue.QueueConsumer.consumeAlarm(QueueConsumer.java:76)
	at com.spartan.logger.core.queue.QueueConsumer.run(QueueConsumer.java:41)
	at java.lang.Thread.run(Thread.java:745)
java.lang.NullPointerException
	at com.spartan.logger.connectors.file.LogFileHandler.writeData(LogFileHandler.java:109)
	at com.spartan.logger.connectors.file.FileConnector.writeData(FileConnector.java:69)
	at com.spartan.logger.connectors.file.FileConnector.writeLog(FileConnector.java:51)
	at com.spartan.logger.core.queue.QueueConsumer.consumeAlarm(QueueConsumer.java:76)
	at com.spartan.logger.core.queue.QueueConsumer.run(QueueConsumer.java:41)
	at java.lang.Thread.run(Thread.java:745)
java.lang.NullPointerException
	at com.spartan.logger.connectors.file.LogFileHandler.writeData(LogFileHandler.java:109)
	at com.spartan.logger.connectors.file.FileConnector.writeData(FileConnector.java:69)
	at com.spartan.logger.connectors.file.FileConnector.writeLog(FileConnector.java:51)
	at com.spartan.logger.core.queue.QueueConsumer.consumeAlarm(QueueConsumer.java:76)
	at com.spartan.logger.core.queue.QueueConsumer.run(QueueConsumer.java:41)
	at java.lang.Thread.run(Thread.java:745)
java.lang.NullPointerException
	at com.spartan.logger.connectors.file.LogFileHandler.writeData(LogFileHandler.java:109)
	at com.spartan.logger.connectors.file.FileConnector.writeData(FileConnector.java:69)
	at com.spartan.logger.connectors.file.FileConnector.writeLog(FileConnector.java:51)
	at com.spartan.logger.core.queue.QueueConsumer.consumeAlarm(QueueConsumer.java:76)
	at com.spartan.logger.core.queue.QueueConsumer.run(QueueConsumer.java:41)
	at java.lang.Thread.run(Thread.java:745)
java.lang.NullPointerException
	at com.spartan.logger.connectors.file.LogFileHandler.writeData(LogFileHandler.java:109)
	at com.spartan.logger.connectors.file.FileConnector.writeData(FileConnector.java:69)
	at com.spartan.logger.connectors.file.FileConnector.writeLog(FileConnector.java:51)
	at com.spartan.logger.core.queue.QueueConsumer.consumeAlarm(QueueConsumer.java:76)
	at com.spartan.logger.core.queue.QueueConsumer.run(QueueConsumer.java:41)
	at java.lang.Thread.run(Thread.java:745)
com.app.shared.organization.locationmanagement.City.cityName may not be null
com.spartan.pluggable.exception.security.InvalidDataException: 90007:Invalid Exception.:Reason = Not Available!
	at com.athena.server.pluggable.utils.helper.EntityValidatorHelper.validateEntity(EntityValidatorHelper.java:28)
	at com.app.shared.organization.locationmanagement.City.isValid(City.java:251)
	at com.app.server.service.organization.locationmanagement.CityTestCase.validateCity(CityTestCase.java:271)
	at com.app.server.service.organization.locationmanagement.CityTestCase.test5NegativeTesting(CityTestCase.java:310)
	at sun.reflect.NativeMethodAccessorImpl.invoke0(Native Method)
	at sun.reflect.NativeMethodAccessorImpl.invoke(NativeMethodAccessorImpl.java:57)
	at sun.reflect.DelegatingMethodAccessorImpl.invoke(DelegatingMethodAccessorImpl.java:43)
	at java.lang.reflect.Method.invoke(Method.java:606)
	at org.junit.runners.model.FrameworkMethod$1.runReflectiveCall(FrameworkMethod.java:47)
	at org.junit.internal.runners.model.ReflectiveCallable.run(ReflectiveCallable.java:12)
	at org.junit.runners.model.FrameworkMethod.invokeExplosively(FrameworkMethod.java:44)
	at org.junit.internal.runners.statements.InvokeMethod.evaluate(InvokeMethod.java:17)
	at org.junit.internal.runners.statements.RunBefores.evaluate(RunBefores.java:26)
	at org.springframework.test.context.junit4.statements.RunBeforeTestMethodCallbacks.evaluate(RunBeforeTestMethodCallbacks.java:74)
	at org.junit.internal.runners.statements.RunAfters.evaluate(RunAfters.java:27)
	at org.springframework.test.context.junit4.statements.RunAfterTestMethodCallbacks.evaluate(RunAfterTestMethodCallbacks.java:83)
	at org.springframework.test.context.junit4.statements.SpringRepeat.evaluate(SpringRepeat.java:72)
	at org.springframework.test.context.junit4.SpringJUnit4ClassRunner.runChild(SpringJUnit4ClassRunner.java:233)
	at org.springframework.test.context.junit4.SpringJUnit4ClassRunner.runChild(SpringJUnit4ClassRunner.java:87)
	at org.junit.runners.ParentRunner$3.run(ParentRunner.java:238)
	at org.junit.runners.ParentRunner$1.schedule(ParentRunner.java:63)
	at org.junit.runners.ParentRunner.runChildren(ParentRunner.java:236)
	at org.junit.runners.ParentRunner.access$000(ParentRunner.java:53)
	at org.junit.runners.ParentRunner$2.evaluate(ParentRunner.java:229)
	at org.junit.internal.runners.statements.RunBefores.evaluate(RunBefores.java:26)
	at org.springframework.test.context.junit4.statements.RunBeforeTestClassCallbacks.evaluate(RunBeforeTestClassCallbacks.java:61)
	at org.springframework.test.context.junit4.statements.RunAfterTestClassCallbacks.evaluate(RunAfterTestClassCallbacks.java:71)
	at org.junit.runners.ParentRunner.run(ParentRunner.java:309)
	at org.springframework.test.context.junit4.SpringJUnit4ClassRunner.run(SpringJUnit4ClassRunner.java:176)
	at org.gradle.api.internal.tasks.testing.junit.JUnitTestClassExecuter.runTestClass(JUnitTestClassExecuter.java:86)
	at org.gradle.api.internal.tasks.testing.junit.JUnitTestClassExecuter.execute(JUnitTestClassExecuter.java:49)
	at org.gradle.api.internal.tasks.testing.junit.JUnitTestClassProcessor.processTestClass(JUnitTestClassProcessor.java:64)
	at org.gradle.api.internal.tasks.testing.SuiteTestClassProcessor.processTestClass(SuiteTestClassProcessor.java:50)
	at sun.reflect.GeneratedMethodAccessor105.invoke(Unknown Source)
	at sun.reflect.DelegatingMethodAccessorImpl.invoke(DelegatingMethodAccessorImpl.java:43)
	at java.lang.reflect.Method.invoke(Method.java:606)
	at org.gradle.messaging.dispatch.ReflectionDispatch.dispatch(ReflectionDispatch.java:35)
	at org.gradle.messaging.dispatch.ReflectionDispatch.dispatch(ReflectionDispatch.java:24)
	at org.gradle.messaging.dispatch.ContextClassLoaderDispatch.dispatch(ContextClassLoaderDispatch.java:32)
	at org.gradle.messaging.dispatch.ProxyDispatchAdapter$DispatchingInvocationHandler.invoke(ProxyDispatchAdapter.java:93)
	at com.sun.proxy.$Proxy2.processTestClass(Unknown Source)
	at org.gradle.api.internal.tasks.testing.worker.TestWorker.processTestClass(TestWorker.java:106)
	at sun.reflect.GeneratedMethodAccessor104.invoke(Unknown Source)
	at sun.reflect.DelegatingMethodAccessorImpl.invoke(DelegatingMethodAccessorImpl.java:43)
	at java.lang.reflect.Method.invoke(Method.java:606)
	at org.gradle.messaging.dispatch.ReflectionDispatch.dispatch(ReflectionDispatch.java:35)
	at org.gradle.messaging.dispatch.ReflectionDispatch.dispatch(ReflectionDispatch.java:24)
	at org.gradle.messaging.remote.internal.hub.MessageHub$Handler.run(MessageHub.java:360)
	at org.gradle.internal.concurrent.DefaultExecutorFactory$StoppableExecutorImpl$1.run(DefaultExecutorFactory.java:64)
	at java.util.concurrent.ThreadPoolExecutor.runWorker(ThreadPoolExecutor.java:1145)
	at java.util.concurrent.ThreadPoolExecutor$Worker.run(ThreadPoolExecutor.java:615)
	at java.lang.Thread.run(Thread.java:745)
com.app.shared.organization.locationmanagement.City.cityName size must be between 0 and 256
com.spartan.pluggable.exception.security.InvalidDataException: 90007:Invalid Exception.:Reason = Not Available!
	at com.athena.server.pluggable.utils.helper.EntityValidatorHelper.validateEntity(EntityValidatorHelper.java:28)
	at com.app.shared.organization.locationmanagement.City.isValid(City.java:251)
	at com.app.server.service.organization.locationmanagement.CityTestCase.validateCity(CityTestCase.java:269)
	at com.app.server.service.organization.locationmanagement.CityTestCase.test5NegativeTesting(CityTestCase.java:315)
	at sun.reflect.NativeMethodAccessorImpl.invoke0(Native Method)
	at sun.reflect.NativeMethodAccessorImpl.invoke(NativeMethodAccessorImpl.java:57)
	at sun.reflect.DelegatingMethodAccessorImpl.invoke(DelegatingMethodAccessorImpl.java:43)
	at java.lang.reflect.Method.invoke(Method.java:606)
	at org.junit.runners.model.FrameworkMethod$1.runReflectiveCall(FrameworkMethod.java:47)
	at org.junit.internal.runners.model.ReflectiveCallable.run(ReflectiveCallable.java:12)
	at org.junit.runners.model.FrameworkMethod.invokeExplosively(FrameworkMethod.java:44)
	at org.junit.internal.runners.statements.InvokeMethod.evaluate(InvokeMethod.java:17)
	at org.junit.internal.runners.statements.RunBefores.evaluate(RunBefores.java:26)
	at org.springframework.test.context.junit4.statements.RunBeforeTestMethodCallbacks.evaluate(RunBeforeTestMethodCallbacks.java:74)
	at org.junit.internal.runners.statements.RunAfters.evaluate(RunAfters.java:27)
	at org.springframework.test.context.junit4.statements.RunAfterTestMethodCallbacks.evaluate(RunAfterTestMethodCallbacks.java:83)
	at org.springframework.test.context.junit4.statements.SpringRepeat.evaluate(SpringRepeat.java:72)
	at org.springframework.test.context.junit4.SpringJUnit4ClassRunner.runChild(SpringJUnit4ClassRunner.java:233)
	at org.springframework.test.context.junit4.SpringJUnit4ClassRunner.runChild(SpringJUnit4ClassRunner.java:87)
	at org.junit.runners.ParentRunner$3.run(ParentRunner.java:238)
	at org.junit.runners.ParentRunner$1.schedule(ParentRunner.java:63)
	at org.junit.runners.ParentRunner.runChildren(ParentRunner.java:236)
	at org.junit.runners.ParentRunner.access$000(ParentRunner.java:53)
	at org.junit.runners.ParentRunner$2.evaluate(ParentRunner.java:229)
	at org.junit.internal.runners.statements.RunBefores.evaluate(RunBefores.java:26)
	at org.springframework.test.context.junit4.statements.RunBeforeTestClassCallbacks.evaluate(RunBeforeTestClassCallbacks.java:61)
	at org.springframework.test.context.junit4.statements.RunAfterTestClassCallbacks.evaluate(RunAfterTestClassCallbacks.java:71)
	at org.junit.runners.ParentRunner.run(ParentRunner.java:309)
	at org.springframework.test.context.junit4.SpringJUnit4ClassRunner.run(SpringJUnit4ClassRunner.java:176)
	at org.gradle.api.internal.tasks.testing.junit.JUnitTestClassExecuter.runTestClass(JUnitTestClassExecuter.java:86)
	at org.gradle.api.internal.tasks.testing.junit.JUnitTestClassExecuter.execute(JUnitTestClassExecuter.java:49)
	at org.gradle.api.internal.tasks.testing.junit.JUnitTestClassProcessor.processTestClass(JUnitTestClassProcessor.java:64)
	at org.gradle.api.internal.tasks.testing.SuiteTestClassProcessor.processTestClass(SuiteTestClassProcessor.java:50)
	at sun.reflect.GeneratedMethodAccessor105.invoke(Unknown Source)
	at sun.reflect.DelegatingMethodAccessorImpl.invoke(DelegatingMethodAccessorImpl.java:43)
	at java.lang.reflect.Method.invoke(Method.java:606)
	at org.gradle.messaging.dispatch.ReflectionDispatch.dispatch(ReflectionDispatch.java:35)
	at org.gradle.messaging.dispatch.ReflectionDispatch.dispatch(ReflectionDispatch.java:24)
	at org.gradle.messaging.dispatch.ContextClassLoaderDispatch.dispatch(ContextClassLoaderDispatch.java:32)
	at org.gradle.messaging.dispatch.ProxyDispatchAdapter$DispatchingInvocationHandler.invoke(ProxyDispatchAdapter.java:93)
	at com.sun.proxy.$Proxy2.processTestClass(Unknown Source)
	at org.gradle.api.internal.tasks.testing.worker.TestWorker.processTestClass(TestWorker.java:106)
	at sun.reflect.GeneratedMethodAccessor104.invoke(Unknown Source)
	at sun.reflect.DelegatingMethodAccessorImpl.invoke(DelegatingMethodAccessorImpl.java:43)
	at java.lang.reflect.Method.invoke(Method.java:606)
	at org.gradle.messaging.dispatch.ReflectionDispatch.dispatch(ReflectionDispatch.java:35)
	at org.gradle.messaging.dispatch.ReflectionDispatch.dispatch(ReflectionDispatch.java:24)
	at org.gradle.messaging.remote.internal.hub.MessageHub$Handler.run(MessageHub.java:360)
	at org.gradle.internal.concurrent.DefaultExecutorFactory$StoppableExecutorImpl$1.run(DefaultExecutorFactory.java:64)
	at java.util.concurrent.ThreadPoolExecutor.runWorker(ThreadPoolExecutor.java:1145)
	at java.util.concurrent.ThreadPoolExecutor$Worker.run(ThreadPoolExecutor.java:615)
	at java.lang.Thread.run(Thread.java:745)
com.app.shared.organization.locationmanagement.City.cityCodeChar2 may not be null
com.spartan.pluggable.exception.security.InvalidDataException: 90007:Invalid Exception.:Reason = Not Available!
	at com.athena.server.pluggable.utils.helper.EntityValidatorHelper.validateEntity(EntityValidatorHelper.java:28)
	at com.app.shared.organization.locationmanagement.City.isValid(City.java:251)
	at com.app.server.service.organization.locationmanagement.CityTestCase.validateCity(CityTestCase.java:271)
	at com.app.server.service.organization.locationmanagement.CityTestCase.test5NegativeTesting(CityTestCase.java:321)
	at sun.reflect.NativeMethodAccessorImpl.invoke0(Native Method)
	at sun.reflect.NativeMethodAccessorImpl.invoke(NativeMethodAccessorImpl.java:57)
	at sun.reflect.DelegatingMethodAccessorImpl.invoke(DelegatingMethodAccessorImpl.java:43)
	at java.lang.reflect.Method.invoke(Method.java:606)
	at org.junit.runners.model.FrameworkMethod$1.runReflectiveCall(FrameworkMethod.java:47)
	at org.junit.internal.runners.model.ReflectiveCallable.run(ReflectiveCallable.java:12)
	at org.junit.runners.model.FrameworkMethod.invokeExplosively(FrameworkMethod.java:44)
	at org.junit.internal.runners.statements.InvokeMethod.evaluate(InvokeMethod.java:17)
	at org.junit.internal.runners.statements.RunBefores.evaluate(RunBefores.java:26)
	at org.springframework.test.context.junit4.statements.RunBeforeTestMethodCallbacks.evaluate(RunBeforeTestMethodCallbacks.java:74)
	at org.junit.internal.runners.statements.RunAfters.evaluate(RunAfters.java:27)
	at org.springframework.test.context.junit4.statements.RunAfterTestMethodCallbacks.evaluate(RunAfterTestMethodCallbacks.java:83)
	at org.springframework.test.context.junit4.statements.SpringRepeat.evaluate(SpringRepeat.java:72)
	at org.springframework.test.context.junit4.SpringJUnit4ClassRunner.runChild(SpringJUnit4ClassRunner.java:233)
	at org.springframework.test.context.junit4.SpringJUnit4ClassRunner.runChild(SpringJUnit4ClassRunner.java:87)
	at org.junit.runners.ParentRunner$3.run(ParentRunner.java:238)
	at org.junit.runners.ParentRunner$1.schedule(ParentRunner.java:63)
	at org.junit.runners.ParentRunner.runChildren(ParentRunner.java:236)
	at org.junit.runners.ParentRunner.access$000(ParentRunner.java:53)
	at org.junit.runners.ParentRunner$2.evaluate(ParentRunner.java:229)
	at org.junit.internal.runners.statements.RunBefores.evaluate(RunBefores.java:26)
	at org.springframework.test.context.junit4.statements.RunBeforeTestClassCallbacks.evaluate(RunBeforeTestClassCallbacks.java:61)
	at org.springframework.test.context.junit4.statements.RunAfterTestClassCallbacks.evaluate(RunAfterTestClassCallbacks.java:71)
	at org.junit.runners.ParentRunner.run(ParentRunner.java:309)
	at org.springframework.test.context.junit4.SpringJUnit4ClassRunner.run(SpringJUnit4ClassRunner.java:176)
	at org.gradle.api.internal.tasks.testing.junit.JUnitTestClassExecuter.runTestClass(JUnitTestClassExecuter.java:86)
	at org.gradle.api.internal.tasks.testing.junit.JUnitTestClassExecuter.execute(JUnitTestClassExecuter.java:49)
	at org.gradle.api.internal.tasks.testing.junit.JUnitTestClassProcessor.processTestClass(JUnitTestClassProcessor.java:64)
	at org.gradle.api.internal.tasks.testing.SuiteTestClassProcessor.processTestClass(SuiteTestClassProcessor.java:50)
	at sun.reflect.GeneratedMethodAccessor105.invoke(Unknown Source)
	at sun.reflect.DelegatingMethodAccessorImpl.invoke(DelegatingMethodAccessorImpl.java:43)
	at java.lang.reflect.Method.invoke(Method.java:606)
	at org.gradle.messaging.dispatch.ReflectionDispatch.dispatch(ReflectionDispatch.java:35)
	at org.gradle.messaging.dispatch.ReflectionDispatch.dispatch(ReflectionDispatch.java:24)
	at org.gradle.messaging.dispatch.ContextClassLoaderDispatch.dispatch(ContextClassLoaderDispatch.java:32)
	at org.gradle.messaging.dispatch.ProxyDispatchAdapter$DispatchingInvocationHandler.invoke(ProxyDispatchAdapter.java:93)
	at com.sun.proxy.$Proxy2.processTestClass(Unknown Source)
	at org.gradle.api.internal.tasks.testing.worker.TestWorker.processTestClass(TestWorker.java:106)
	at sun.reflect.GeneratedMethodAccessor104.invoke(Unknown Source)
	at sun.reflect.DelegatingMethodAccessorImpl.invoke(DelegatingMethodAccessorImpl.java:43)
	at java.lang.reflect.Method.invoke(Method.java:606)
	at org.gradle.messaging.dispatch.ReflectionDispatch.dispatch(ReflectionDispatch.java:35)
	at org.gradle.messaging.dispatch.ReflectionDispatch.dispatch(ReflectionDispatch.java:24)
	at org.gradle.messaging.remote.internal.hub.MessageHub$Handler.run(MessageHub.java:360)
	at org.gradle.internal.concurrent.DefaultExecutorFactory$StoppableExecutorImpl$1.run(DefaultExecutorFactory.java:64)
	at java.util.concurrent.ThreadPoolExecutor.runWorker(ThreadPoolExecutor.java:1145)
	at java.util.concurrent.ThreadPoolExecutor$Worker.run(ThreadPoolExecutor.java:615)
	at java.lang.Thread.run(Thread.java:745)
com.app.shared.organization.locationmanagement.City.cityCodeChar2 size must be between 0 and 32
com.spartan.pluggable.exception.security.InvalidDataException: 90007:Invalid Exception.:Reason = Not Available!
	at com.athena.server.pluggable.utils.helper.EntityValidatorHelper.validateEntity(EntityValidatorHelper.java:28)
	at com.app.shared.organization.locationmanagement.City.isValid(City.java:251)
	at com.app.server.service.organization.locationmanagement.CityTestCase.validateCity(CityTestCase.java:269)
	at com.app.server.service.organization.locationmanagement.CityTestCase.test5NegativeTesting(CityTestCase.java:326)
	at sun.reflect.NativeMethodAccessorImpl.invoke0(Native Method)
	at sun.reflect.NativeMethodAccessorImpl.invoke(NativeMethodAccessorImpl.java:57)
	at sun.reflect.DelegatingMethodAccessorImpl.invoke(DelegatingMethodAccessorImpl.java:43)
	at java.lang.reflect.Method.invoke(Method.java:606)
	at org.junit.runners.model.FrameworkMethod$1.runReflectiveCall(FrameworkMethod.java:47)
	at org.junit.internal.runners.model.ReflectiveCallable.run(ReflectiveCallable.java:12)
	at org.junit.runners.model.FrameworkMethod.invokeExplosively(FrameworkMethod.java:44)
	at org.junit.internal.runners.statements.InvokeMethod.evaluate(InvokeMethod.java:17)
	at org.junit.internal.runners.statements.RunBefores.evaluate(RunBefores.java:26)
	at org.springframework.test.context.junit4.statements.RunBeforeTestMethodCallbacks.evaluate(RunBeforeTestMethodCallbacks.java:74)
	at org.junit.internal.runners.statements.RunAfters.evaluate(RunAfters.java:27)
	at org.springframework.test.context.junit4.statements.RunAfterTestMethodCallbacks.evaluate(RunAfterTestMethodCallbacks.java:83)
	at org.springframework.test.context.junit4.statements.SpringRepeat.evaluate(SpringRepeat.java:72)
	at org.springframework.test.context.junit4.SpringJUnit4ClassRunner.runChild(SpringJUnit4ClassRunner.java:233)
	at org.springframework.test.context.junit4.SpringJUnit4ClassRunner.runChild(SpringJUnit4ClassRunner.java:87)
	at org.junit.runners.ParentRunner$3.run(ParentRunner.java:238)
	at org.junit.runners.ParentRunner$1.schedule(ParentRunner.java:63)
	at org.junit.runners.ParentRunner.runChildren(ParentRunner.java:236)
	at org.junit.runners.ParentRunner.access$000(ParentRunner.java:53)
	at org.junit.runners.ParentRunner$2.evaluate(ParentRunner.java:229)
	at org.junit.internal.runners.statements.RunBefores.evaluate(RunBefores.java:26)
	at org.springframework.test.context.junit4.statements.RunBeforeTestClassCallbacks.evaluate(RunBeforeTestClassCallbacks.java:61)
	at org.springframework.test.context.junit4.statements.RunAfterTestClassCallbacks.evaluate(RunAfterTestClassCallbacks.java:71)
	at org.junit.runners.ParentRunner.run(ParentRunner.java:309)
	at org.springframework.test.context.junit4.SpringJUnit4ClassRunner.run(SpringJUnit4ClassRunner.java:176)
	at org.gradle.api.internal.tasks.testing.junit.JUnitTestClassExecuter.runTestClass(JUnitTestClassExecuter.java:86)
	at org.gradle.api.internal.tasks.testing.junit.JUnitTestClassExecuter.execute(JUnitTestClassExecuter.java:49)
	at org.gradle.api.internal.tasks.testing.junit.JUnitTestClassProcessor.processTestClass(JUnitTestClassProcessor.java:64)
	at org.gradle.api.internal.tasks.testing.SuiteTestClassProcessor.processTestClass(SuiteTestClassProcessor.java:50)
	at sun.reflect.GeneratedMethodAccessor105.invoke(Unknown Source)
	at sun.reflect.DelegatingMethodAccessorImpl.invoke(DelegatingMethodAccessorImpl.java:43)
	at java.lang.reflect.Method.invoke(Method.java:606)
	at org.gradle.messaging.dispatch.ReflectionDispatch.dispatch(ReflectionDispatch.java:35)
	at org.gradle.messaging.dispatch.ReflectionDispatch.dispatch(ReflectionDispatch.java:24)
	at org.gradle.messaging.dispatch.ContextClassLoaderDispatch.dispatch(ContextClassLoaderDispatch.java:32)
	at org.gradle.messaging.dispatch.ProxyDispatchAdapter$DispatchingInvocationHandler.invoke(ProxyDispatchAdapter.java:93)
	at com.sun.proxy.$Proxy2.processTestClass(Unknown Source)
	at org.gradle.api.internal.tasks.testing.worker.TestWorker.processTestClass(TestWorker.java:106)
	at sun.reflect.GeneratedMethodAccessor104.invoke(Unknown Source)
	at sun.reflect.DelegatingMethodAccessorImpl.invoke(DelegatingMethodAccessorImpl.java:43)
	at java.lang.reflect.Method.invoke(Method.java:606)
	at org.gradle.messaging.dispatch.ReflectionDispatch.dispatch(ReflectionDispatch.java:35)
	at org.gradle.messaging.dispatch.ReflectionDispatch.dispatch(ReflectionDispatch.java:24)
	at org.gradle.messaging.remote.internal.hub.MessageHub$Handler.run(MessageHub.java:360)
	at org.gradle.internal.concurrent.DefaultExecutorFactory$StoppableExecutorImpl$1.run(DefaultExecutorFactory.java:64)
	at java.util.concurrent.ThreadPoolExecutor.runWorker(ThreadPoolExecutor.java:1145)
	at java.util.concurrent.ThreadPoolExecutor$Worker.run(ThreadPoolExecutor.java:615)
	at java.lang.Thread.run(Thread.java:745)
com.app.shared.organization.locationmanagement.City.cityCode may not be null
com.spartan.pluggable.exception.security.InvalidDataException: 90007:Invalid Exception.:Reason = Not Available!
	at com.athena.server.pluggable.utils.helper.EntityValidatorHelper.validateEntity(EntityValidatorHelper.java:28)
	at com.app.shared.organization.locationmanagement.City.isValid(City.java:251)
	at com.app.server.service.organization.locationmanagement.CityTestCase.validateCity(CityTestCase.java:271)
	at com.app.server.service.organization.locationmanagement.CityTestCase.test5NegativeTesting(CityTestCase.java:332)
	at sun.reflect.NativeMethodAccessorImpl.invoke0(Native Method)
	at sun.reflect.NativeMethodAccessorImpl.invoke(NativeMethodAccessorImpl.java:57)
	at sun.reflect.DelegatingMethodAccessorImpl.invoke(DelegatingMethodAccessorImpl.java:43)
	at java.lang.reflect.Method.invoke(Method.java:606)
	at org.junit.runners.model.FrameworkMethod$1.runReflectiveCall(FrameworkMethod.java:47)
	at org.junit.internal.runners.model.ReflectiveCallable.run(ReflectiveCallable.java:12)
	at org.junit.runners.model.FrameworkMethod.invokeExplosively(FrameworkMethod.java:44)
	at org.junit.internal.runners.statements.InvokeMethod.evaluate(InvokeMethod.java:17)
	at org.junit.internal.runners.statements.RunBefores.evaluate(RunBefores.java:26)
	at org.springframework.test.context.junit4.statements.RunBeforeTestMethodCallbacks.evaluate(RunBeforeTestMethodCallbacks.java:74)
	at org.junit.internal.runners.statements.RunAfters.evaluate(RunAfters.java:27)
	at org.springframework.test.context.junit4.statements.RunAfterTestMethodCallbacks.evaluate(RunAfterTestMethodCallbacks.java:83)
	at org.springframework.test.context.junit4.statements.SpringRepeat.evaluate(SpringRepeat.java:72)
	at org.springframework.test.context.junit4.SpringJUnit4ClassRunner.runChild(SpringJUnit4ClassRunner.java:233)
	at org.springframework.test.context.junit4.SpringJUnit4ClassRunner.runChild(SpringJUnit4ClassRunner.java:87)
	at org.junit.runners.ParentRunner$3.run(ParentRunner.java:238)
	at org.junit.runners.ParentRunner$1.schedule(ParentRunner.java:63)
	at org.junit.runners.ParentRunner.runChildren(ParentRunner.java:236)
	at org.junit.runners.ParentRunner.access$000(ParentRunner.java:53)
	at org.junit.runners.ParentRunner$2.evaluate(ParentRunner.java:229)
	at org.junit.internal.runners.statements.RunBefores.evaluate(RunBefores.java:26)
	at org.springframework.test.context.junit4.statements.RunBeforeTestClassCallbacks.evaluate(RunBeforeTestClassCallbacks.java:61)
	at org.springframework.test.context.junit4.statements.RunAfterTestClassCallbacks.evaluate(RunAfterTestClassCallbacks.java:71)
	at org.junit.runners.ParentRunner.run(ParentRunner.java:309)
	at org.springframework.test.context.junit4.SpringJUnit4ClassRunner.run(SpringJUnit4ClassRunner.java:176)
	at org.gradle.api.internal.tasks.testing.junit.JUnitTestClassExecuter.runTestClass(JUnitTestClassExecuter.java:86)
	at org.gradle.api.internal.tasks.testing.junit.JUnitTestClassExecuter.execute(JUnitTestClassExecuter.java:49)
	at org.gradle.api.internal.tasks.testing.junit.JUnitTestClassProcessor.processTestClass(JUnitTestClassProcessor.java:64)
	at org.gradle.api.internal.tasks.testing.SuiteTestClassProcessor.processTestClass(SuiteTestClassProcessor.java:50)
	at sun.reflect.GeneratedMethodAccessor105.invoke(Unknown Source)
	at sun.reflect.DelegatingMethodAccessorImpl.invoke(DelegatingMethodAccessorImpl.java:43)
	at java.lang.reflect.Method.invoke(Method.java:606)
	at org.gradle.messaging.dispatch.ReflectionDispatch.dispatch(ReflectionDispatch.java:35)
	at org.gradle.messaging.dispatch.ReflectionDispatch.dispatch(ReflectionDispatch.java:24)
	at org.gradle.messaging.dispatch.ContextClassLoaderDispatch.dispatch(ContextClassLoaderDispatch.java:32)
	at org.gradle.messaging.dispatch.ProxyDispatchAdapter$DispatchingInvocationHandler.invoke(ProxyDispatchAdapter.java:93)
	at com.sun.proxy.$Proxy2.processTestClass(Unknown Source)
	at org.gradle.api.internal.tasks.testing.worker.TestWorker.processTestClass(TestWorker.java:106)
	at sun.reflect.GeneratedMethodAccessor104.invoke(Unknown Source)
	at sun.reflect.DelegatingMethodAccessorImpl.invoke(DelegatingMethodAccessorImpl.java:43)
	at java.lang.reflect.Method.invoke(Method.java:606)
	at org.gradle.messaging.dispatch.ReflectionDispatch.dispatch(ReflectionDispatch.java:35)
	at org.gradle.messaging.dispatch.ReflectionDispatch.dispatch(ReflectionDispatch.java:24)
	at org.gradle.messaging.remote.internal.hub.MessageHub$Handler.run(MessageHub.java:360)
	at org.gradle.internal.concurrent.DefaultExecutorFactory$StoppableExecutorImpl$1.run(DefaultExecutorFactory.java:64)
	at java.util.concurrent.ThreadPoolExecutor.runWorker(ThreadPoolExecutor.java:1145)
	at java.util.concurrent.ThreadPoolExecutor$Worker.run(ThreadPoolExecutor.java:615)
	at java.lang.Thread.run(Thread.java:745)
com.app.shared.organization.locationmanagement.City.cityCode must be less than or equal to 3
com.spartan.pluggable.exception.security.InvalidDataException: 90007:Invalid Exception.:Reason = Not Available!
	at com.athena.server.pluggable.utils.helper.EntityValidatorHelper.validateEntity(EntityValidatorHelper.java:28)
	at com.app.shared.organization.locationmanagement.City.isValid(City.java:251)
	at com.app.server.service.organization.locationmanagement.CityTestCase.validateCity(CityTestCase.java:269)
	at com.app.server.service.organization.locationmanagement.CityTestCase.test5NegativeTesting(CityTestCase.java:337)
	at sun.reflect.NativeMethodAccessorImpl.invoke0(Native Method)
	at sun.reflect.NativeMethodAccessorImpl.invoke(NativeMethodAccessorImpl.java:57)
	at sun.reflect.DelegatingMethodAccessorImpl.invoke(DelegatingMethodAccessorImpl.java:43)
	at java.lang.reflect.Method.invoke(Method.java:606)
	at org.junit.runners.model.FrameworkMethod$1.runReflectiveCall(FrameworkMethod.java:47)
	at org.junit.internal.runners.model.ReflectiveCallable.run(ReflectiveCallable.java:12)
	at org.junit.runners.model.FrameworkMethod.invokeExplosively(FrameworkMethod.java:44)
	at org.junit.internal.runners.statements.InvokeMethod.evaluate(InvokeMethod.java:17)
	at org.junit.internal.runners.statements.RunBefores.evaluate(RunBefores.java:26)
	at org.springframework.test.context.junit4.statements.RunBeforeTestMethodCallbacks.evaluate(RunBeforeTestMethodCallbacks.java:74)
	at org.junit.internal.runners.statements.RunAfters.evaluate(RunAfters.java:27)
	at org.springframework.test.context.junit4.statements.RunAfterTestMethodCallbacks.evaluate(RunAfterTestMethodCallbacks.java:83)
	at org.springframework.test.context.junit4.statements.SpringRepeat.evaluate(SpringRepeat.java:72)
	at org.springframework.test.context.junit4.SpringJUnit4ClassRunner.runChild(SpringJUnit4ClassRunner.java:233)
	at org.springframework.test.context.junit4.SpringJUnit4ClassRunner.runChild(SpringJUnit4ClassRunner.java:87)
	at org.junit.runners.ParentRunner$3.run(ParentRunner.java:238)
	at org.junit.runners.ParentRunner$1.schedule(ParentRunner.java:63)
	at org.junit.runners.ParentRunner.runChildren(ParentRunner.java:236)
	at org.junit.runners.ParentRunner.access$000(ParentRunner.java:53)
	at org.junit.runners.ParentRunner$2.evaluate(ParentRunner.java:229)
	at org.junit.internal.runners.statements.RunBefores.evaluate(RunBefores.java:26)
	at org.springframework.test.context.junit4.statements.RunBeforeTestClassCallbacks.evaluate(RunBeforeTestClassCallbacks.java:61)
	at org.springframework.test.context.junit4.statements.RunAfterTestClassCallbacks.evaluate(RunAfterTestClassCallbacks.java:71)
	at org.junit.runners.ParentRunner.run(ParentRunner.java:309)
	at org.springframework.test.context.junit4.SpringJUnit4ClassRunner.run(SpringJUnit4ClassRunner.java:176)
	at org.gradle.api.internal.tasks.testing.junit.JUnitTestClassExecuter.runTestClass(JUnitTestClassExecuter.java:86)
	at org.gradle.api.internal.tasks.testing.junit.JUnitTestClassExecuter.execute(JUnitTestClassExecuter.java:49)
	at org.gradle.api.internal.tasks.testing.junit.JUnitTestClassProcessor.processTestClass(JUnitTestClassProcessor.java:64)
	at org.gradle.api.internal.tasks.testing.SuiteTestClassProcessor.processTestClass(SuiteTestClassProcessor.java:50)
	at sun.reflect.GeneratedMethodAccessor105.invoke(Unknown Source)
	at sun.reflect.DelegatingMethodAccessorImpl.invoke(DelegatingMethodAccessorImpl.java:43)
	at java.lang.reflect.Method.invoke(Method.java:606)
	at org.gradle.messaging.dispatch.ReflectionDispatch.dispatch(ReflectionDispatch.java:35)
	at org.gradle.messaging.dispatch.ReflectionDispatch.dispatch(ReflectionDispatch.java:24)
	at org.gradle.messaging.dispatch.ContextClassLoaderDispatch.dispatch(ContextClassLoaderDispatch.java:32)
	at org.gradle.messaging.dispatch.ProxyDispatchAdapter$DispatchingInvocationHandler.invoke(ProxyDispatchAdapter.java:93)
	at com.sun.proxy.$Proxy2.processTestClass(Unknown Source)
	at org.gradle.api.internal.tasks.testing.worker.TestWorker.processTestClass(TestWorker.java:106)
	at sun.reflect.GeneratedMethodAccessor104.invoke(Unknown Source)
	at sun.reflect.DelegatingMethodAccessorImpl.invoke(DelegatingMethodAccessorImpl.java:43)
	at java.lang.reflect.Method.invoke(Method.java:606)
	at org.gradle.messaging.dispatch.ReflectionDispatch.dispatch(ReflectionDispatch.java:35)
	at org.gradle.messaging.dispatch.ReflectionDispatch.dispatch(ReflectionDispatch.java:24)
	at org.gradle.messaging.remote.internal.hub.MessageHub$Handler.run(MessageHub.java:360)
	at org.gradle.internal.concurrent.DefaultExecutorFactory$StoppableExecutorImpl$1.run(DefaultExecutorFactory.java:64)
	at java.util.concurrent.ThreadPoolExecutor.runWorker(ThreadPoolExecutor.java:1145)
	at java.util.concurrent.ThreadPoolExecutor$Worker.run(ThreadPoolExecutor.java:615)
	at java.lang.Thread.run(Thread.java:745)
com.app.shared.organization.locationmanagement.City.cityDescription size must be between 0 and 128
com.spartan.pluggable.exception.security.InvalidDataException: 90007:Invalid Exception.:Reason = Not Available!
	at com.athena.server.pluggable.utils.helper.EntityValidatorHelper.validateEntity(EntityValidatorHelper.java:28)
	at com.app.shared.organization.locationmanagement.City.isValid(City.java:251)
	at com.app.server.service.organization.locationmanagement.CityTestCase.validateCity(CityTestCase.java:269)
	at com.app.server.service.organization.locationmanagement.CityTestCase.test5NegativeTesting(CityTestCase.java:342)
	at sun.reflect.NativeMethodAccessorImpl.invoke0(Native Method)
	at sun.reflect.NativeMethodAccessorImpl.invoke(NativeMethodAccessorImpl.java:57)
	at sun.reflect.DelegatingMethodAccessorImpl.invoke(DelegatingMethodAccessorImpl.java:43)
	at java.lang.reflect.Method.invoke(Method.java:606)
	at org.junit.runners.model.FrameworkMethod$1.runReflectiveCall(FrameworkMethod.java:47)
	at org.junit.internal.runners.model.ReflectiveCallable.run(ReflectiveCallable.java:12)
	at org.junit.runners.model.FrameworkMethod.invokeExplosively(FrameworkMethod.java:44)
	at org.junit.internal.runners.statements.InvokeMethod.evaluate(InvokeMethod.java:17)
	at org.junit.internal.runners.statements.RunBefores.evaluate(RunBefores.java:26)
	at org.springframework.test.context.junit4.statements.RunBeforeTestMethodCallbacks.evaluate(RunBeforeTestMethodCallbacks.java:74)
	at org.junit.internal.runners.statements.RunAfters.evaluate(RunAfters.java:27)
	at org.springframework.test.context.junit4.statements.RunAfterTestMethodCallbacks.evaluate(RunAfterTestMethodCallbacks.java:83)
	at org.springframework.test.context.junit4.statements.SpringRepeat.evaluate(SpringRepeat.java:72)
	at org.springframework.test.context.junit4.SpringJUnit4ClassRunner.runChild(SpringJUnit4ClassRunner.java:233)
	at org.springframework.test.context.junit4.SpringJUnit4ClassRunner.runChild(SpringJUnit4ClassRunner.java:87)
	at org.junit.runners.ParentRunner$3.run(ParentRunner.java:238)
	at org.junit.runners.ParentRunner$1.schedule(ParentRunner.java:63)
	at org.junit.runners.ParentRunner.runChildren(ParentRunner.java:236)
	at org.junit.runners.ParentRunner.access$000(ParentRunner.java:53)
	at org.junit.runners.ParentRunner$2.evaluate(ParentRunner.java:229)
	at org.junit.internal.runners.statements.RunBefores.evaluate(RunBefores.java:26)
	at org.springframework.test.context.junit4.statements.RunBeforeTestClassCallbacks.evaluate(RunBeforeTestClassCallbacks.java:61)
	at org.springframework.test.context.junit4.statements.RunAfterTestClassCallbacks.evaluate(RunAfterTestClassCallbacks.java:71)
	at org.junit.runners.ParentRunner.run(ParentRunner.java:309)
	at org.springframework.test.context.junit4.SpringJUnit4ClassRunner.run(SpringJUnit4ClassRunner.java:176)
	at org.gradle.api.internal.tasks.testing.junit.JUnitTestClassExecuter.runTestClass(JUnitTestClassExecuter.java:86)
	at org.gradle.api.internal.tasks.testing.junit.JUnitTestClassExecuter.execute(JUnitTestClassExecuter.java:49)
	at org.gradle.api.internal.tasks.testing.junit.JUnitTestClassProcessor.processTestClass(JUnitTestClassProcessor.java:64)
	at org.gradle.api.internal.tasks.testing.SuiteTestClassProcessor.processTestClass(SuiteTestClassProcessor.java:50)
	at sun.reflect.GeneratedMethodAccessor105.invoke(Unknown Source)
	at sun.reflect.DelegatingMethodAccessorImpl.invoke(DelegatingMethodAccessorImpl.java:43)
	at java.lang.reflect.Method.invoke(Method.java:606)
	at org.gradle.messaging.dispatch.ReflectionDispatch.dispatch(ReflectionDispatch.java:35)
	at org.gradle.messaging.dispatch.ReflectionDispatch.dispatch(ReflectionDispatch.java:24)
	at org.gradle.messaging.dispatch.ContextClassLoaderDispatch.dispatch(ContextClassLoaderDispatch.java:32)
	at org.gradle.messaging.dispatch.ProxyDispatchAdapter$DispatchingInvocationHandler.invoke(ProxyDispatchAdapter.java:93)
	at com.sun.proxy.$Proxy2.processTestClass(Unknown Source)
	at org.gradle.api.internal.tasks.testing.worker.TestWorker.processTestClass(TestWorker.java:106)
	at sun.reflect.GeneratedMethodAccessor104.invoke(Unknown Source)
	at sun.reflect.DelegatingMethodAccessorImpl.invoke(DelegatingMethodAccessorImpl.java:43)
	at java.lang.reflect.Method.invoke(Method.java:606)
	at org.gradle.messaging.dispatch.ReflectionDispatch.dispatch(ReflectionDispatch.java:35)
	at org.gradle.messaging.dispatch.ReflectionDispatch.dispatch(ReflectionDispatch.java:24)
	at org.gradle.messaging.remote.internal.hub.MessageHub$Handler.run(MessageHub.java:360)
	at org.gradle.internal.concurrent.DefaultExecutorFactory$StoppableExecutorImpl$1.run(DefaultExecutorFactory.java:64)
	at java.util.concurrent.ThreadPoolExecutor.runWorker(ThreadPoolExecutor.java:1145)
	at java.util.concurrent.ThreadPoolExecutor$Worker.run(ThreadPoolExecutor.java:615)
	at java.lang.Thread.run(Thread.java:745)
com.app.shared.organization.locationmanagement.City.cityFlag size must be between 0 and 128
com.spartan.pluggable.exception.security.InvalidDataException: 90007:Invalid Exception.:Reason = Not Available!
	at com.athena.server.pluggable.utils.helper.EntityValidatorHelper.validateEntity(EntityValidatorHelper.java:28)
	at com.app.shared.organization.locationmanagement.City.isValid(City.java:251)
	at com.app.server.service.organization.locationmanagement.CityTestCase.validateCity(CityTestCase.java:269)
	at com.app.server.service.organization.locationmanagement.CityTestCase.test5NegativeTesting(CityTestCase.java:347)
	at sun.reflect.NativeMethodAccessorImpl.invoke0(Native Method)
	at sun.reflect.NativeMethodAccessorImpl.invoke(NativeMethodAccessorImpl.java:57)
	at sun.reflect.DelegatingMethodAccessorImpl.invoke(DelegatingMethodAccessorImpl.java:43)
	at java.lang.reflect.Method.invoke(Method.java:606)
	at org.junit.runners.model.FrameworkMethod$1.runReflectiveCall(FrameworkMethod.java:47)
	at org.junit.internal.runners.model.ReflectiveCallable.run(ReflectiveCallable.java:12)
	at org.junit.runners.model.FrameworkMethod.invokeExplosively(FrameworkMethod.java:44)
	at org.junit.internal.runners.statements.InvokeMethod.evaluate(InvokeMethod.java:17)
	at org.junit.internal.runners.statements.RunBefores.evaluate(RunBefores.java:26)
	at org.springframework.test.context.junit4.statements.RunBeforeTestMethodCallbacks.evaluate(RunBeforeTestMethodCallbacks.java:74)
	at org.junit.internal.runners.statements.RunAfters.evaluate(RunAfters.java:27)
	at org.springframework.test.context.junit4.statements.RunAfterTestMethodCallbacks.evaluate(RunAfterTestMethodCallbacks.java:83)
	at org.springframework.test.context.junit4.statements.SpringRepeat.evaluate(SpringRepeat.java:72)
	at org.springframework.test.context.junit4.SpringJUnit4ClassRunner.runChild(SpringJUnit4ClassRunner.java:233)
	at org.springframework.test.context.junit4.SpringJUnit4ClassRunner.runChild(SpringJUnit4ClassRunner.java:87)
	at org.junit.runners.ParentRunner$3.run(ParentRunner.java:238)
	at org.junit.runners.ParentRunner$1.schedule(ParentRunner.java:63)
	at org.junit.runners.ParentRunner.runChildren(ParentRunner.java:236)
	at org.junit.runners.ParentRunner.access$000(ParentRunner.java:53)
	at org.junit.runners.ParentRunner$2.evaluate(ParentRunner.java:229)
	at org.junit.internal.runners.statements.RunBefores.evaluate(RunBefores.java:26)
	at org.springframework.test.context.junit4.statements.RunBeforeTestClassCallbacks.evaluate(RunBeforeTestClassCallbacks.java:61)
	at org.springframework.test.context.junit4.statements.RunAfterTestClassCallbacks.evaluate(RunAfterTestClassCallbacks.java:71)
	at org.junit.runners.ParentRunner.run(ParentRunner.java:309)
	at org.springframework.test.context.junit4.SpringJUnit4ClassRunner.run(SpringJUnit4ClassRunner.java:176)
	at org.gradle.api.internal.tasks.testing.junit.JUnitTestClassExecuter.runTestClass(JUnitTestClassExecuter.java:86)
	at org.gradle.api.internal.tasks.testing.junit.JUnitTestClassExecuter.execute(JUnitTestClassExecuter.java:49)
	at org.gradle.api.internal.tasks.testing.junit.JUnitTestClassProcessor.processTestClass(JUnitTestClassProcessor.java:64)
	at org.gradle.api.internal.tasks.testing.SuiteTestClassProcessor.processTestClass(SuiteTestClassProcessor.java:50)
	at sun.reflect.GeneratedMethodAccessor105.invoke(Unknown Source)
	at sun.reflect.DelegatingMethodAccessorImpl.invoke(DelegatingMethodAccessorImpl.java:43)
	at java.lang.reflect.Method.invoke(Method.java:606)
	at org.gradle.messaging.dispatch.ReflectionDispatch.dispatch(ReflectionDispatch.java:35)
	at org.gradle.messaging.dispatch.ReflectionDispatch.dispatch(ReflectionDispatch.java:24)
	at org.gradle.messaging.dispatch.ContextClassLoaderDispatch.dispatch(ContextClassLoaderDispatch.java:32)
	at org.gradle.messaging.dispatch.ProxyDispatchAdapter$DispatchingInvocationHandler.invoke(ProxyDispatchAdapter.java:93)
	at com.sun.proxy.$Proxy2.processTestClass(Unknown Source)
	at org.gradle.api.internal.tasks.testing.worker.TestWorker.processTestClass(TestWorker.java:106)
	at sun.reflect.GeneratedMethodAccessor104.invoke(Unknown Source)
	at sun.reflect.DelegatingMethodAccessorImpl.invoke(DelegatingMethodAccessorImpl.java:43)
	at java.lang.reflect.Method.invoke(Method.java:606)
	at org.gradle.messaging.dispatch.ReflectionDispatch.dispatch(ReflectionDispatch.java:35)
	at org.gradle.messaging.dispatch.ReflectionDispatch.dispatch(ReflectionDispatch.java:24)
	at org.gradle.messaging.remote.internal.hub.MessageHub$Handler.run(MessageHub.java:360)
	at org.gradle.internal.concurrent.DefaultExecutorFactory$StoppableExecutorImpl$1.run(DefaultExecutorFactory.java:64)
	at java.util.concurrent.ThreadPoolExecutor.runWorker(ThreadPoolExecutor.java:1145)
	at java.util.concurrent.ThreadPoolExecutor$Worker.run(ThreadPoolExecutor.java:615)
	at java.lang.Thread.run(Thread.java:745)
com.app.shared.organization.locationmanagement.City.cityLatitude must be less than or equal to 11
com.spartan.pluggable.exception.security.InvalidDataException: 90007:Invalid Exception.:Reason = Not Available!
	at com.athena.server.pluggable.utils.helper.EntityValidatorHelper.validateEntity(EntityValidatorHelper.java:28)
	at com.app.shared.organization.locationmanagement.City.isValid(City.java:251)
	at com.app.server.service.organization.locationmanagement.CityTestCase.validateCity(CityTestCase.java:269)
	at com.app.server.service.organization.locationmanagement.CityTestCase.test5NegativeTesting(CityTestCase.java:352)
	at sun.reflect.NativeMethodAccessorImpl.invoke0(Native Method)
	at sun.reflect.NativeMethodAccessorImpl.invoke(NativeMethodAccessorImpl.java:57)
	at sun.reflect.DelegatingMethodAccessorImpl.invoke(DelegatingMethodAccessorImpl.java:43)
	at java.lang.reflect.Method.invoke(Method.java:606)
	at org.junit.runners.model.FrameworkMethod$1.runReflectiveCall(FrameworkMethod.java:47)
	at org.junit.internal.runners.model.ReflectiveCallable.run(ReflectiveCallable.java:12)
	at org.junit.runners.model.FrameworkMethod.invokeExplosively(FrameworkMethod.java:44)
	at org.junit.internal.runners.statements.InvokeMethod.evaluate(InvokeMethod.java:17)
	at org.junit.internal.runners.statements.RunBefores.evaluate(RunBefores.java:26)
	at org.springframework.test.context.junit4.statements.RunBeforeTestMethodCallbacks.evaluate(RunBeforeTestMethodCallbacks.java:74)
	at org.junit.internal.runners.statements.RunAfters.evaluate(RunAfters.java:27)
	at org.springframework.test.context.junit4.statements.RunAfterTestMethodCallbacks.evaluate(RunAfterTestMethodCallbacks.java:83)
	at org.springframework.test.context.junit4.statements.SpringRepeat.evaluate(SpringRepeat.java:72)
	at org.springframework.test.context.junit4.SpringJUnit4ClassRunner.runChild(SpringJUnit4ClassRunner.java:233)
	at org.springframework.test.context.junit4.SpringJUnit4ClassRunner.runChild(SpringJUnit4ClassRunner.java:87)
	at org.junit.runners.ParentRunner$3.run(ParentRunner.java:238)
	at org.junit.runners.ParentRunner$1.schedule(ParentRunner.java:63)
	at org.junit.runners.ParentRunner.runChildren(ParentRunner.java:236)
	at org.junit.runners.ParentRunner.access$000(ParentRunner.java:53)
	at org.junit.runners.ParentRunner$2.evaluate(ParentRunner.java:229)
	at org.junit.internal.runners.statements.RunBefores.evaluate(RunBefores.java:26)
	at org.springframework.test.context.junit4.statements.RunBeforeTestClassCallbacks.evaluate(RunBeforeTestClassCallbacks.java:61)
	at org.springframework.test.context.junit4.statements.RunAfterTestClassCallbacks.evaluate(RunAfterTestClassCallbacks.java:71)
	at org.junit.runners.ParentRunner.run(ParentRunner.java:309)
	at org.springframework.test.context.junit4.SpringJUnit4ClassRunner.run(SpringJUnit4ClassRunner.java:176)
	at org.gradle.api.internal.tasks.testing.junit.JUnitTestClassExecuter.runTestClass(JUnitTestClassExecuter.java:86)
	at org.gradle.api.internal.tasks.testing.junit.JUnitTestClassExecuter.execute(JUnitTestClassExecuter.java:49)
	at org.gradle.api.internal.tasks.testing.junit.JUnitTestClassProcessor.processTestClass(JUnitTestClassProcessor.java:64)
	at org.gradle.api.internal.tasks.testing.SuiteTestClassProcessor.processTestClass(SuiteTestClassProcessor.java:50)
	at sun.reflect.GeneratedMethodAccessor105.invoke(Unknown Source)
	at sun.reflect.DelegatingMethodAccessorImpl.invoke(DelegatingMethodAccessorImpl.java:43)
	at java.lang.reflect.Method.invoke(Method.java:606)
	at org.gradle.messaging.dispatch.ReflectionDispatch.dispatch(ReflectionDispatch.java:35)
	at org.gradle.messaging.dispatch.ReflectionDispatch.dispatch(ReflectionDispatch.java:24)
	at org.gradle.messaging.dispatch.ContextClassLoaderDispatch.dispatch(ContextClassLoaderDispatch.java:32)
	at org.gradle.messaging.dispatch.ProxyDispatchAdapter$DispatchingInvocationHandler.invoke(ProxyDispatchAdapter.java:93)
	at com.sun.proxy.$Proxy2.processTestClass(Unknown Source)
	at org.gradle.api.internal.tasks.testing.worker.TestWorker.processTestClass(TestWorker.java:106)
	at sun.reflect.GeneratedMethodAccessor104.invoke(Unknown Source)
	at sun.reflect.DelegatingMethodAccessorImpl.invoke(DelegatingMethodAccessorImpl.java:43)
	at java.lang.reflect.Method.invoke(Method.java:606)
	at org.gradle.messaging.dispatch.ReflectionDispatch.dispatch(ReflectionDispatch.java:35)
	at org.gradle.messaging.dispatch.ReflectionDispatch.dispatch(ReflectionDispatch.java:24)
	at org.gradle.messaging.remote.internal.hub.MessageHub$Handler.run(MessageHub.java:360)
	at org.gradle.internal.concurrent.DefaultExecutorFactory$StoppableExecutorImpl$1.run(DefaultExecutorFactory.java:64)
	at java.util.concurrent.ThreadPoolExecutor.runWorker(ThreadPoolExecutor.java:1145)
	at java.util.concurrent.ThreadPoolExecutor$Worker.run(ThreadPoolExecutor.java:615)
	at java.lang.Thread.run(Thread.java:745)
com.app.shared.organization.locationmanagement.City.cityLongitude must be less than or equal to 11
com.spartan.pluggable.exception.security.InvalidDataException: 90007:Invalid Exception.:Reason = Not Available!
	at com.athena.server.pluggable.utils.helper.EntityValidatorHelper.validateEntity(EntityValidatorHelper.java:28)
	at com.app.shared.organization.locationmanagement.City.isValid(City.java:251)
	at com.app.server.service.organization.locationmanagement.CityTestCase.validateCity(CityTestCase.java:269)
	at com.app.server.service.organization.locationmanagement.CityTestCase.test5NegativeTesting(CityTestCase.java:357)
	at sun.reflect.NativeMethodAccessorImpl.invoke0(Native Method)
	at sun.reflect.NativeMethodAccessorImpl.invoke(NativeMethodAccessorImpl.java:57)
	at sun.reflect.DelegatingMethodAccessorImpl.invoke(DelegatingMethodAccessorImpl.java:43)
	at java.lang.reflect.Method.invoke(Method.java:606)
	at org.junit.runners.model.FrameworkMethod$1.runReflectiveCall(FrameworkMethod.java:47)
	at org.junit.internal.runners.model.ReflectiveCallable.run(ReflectiveCallable.java:12)
	at org.junit.runners.model.FrameworkMethod.invokeExplosively(FrameworkMethod.java:44)
	at org.junit.internal.runners.statements.InvokeMethod.evaluate(InvokeMethod.java:17)
	at org.junit.internal.runners.statements.RunBefores.evaluate(RunBefores.java:26)
	at org.springframework.test.context.junit4.statements.RunBeforeTestMethodCallbacks.evaluate(RunBeforeTestMethodCallbacks.java:74)
	at org.junit.internal.runners.statements.RunAfters.evaluate(RunAfters.java:27)
	at org.springframework.test.context.junit4.statements.RunAfterTestMethodCallbacks.evaluate(RunAfterTestMethodCallbacks.java:83)
	at org.springframework.test.context.junit4.statements.SpringRepeat.evaluate(SpringRepeat.java:72)
	at org.springframework.test.context.junit4.SpringJUnit4ClassRunner.runChild(SpringJUnit4ClassRunner.java:233)
	at org.springframework.test.context.junit4.SpringJUnit4ClassRunner.runChild(SpringJUnit4ClassRunner.java:87)
	at org.junit.runners.ParentRunner$3.run(ParentRunner.java:238)
	at org.junit.runners.ParentRunner$1.schedule(ParentRunner.java:63)
	at org.junit.runners.ParentRunner.runChildren(ParentRunner.java:236)
	at org.junit.runners.ParentRunner.access$000(ParentRunner.java:53)
	at org.junit.runners.ParentRunner$2.evaluate(ParentRunner.java:229)
	at org.junit.internal.runners.statements.RunBefores.evaluate(RunBefores.java:26)
	at org.springframework.test.context.junit4.statements.RunBeforeTestClassCallbacks.evaluate(RunBeforeTestClassCallbacks.java:61)
	at org.springframework.test.context.junit4.statements.RunAfterTestClassCallbacks.evaluate(RunAfterTestClassCallbacks.java:71)
	at org.junit.runners.ParentRunner.run(ParentRunner.java:309)
	at org.springframework.test.context.junit4.SpringJUnit4ClassRunner.run(SpringJUnit4ClassRunner.java:176)
	at org.gradle.api.internal.tasks.testing.junit.JUnitTestClassExecuter.runTestClass(JUnitTestClassExecuter.java:86)
	at org.gradle.api.internal.tasks.testing.junit.JUnitTestClassExecuter.execute(JUnitTestClassExecuter.java:49)
	at org.gradle.api.internal.tasks.testing.junit.JUnitTestClassProcessor.processTestClass(JUnitTestClassProcessor.java:64)
	at org.gradle.api.internal.tasks.testing.SuiteTestClassProcessor.processTestClass(SuiteTestClassProcessor.java:50)
	at sun.reflect.GeneratedMethodAccessor105.invoke(Unknown Source)
	at sun.reflect.DelegatingMethodAccessorImpl.invoke(DelegatingMethodAccessorImpl.java:43)
	at java.lang.reflect.Method.invoke(Method.java:606)
	at org.gradle.messaging.dispatch.ReflectionDispatch.dispatch(ReflectionDispatch.java:35)
	at org.gradle.messaging.dispatch.ReflectionDispatch.dispatch(ReflectionDispatch.java:24)
	at org.gradle.messaging.dispatch.ContextClassLoaderDispatch.dispatch(ContextClassLoaderDispatch.java:32)
	at org.gradle.messaging.dispatch.ProxyDispatchAdapter$DispatchingInvocationHandler.invoke(ProxyDispatchAdapter.java:93)
	at com.sun.proxy.$Proxy2.processTestClass(Unknown Source)
	at org.gradle.api.internal.tasks.testing.worker.TestWorker.processTestClass(TestWorker.java:106)
	at sun.reflect.GeneratedMethodAccessor104.invoke(Unknown Source)
	at sun.reflect.DelegatingMethodAccessorImpl.invoke(DelegatingMethodAccessorImpl.java:43)
	at java.lang.reflect.Method.invoke(Method.java:606)
	at org.gradle.messaging.dispatch.ReflectionDispatch.dispatch(ReflectionDispatch.java:35)
	at org.gradle.messaging.dispatch.ReflectionDispatch.dispatch(ReflectionDispatch.java:24)
	at org.gradle.messaging.remote.internal.hub.MessageHub$Handler.run(MessageHub.java:360)
	at org.gradle.internal.concurrent.DefaultExecutorFactory$StoppableExecutorImpl$1.run(DefaultExecutorFactory.java:64)
	at java.util.concurrent.ThreadPoolExecutor.runWorker(ThreadPoolExecutor.java:1145)
	at java.util.concurrent.ThreadPoolExecutor$Worker.run(ThreadPoolExecutor.java:615)
	at java.lang.Thread.run(Thread.java:745)
java.lang.NullPointerException
	at com.spartan.logger.connectors.file.LogFileHandler.writeData(LogFileHandler.java:109)
	at com.spartan.logger.connectors.file.FileConnector.writeData(FileConnector.java:69)
	at com.spartan.logger.connectors.file.FileConnector.writeLog(FileConnector.java:51)
	at com.spartan.logger.core.queue.QueueConsumer.consumeAlarm(QueueConsumer.java:76)
	at com.spartan.logger.core.queue.QueueConsumer.run(QueueConsumer.java:41)
	at java.lang.Thread.run(Thread.java:745)
java.lang.NullPointerException
	at com.spartan.logger.connectors.file.LogFileHandler.writeData(LogFileHandler.java:109)
	at com.spartan.logger.connectors.file.FileConnector.writeData(FileConnector.java:69)
	at com.spartan.logger.connectors.file.FileConnector.writeLog(FileConnector.java:51)
	at com.spartan.logger.core.queue.QueueConsumer.consumeAlarm(QueueConsumer.java:76)
	at com.spartan.logger.core.queue.QueueConsumer.run(QueueConsumer.java:41)
	at java.lang.Thread.run(Thread.java:745)
java.lang.NullPointerException
	at com.spartan.logger.connectors.file.LogFileHandler.writeData(LogFileHandler.java:109)
	at com.spartan.logger.connectors.file.FileConnector.writeData(FileConnector.java:69)
	at com.spartan.logger.connectors.file.FileConnector.writeLog(FileConnector.java:51)
	at com.spartan.logger.core.queue.QueueConsumer.consumeAlarm(QueueConsumer.java:76)
	at com.spartan.logger.core.queue.QueueConsumer.run(QueueConsumer.java:41)
	at java.lang.Thread.run(Thread.java:745)
java.lang.NullPointerException
	at com.spartan.logger.connectors.file.LogFileHandler.writeData(LogFileHandler.java:109)
	at com.spartan.logger.connectors.file.FileConnector.writeData(FileConnector.java:69)
	at com.spartan.logger.connectors.file.FileConnector.writeLog(FileConnector.java:51)
	at com.spartan.logger.core.queue.QueueConsumer.consumeAlarm(QueueConsumer.java:76)
	at com.spartan.logger.core.queue.QueueConsumer.run(QueueConsumer.java:41)
	at java.lang.Thread.run(Thread.java:745)
java.lang.NullPointerException
	at com.spartan.logger.connectors.file.LogFileHandler.writeData(LogFileHandler.java:109)
	at com.spartan.logger.connectors.file.FileConnector.writeData(FileConnector.java:69)
	at com.spartan.logger.connectors.file.FileConnector.writeLog(FileConnector.java:51)
	at com.spartan.logger.core.queue.QueueConsumer.consumeAlarm(QueueConsumer.java:76)
	at com.spartan.logger.core.queue.QueueConsumer.run(QueueConsumer.java:41)
	at java.lang.Thread.run(Thread.java:745)
java.lang.NullPointerException
	at com.spartan.logger.connectors.file.LogFileHandler.writeData(LogFileHandler.java:109)
	at com.spartan.logger.connectors.file.FileConnector.writeData(FileConnector.java:69)
	at com.spartan.logger.connectors.file.FileConnector.writeLog(FileConnector.java:51)
	at com.spartan.logger.core.queue.QueueConsumer.consumeAlarm(QueueConsumer.java:76)
	at com.spartan.logger.core.queue.QueueConsumer.run(QueueConsumer.java:41)
	at java.lang.Thread.run(Thread.java:745)
java.lang.NullPointerException
	at com.spartan.logger.connectors.file.LogFileHandler.writeData(LogFileHandler.java:109)
	at com.spartan.logger.connectors.file.FileConnector.writeData(FileConnector.java:69)
	at com.spartan.logger.connectors.file.FileConnector.writeLog(FileConnector.java:51)
	at com.spartan.logger.core.queue.QueueConsumer.consumeAlarm(QueueConsumer.java:76)
	at com.spartan.logger.core.queue.QueueConsumer.run(QueueConsumer.java:41)
	at java.lang.Thread.run(Thread.java:745)
java.lang.NullPointerException
	at com.spartan.logger.connectors.file.LogFileHandler.writeData(LogFileHandler.java:109)
	at com.spartan.logger.connectors.file.FileConnector.writeData(FileConnector.java:69)
	at com.spartan.logger.connectors.file.FileConnector.writeLog(FileConnector.java:51)
	at com.spartan.logger.core.queue.QueueConsumer.consumeAlarm(QueueConsumer.java:76)
	at com.spartan.logger.core.queue.QueueConsumer.run(QueueConsumer.java:41)
	at java.lang.Thread.run(Thread.java:745)
java.lang.NullPointerException
	at com.spartan.logger.connectors.file.LogFileHandler.writeData(LogFileHandler.java:109)
	at com.spartan.logger.connectors.file.FileConnector.writeData(FileConnector.java:69)
	at com.spartan.logger.connectors.file.FileConnector.writeLog(FileConnector.java:51)
	at com.spartan.logger.core.queue.QueueConsumer.consumeAlarm(QueueConsumer.java:76)
	at com.spartan.logger.core.queue.QueueConsumer.run(QueueConsumer.java:41)
	at java.lang.Thread.run(Thread.java:745)
]]></system-err>
</testsuite>
