<?xml version="1.0" encoding="UTF-8"?>
<testsuite name="com.app.server.service.organization.contactmanagement.CommunicationTypeTestCase" tests="5" skipped="0" failures="0" errors="0" timestamp="2016-05-05T11:43:33" hostname="bb2aa222972f" time="0.361">
  <properties/>
  <testcase name="test1Save" classname="com.app.server.service.organization.contactmanagement.CommunicationTypeTestCase" time="0.147"/>
  <testcase name="test2Update" classname="com.app.server.service.organization.contactmanagement.CommunicationTypeTestCase" time="0.041"/>
  <testcase name="test3FindById" classname="com.app.server.service.organization.contactmanagement.CommunicationTypeTestCase" time="0.011"/>
  <testcase name="test5NegativeTesting" classname="com.app.server.service.organization.contactmanagement.CommunicationTypeTestCase" time="0.017"/>
  <testcase name="test6Delete" classname="com.app.server.service.organization.contactmanagement.CommunicationTypeTestCase" time="0.145"/>
  <system-out><![CDATA[Thu May 05 11:43:33 UTC 2016|Log Manager Factory|Initialization Process started.....
Thu May 05 11:43:33 UTC 2016|Log Manager|Initialized with Path = [/home/applifire/workspace/testlic1/src/main/webapp/WEB-INF/conf/]
Thu May 05 11:43:33 UTC 2016|Alarm Manager|Initialized with Path = [/home/applifire/workspace/testlic1/src/main/webapp/WEB-INF/conf/]
Thu May 05 11:43:33 UTC 2016|Alarm Manager|Loading Alarms ......
Thu May 05 11:43:33 UTC 2016|Alarm XML Parser|FWA|XML Parsing Complete........ 
Thu May 05 11:43:33 UTC 2016|Alarm File Manager|FWA|Alarm File Status.. [ApplicationFrameworkAlarms.xml]|Version=13|Status=Done 
Thu May 05 11:43:33 UTC 2016|Alarm File Manager|FWA|Alarm Stats = ( BC/AL=4/242 SYS=4/9 [242/0]  TPL=0/0 [0/0]  APP= A.Map=[320]  E.Map EC/RC=[3/0] )
Thu May 05 11:43:33 UTC 2016|Alarm XML Parser|APP|XML Parsing Complete........ 
Thu May 05 11:43:33 UTC 2016|Alarm File Manager|APP|Alarm File Status.. [ApplicationAlarms.xml]|Version=1|Status=Done 
Thu May 05 11:43:33 UTC 2016|Alarm File Manager|APP|Alarm Stats = ( BC/AL=4/242 SYS=4/9 [242/0]  TPL=0/0 [0/0]  APP=0/0 [0/0]  A.Map=[320]  E.Map EC/RC=[3/0] )
Thu May 05 11:43:33 UTC 2016|ApplicationAlarmContext| <><><><><> Create App Alarms ....  <><><><><> 
Thu May 05 11:43:33 UTC 2016|ApplicationAlarmContext|Alarms are generated ONLY in Development Mode.. 
Thu May 05 11:43:33 UTC 2016|Alarm Manager|APP|Alarm Stats = ( BC/AL=4/242 SYS=4/9 [242/0]  TPL=0/0 [0/0]  APP=0/0 [0/0]  A.Map=[320]  E.Map EC/RC=[3/0] )
Thu May 05 11:43:33 UTC 2016|Alarm Manager|Initialized Exception Lookup...
Thu May 05 11:43:33 UTC 2016|Log Manager|Initialize Log Config File ......
Thu May 05 11:43:33 UTC 2016|Pluggable Connectors|Adding Connectors : StandardOutputConnector isEnabled=true isDefault=false isFallBack=true
Thu May 05 11:43:33 UTC 2016|Pluggable Connectors|Adding Connectors : StandardFileConnector isEnabled=true isDefault=false isFallBack=false
Thu May 05 11:43:33 UTC 2016|Pluggable Connectors|Adding Connectors : Sprinkler isEnabled=true isDefault=true isFallBack=false
Thu May 05 11:43:33 UTC 2016|Pluggable Connectors|Default Connector Name : com.spartan.logger.core.LogMessenger
Thu May 05 11:43:33 UTC 2016|Log Config Parser|Connector Least Log Level =[4]  FallBack Log Level =[3]
Thu May 05 11:43:33 UTC 2016|Log Manager|Loading Default Connector for Logging ......
Thu May 05 11:43:33 UTC 2016|Log Manager|Loading class .. com.spartan.logger.core.LogMessenger
Thu May 05 11:43:33 UTC 2016|Plugggable Connector|Connector class com.spartan.logger.core.LogMessenger Initialized... @ Log Level = 3
Thu May 05 11:43:33 UTC 2016|Log Manager|Starting the Default Connector [com.spartan.logger.core.LogMessenger@3fbdc007] ....
Thu May 05 11:43:33 UTC 2016|Scheduler|Starting the Scheduler ......
Thu May 05 11:43:33 UTC 2016|Scheduler|Adding [LMID=[422b54bd-2e18-48d5-879d-cc845dea9dae]] Delay=5 Time Unit=MINUTES
Thu May 05 11:43:33 UTC 2016|Scheduler|Adding [App Alarm Manager File=[ApplicationAlarms.xml]] Delay=30 Time Unit=MINUTES
Thu May 05 11:43:33 UTC 2016|Scheduler|Adding [FW Alarm Manager File=[ApplicationFrameworkAlarms.xml]] Delay=3 Time Unit=MINUTES
Thu May 05 11:43:33 UTC 2016|Scheduler|Startup Completed..
Thu May 05 11:43:33 UTC 2016|Log Manager|Initialization Process Complete ......
Thu May 05 11:43:33 UTC 2016|Log Manager Factory|Log Manager READY! ID = 422b54bd-2e18-48d5-879d-cc845dea9dae
[EL Fine]: sql: 2016-05-05 11:43:33.466--ClientSession(1038509448)--Connection(842461350)--Thread(Thread[Test worker,5,main])--INSERT INTO ast_CommunicationGroup_M (commGroupId, commGroupDescription, commGroupName, versionId, createdBy, createdDate, updatedBy, updatedDate, activeStatus, txnAccessCode) VALUES (?, ?, ?, ?, ?, ?, ?, ?, ?, ?)
	bind => [02750340-14B5-47B9-9C28-7BF6087259E7, 3SaKjahTC5ra2FL1fQt3OWB5ndekG63nh5UVT2IoOEPI7WFeaP, pq6z50E29ZkPy0NHZ8fsevUC6iS7w4kwyfwuCIkf7D8GKmQ8Bs, 1, AAAAA, 2016-05-05 11:43:33.461, AAAAA, 2016-05-05 11:43:33.461, 1, 51000]
Setting logged in user info for ADD
[EL Fine]: sql: 2016-05-05 11:43:33.541--ClientSession(213174965)--Connection(842461350)--Thread(Thread[Test worker,5,main])--INSERT INTO ast_CommunicationType_M (commType, commGroupId, commTypeDescription, commTypeName, versionId, createdBy, createdDate, updatedBy, updatedDate, activeStatus, txnAccessCode) VALUES (?, ?, ?, ?, ?, ?, ?, ?, ?, ?, ?)
	bind => [883E8E4E-FF73-4060-9F37-3DF11E36603E, 02750340-14B5-47B9-9C28-7BF6087259E7, tBEmXY9qORWG9UAgR8czO4eGGsHJA2sqXVijmGOlhm5pvKSEtB, Xx6ohjbseeCZhfpX4Vf5aoCDlzy353nrOwnnxUWpwOZtGSBtRz, 1, AAAAA, 2016-05-05 11:43:33.537, AAAAA, 2016-05-05 11:43:33.537, 1, 51000]
[EL Fine]: sql: 2016-05-05 11:43:33.577--ClientSession(1237218665)--Connection(842461350)--Thread(Thread[Test worker,5,main])--SELECT commType, commGroupId, commTypeDescription, commTypeName, versionId, createdBy, createdDate, updatedBy, updatedDate, activeStatus, txnAccessCode FROM ast_CommunicationType_M WHERE ((activeStatus = ?) AND (commType = ?))
	bind => [1, 883E8E4E-FF73-4060-9F37-3DF11E36603E]
Setting logged in user info for UPDATE
[EL Fine]: sql: 2016-05-05 11:43:33.585--ClientSession(2112303487)--Connection(842461350)--Thread(Thread[Test worker,5,main])--SELECT commType, commGroupId, commTypeDescription, commTypeName, versionId, createdBy, createdDate, updatedBy, updatedDate, activeStatus, txnAccessCode FROM ast_CommunicationType_M WHERE (commType = ?)
	bind => [883E8E4E-FF73-4060-9F37-3DF11E36603E]
[EL Fine]: sql: 2016-05-05 11:43:33.59--ClientSession(2112303487)--Connection(842461350)--Thread(Thread[Test worker,5,main])--UPDATE ast_CommunicationType_M SET commTypeDescription = ?, commTypeName = ?, versionId = ? WHERE ((commType = ?) AND (versionId = ?))
	bind => [8hP3bp6c0plV0uvj7RjwfxolWVD4BK5tcyyqRHVvaXm3GHnVGr, Z4IAN6OQC45KvI4YHn2c1gvghfVI7AP6Q0Wu4bgTU4ceq1hsWv, 2, 883E8E4E-FF73-4060-9F37-3DF11E36603E, 1]
[EL Fine]: sql: 2016-05-05 11:43:33.619--ClientSession(1239918488)--Connection(842461350)--Thread(Thread[Test worker,5,main])--SELECT commType, commGroupId, commTypeDescription, commTypeName, versionId, createdBy, createdDate, updatedBy, updatedDate, activeStatus, txnAccessCode FROM ast_CommunicationType_M WHERE ((activeStatus = ?) AND (commType = ?))
	bind => [1, 883E8E4E-FF73-4060-9F37-3DF11E36603E]
[EL Fine]: sql: 2016-05-05 11:43:33.649--ClientSession(814473841)--Connection(842461350)--Thread(Thread[Test worker,5,main])--SELECT commType, commGroupId, commTypeDescription, commTypeName, versionId, createdBy, createdDate, updatedBy, updatedDate, activeStatus, txnAccessCode FROM ast_CommunicationType_M WHERE (commType = ?)
	bind => [883E8E4E-FF73-4060-9F37-3DF11E36603E]
[EL Fine]: sql: 2016-05-05 11:43:33.651--ClientSession(814473841)--Connection(842461350)--Thread(Thread[Test worker,5,main])--DELETE FROM ast_CommunicationType_M WHERE ((commType = ?) AND (versionId = ?))
	bind => [883E8E4E-FF73-4060-9F37-3DF11E36603E, 2]
[EL Fine]: sql: 2016-05-05 11:43:33.711--ClientSession(1576630455)--Connection(842461350)--Thread(Thread[Test worker,5,main])--SELECT commGroupId, commGroupDescription, commGroupName, versionId, createdBy, createdDate, updatedBy, updatedDate, activeStatus, txnAccessCode FROM ast_CommunicationGroup_M WHERE (commGroupId = ?)
	bind => [02750340-14B5-47B9-9C28-7BF6087259E7]
[EL Fine]: sql: 2016-05-05 11:43:33.713--ClientSession(1576630455)--Connection(842461350)--Thread(Thread[Test worker,5,main])--DELETE FROM ast_CommunicationGroup_M WHERE ((commGroupId = ?) AND (versionId = ?))
	bind => [02750340-14B5-47B9-9C28-7BF6087259E7, 1]
]]></system-out>
  <system-err><![CDATA[java.lang.NullPointerException
	at com.spartan.logger.connectors.file.LogFileHandler.writeData(LogFileHandler.java:109)
	at com.spartan.logger.connectors.file.FileConnector.writeData(FileConnector.java:69)
	at com.spartan.logger.connectors.file.FileConnector.writeLog(FileConnector.java:51)
	at com.spartan.logger.core.queue.QueueConsumer.consumeAlarm(QueueConsumer.java:76)
	at com.spartan.logger.core.queue.QueueConsumer.run(QueueConsumer.java:41)
	at java.lang.Thread.run(Thread.java:745)
java.lang.NullPointerException
	at com.spartan.logger.connectors.file.LogFileHandler.writeData(LogFileHandler.java:109)
	at com.spartan.logger.connectors.file.FileConnector.writeData(FileConnector.java:69)
	at com.spartan.logger.connectors.file.FileConnector.writeLog(FileConnector.java:51)
	at com.spartan.logger.core.queue.QueueConsumer.consumeAlarm(QueueConsumer.java:76)
	at com.spartan.logger.core.queue.QueueConsumer.run(QueueConsumer.java:41)
	at java.lang.Thread.run(Thread.java:745)
java.lang.NullPointerException
	at com.spartan.logger.connectors.file.LogFileHandler.writeData(LogFileHandler.java:109)
	at com.spartan.logger.connectors.file.FileConnector.writeData(FileConnector.java:69)
	at com.spartan.logger.connectors.file.FileConnector.writeLog(FileConnector.java:51)
	at com.spartan.logger.core.queue.QueueConsumer.consumeAlarm(QueueConsumer.java:76)
	at com.spartan.logger.core.queue.QueueConsumer.run(QueueConsumer.java:41)
	at java.lang.Thread.run(Thread.java:745)
java.lang.NullPointerException
	at com.spartan.logger.connectors.file.LogFileHandler.writeData(LogFileHandler.java:109)
	at com.spartan.logger.connectors.file.FileConnector.writeData(FileConnector.java:69)
	at com.spartan.logger.connectors.file.FileConnector.writeLog(FileConnector.java:51)
	at com.spartan.logger.core.queue.QueueConsumer.consumeAlarm(QueueConsumer.java:76)
	at com.spartan.logger.core.queue.QueueConsumer.run(QueueConsumer.java:41)
	at java.lang.Thread.run(Thread.java:745)
java.lang.NullPointerException
	at com.spartan.logger.connectors.file.LogFileHandler.writeData(LogFileHandler.java:109)
	at com.spartan.logger.connectors.file.FileConnector.writeData(FileConnector.java:69)
	at com.spartan.logger.connectors.file.FileConnector.writeLog(FileConnector.java:51)
	at com.spartan.logger.core.queue.QueueConsumer.consumeAlarm(QueueConsumer.java:76)
	at com.spartan.logger.core.queue.QueueConsumer.run(QueueConsumer.java:41)
	at java.lang.Thread.run(Thread.java:745)
java.lang.NullPointerException
	at com.spartan.logger.connectors.file.LogFileHandler.writeData(LogFileHandler.java:109)
	at com.spartan.logger.connectors.file.FileConnector.writeData(FileConnector.java:69)
	at com.spartan.logger.connectors.file.FileConnector.writeLog(FileConnector.java:51)
	at com.spartan.logger.core.queue.QueueConsumer.consumeAlarm(QueueConsumer.java:76)
	at com.spartan.logger.core.queue.QueueConsumer.run(QueueConsumer.java:41)
	at java.lang.Thread.run(Thread.java:745)
java.lang.NullPointerException
	at com.spartan.logger.connectors.file.LogFileHandler.writeData(LogFileHandler.java:109)
	at com.spartan.logger.connectors.file.FileConnector.writeData(FileConnector.java:69)
	at com.spartan.logger.connectors.file.FileConnector.writeLog(FileConnector.java:51)
	at com.spartan.logger.core.queue.QueueConsumer.consumeAlarm(QueueConsumer.java:76)
	at com.spartan.logger.core.queue.QueueConsumer.run(QueueConsumer.java:41)
	at java.lang.Thread.run(Thread.java:745)
java.lang.NullPointerException
	at com.spartan.logger.connectors.file.LogFileHandler.writeData(LogFileHandler.java:109)
	at com.spartan.logger.connectors.file.FileConnector.writeData(FileConnector.java:69)
	at com.spartan.logger.connectors.file.FileConnector.writeLog(FileConnector.java:51)
	at com.spartan.logger.core.queue.QueueConsumer.consumeAlarm(QueueConsumer.java:76)
	at com.spartan.logger.core.queue.QueueConsumer.run(QueueConsumer.java:41)
	at java.lang.Thread.run(Thread.java:745)
java.lang.NullPointerException
	at com.spartan.logger.connectors.file.LogFileHandler.writeData(LogFileHandler.java:109)
	at com.spartan.logger.connectors.file.FileConnector.writeData(FileConnector.java:69)
	at com.spartan.logger.connectors.file.FileConnector.writeLog(FileConnector.java:51)
	at com.spartan.logger.core.queue.QueueConsumer.consumeAlarm(QueueConsumer.java:76)
	at com.spartan.logger.core.queue.QueueConsumer.run(QueueConsumer.java:41)
	at java.lang.Thread.run(Thread.java:745)
java.lang.NullPointerException
	at com.spartan.logger.connectors.file.LogFileHandler.writeData(LogFileHandler.java:109)
	at com.spartan.logger.connectors.file.FileConnector.writeData(FileConnector.java:69)
	at com.spartan.logger.connectors.file.FileConnector.writeLog(FileConnector.java:51)
	at com.spartan.logger.core.queue.QueueConsumer.consumeAlarm(QueueConsumer.java:76)
	at com.spartan.logger.core.queue.QueueConsumer.run(QueueConsumer.java:41)
	at java.lang.Thread.run(Thread.java:745)
java.lang.NullPointerException
	at com.spartan.logger.connectors.file.LogFileHandler.writeData(LogFileHandler.java:109)
	at com.spartan.logger.connectors.file.FileConnector.writeData(FileConnector.java:69)
	at com.spartan.logger.connectors.file.FileConnector.writeLog(FileConnector.java:51)
	at com.spartan.logger.core.queue.QueueConsumer.consumeAlarm(QueueConsumer.java:76)
	at com.spartan.logger.core.queue.QueueConsumer.run(QueueConsumer.java:41)
	at java.lang.Thread.run(Thread.java:745)
java.lang.NullPointerException
	at com.spartan.logger.connectors.file.LogFileHandler.writeData(LogFileHandler.java:109)
	at com.spartan.logger.connectors.file.FileConnector.writeData(FileConnector.java:69)
	at com.spartan.logger.connectors.file.FileConnector.writeLog(FileConnector.java:51)
	at com.spartan.logger.core.queue.QueueConsumer.consumeAlarm(QueueConsumer.java:76)
	at com.spartan.logger.core.queue.QueueConsumer.run(QueueConsumer.java:41)
	at java.lang.Thread.run(Thread.java:745)
java.lang.NullPointerException
	at com.spartan.logger.connectors.file.LogFileHandler.writeData(LogFileHandler.java:109)
	at com.spartan.logger.connectors.file.FileConnector.writeData(FileConnector.java:69)
	at com.spartan.logger.connectors.file.FileConnector.writeLog(FileConnector.java:51)
	at com.spartan.logger.core.queue.QueueConsumer.consumeAlarm(QueueConsumer.java:76)
	at com.spartan.logger.core.queue.QueueConsumer.run(QueueConsumer.java:41)
	at java.lang.Thread.run(Thread.java:745)
java.lang.NullPointerException
	at com.spartan.logger.connectors.file.LogFileHandler.writeData(LogFileHandler.java:109)
	at com.spartan.logger.connectors.file.FileConnector.writeData(FileConnector.java:69)
	at com.spartan.logger.connectors.file.FileConnector.writeLog(FileConnector.java:51)
	at com.spartan.logger.core.queue.QueueConsumer.consumeAlarm(QueueConsumer.java:76)
	at com.spartan.logger.core.queue.QueueConsumer.run(QueueConsumer.java:41)
	at java.lang.Thread.run(Thread.java:745)
java.lang.NullPointerException
	at com.spartan.logger.connectors.file.LogFileHandler.writeData(LogFileHandler.java:109)
	at com.spartan.logger.connectors.file.FileConnector.writeData(FileConnector.java:69)
	at com.spartan.logger.connectors.file.FileConnector.writeLog(FileConnector.java:51)
	at com.spartan.logger.core.queue.QueueConsumer.consumeAlarm(QueueConsumer.java:76)
	at com.spartan.logger.core.queue.QueueConsumer.run(QueueConsumer.java:41)
	at java.lang.Thread.run(Thread.java:745)
com.app.shared.organization.contactmanagement.CommunicationType.commTypeName may not be null
com.spartan.pluggable.exception.security.InvalidDataException: 90007:Invalid Exception.:Reason = Not Available!
	at com.athena.server.pluggable.utils.helper.EntityValidatorHelper.validateEntity(EntityValidatorHelper.java:28)
	at com.app.shared.organization.contactmanagement.CommunicationType.isValid(CommunicationType.java:163)
	at com.app.server.service.organization.contactmanagement.CommunicationTypeTestCase.validateCommunicationType(CommunicationTypeTestCase.java:196)
	at com.app.server.service.organization.contactmanagement.CommunicationTypeTestCase.test5NegativeTesting(CommunicationTypeTestCase.java:228)
	at sun.reflect.NativeMethodAccessorImpl.invoke0(Native Method)
	at sun.reflect.NativeMethodAccessorImpl.invoke(NativeMethodAccessorImpl.java:57)
	at sun.reflect.DelegatingMethodAccessorImpl.invoke(DelegatingMethodAccessorImpl.java:43)
	at java.lang.reflect.Method.invoke(Method.java:606)
	at org.junit.runners.model.FrameworkMethod$1.runReflectiveCall(FrameworkMethod.java:47)
	at org.junit.internal.runners.model.ReflectiveCallable.run(ReflectiveCallable.java:12)
	at org.junit.runners.model.FrameworkMethod.invokeExplosively(FrameworkMethod.java:44)
	at org.junit.internal.runners.statements.InvokeMethod.evaluate(InvokeMethod.java:17)
	at org.junit.internal.runners.statements.RunBefores.evaluate(RunBefores.java:26)
	at org.springframework.test.context.junit4.statements.RunBeforeTestMethodCallbacks.evaluate(RunBeforeTestMethodCallbacks.java:74)
	at org.junit.internal.runners.statements.RunAfters.evaluate(RunAfters.java:27)
	at org.springframework.test.context.junit4.statements.RunAfterTestMethodCallbacks.evaluate(RunAfterTestMethodCallbacks.java:83)
	at org.springframework.test.context.junit4.statements.SpringRepeat.evaluate(SpringRepeat.java:72)
	at org.springframework.test.context.junit4.SpringJUnit4ClassRunner.runChild(SpringJUnit4ClassRunner.java:233)
	at org.springframework.test.context.junit4.SpringJUnit4ClassRunner.runChild(SpringJUnit4ClassRunner.java:87)
	at org.junit.runners.ParentRunner$3.run(ParentRunner.java:238)
	at org.junit.runners.ParentRunner$1.schedule(ParentRunner.java:63)
	at org.junit.runners.ParentRunner.runChildren(ParentRunner.java:236)
	at org.junit.runners.ParentRunner.access$000(ParentRunner.java:53)
	at org.junit.runners.ParentRunner$2.evaluate(ParentRunner.java:229)
	at org.junit.internal.runners.statements.RunBefores.evaluate(RunBefores.java:26)
	at org.springframework.test.context.junit4.statements.RunBeforeTestClassCallbacks.evaluate(RunBeforeTestClassCallbacks.java:61)
	at org.springframework.test.context.junit4.statements.RunAfterTestClassCallbacks.evaluate(RunAfterTestClassCallbacks.java:71)
	at org.junit.runners.ParentRunner.run(ParentRunner.java:309)
	at org.springframework.test.context.junit4.SpringJUnit4ClassRunner.run(SpringJUnit4ClassRunner.java:176)
	at org.gradle.api.internal.tasks.testing.junit.JUnitTestClassExecuter.runTestClass(JUnitTestClassExecuter.java:86)
	at org.gradle.api.internal.tasks.testing.junit.JUnitTestClassExecuter.execute(JUnitTestClassExecuter.java:49)
	at org.gradle.api.internal.tasks.testing.junit.JUnitTestClassProcessor.processTestClass(JUnitTestClassProcessor.java:64)
	at org.gradle.api.internal.tasks.testing.SuiteTestClassProcessor.processTestClass(SuiteTestClassProcessor.java:50)
	at sun.reflect.NativeMethodAccessorImpl.invoke0(Native Method)
	at sun.reflect.NativeMethodAccessorImpl.invoke(NativeMethodAccessorImpl.java:57)
	at sun.reflect.DelegatingMethodAccessorImpl.invoke(DelegatingMethodAccessorImpl.java:43)
	at java.lang.reflect.Method.invoke(Method.java:606)
	at org.gradle.messaging.dispatch.ReflectionDispatch.dispatch(ReflectionDispatch.java:35)
	at org.gradle.messaging.dispatch.ReflectionDispatch.dispatch(ReflectionDispatch.java:24)
	at org.gradle.messaging.dispatch.ContextClassLoaderDispatch.dispatch(ContextClassLoaderDispatch.java:32)
	at org.gradle.messaging.dispatch.ProxyDispatchAdapter$DispatchingInvocationHandler.invoke(ProxyDispatchAdapter.java:93)
	at com.sun.proxy.$Proxy2.processTestClass(Unknown Source)
	at org.gradle.api.internal.tasks.testing.worker.TestWorker.processTestClass(TestWorker.java:106)
	at sun.reflect.NativeMethodAccessorImpl.invoke0(Native Method)
	at sun.reflect.NativeMethodAccessorImpl.invoke(NativeMethodAccessorImpl.java:57)
	at sun.reflect.DelegatingMethodAccessorImpl.invoke(DelegatingMethodAccessorImpl.java:43)
	at java.lang.reflect.Method.invoke(Method.java:606)
	at org.gradle.messaging.dispatch.ReflectionDispatch.dispatch(ReflectionDispatch.java:35)
	at org.gradle.messaging.dispatch.ReflectionDispatch.dispatch(ReflectionDispatch.java:24)
	at org.gradle.messaging.remote.internal.hub.MessageHub$Handler.run(MessageHub.java:360)
	at org.gradle.internal.concurrent.DefaultExecutorFactory$StoppableExecutorImpl$1.run(DefaultExecutorFactory.java:64)
	at java.util.concurrent.ThreadPoolExecutor.runWorker(ThreadPoolExecutor.java:1145)
	at java.util.concurrent.ThreadPoolExecutor$Worker.run(ThreadPoolExecutor.java:615)
	at java.lang.Thread.run(Thread.java:745)
com.app.shared.organization.contactmanagement.CommunicationType.commTypeName size must be between 0 and 128
com.spartan.pluggable.exception.security.InvalidDataException: 90007:Invalid Exception.:Reason = Not Available!
	at com.athena.server.pluggable.utils.helper.EntityValidatorHelper.validateEntity(EntityValidatorHelper.java:28)
	at com.app.shared.organization.contactmanagement.CommunicationType.isValid(CommunicationType.java:163)
	at com.app.server.service.organization.contactmanagement.CommunicationTypeTestCase.validateCommunicationType(CommunicationTypeTestCase.java:194)
	at com.app.server.service.organization.contactmanagement.CommunicationTypeTestCase.test5NegativeTesting(CommunicationTypeTestCase.java:233)
	at sun.reflect.NativeMethodAccessorImpl.invoke0(Native Method)
	at sun.reflect.NativeMethodAccessorImpl.invoke(NativeMethodAccessorImpl.java:57)
	at sun.reflect.DelegatingMethodAccessorImpl.invoke(DelegatingMethodAccessorImpl.java:43)
	at java.lang.reflect.Method.invoke(Method.java:606)
	at org.junit.runners.model.FrameworkMethod$1.runReflectiveCall(FrameworkMethod.java:47)
	at org.junit.internal.runners.model.ReflectiveCallable.run(ReflectiveCallable.java:12)
	at org.junit.runners.model.FrameworkMethod.invokeExplosively(FrameworkMethod.java:44)
	at org.junit.internal.runners.statements.InvokeMethod.evaluate(InvokeMethod.java:17)
	at org.junit.internal.runners.statements.RunBefores.evaluate(RunBefores.java:26)
	at org.springframework.test.context.junit4.statements.RunBeforeTestMethodCallbacks.evaluate(RunBeforeTestMethodCallbacks.java:74)
	at org.junit.internal.runners.statements.RunAfters.evaluate(RunAfters.java:27)
	at org.springframework.test.context.junit4.statements.RunAfterTestMethodCallbacks.evaluate(RunAfterTestMethodCallbacks.java:83)
	at org.springframework.test.context.junit4.statements.SpringRepeat.evaluate(SpringRepeat.java:72)
	at org.springframework.test.context.junit4.SpringJUnit4ClassRunner.runChild(SpringJUnit4ClassRunner.java:233)
	at org.springframework.test.context.junit4.SpringJUnit4ClassRunner.runChild(SpringJUnit4ClassRunner.java:87)
	at org.junit.runners.ParentRunner$3.run(ParentRunner.java:238)
	at org.junit.runners.ParentRunner$1.schedule(ParentRunner.java:63)
	at org.junit.runners.ParentRunner.runChildren(ParentRunner.java:236)
	at org.junit.runners.ParentRunner.access$000(ParentRunner.java:53)
	at org.junit.runners.ParentRunner$2.evaluate(ParentRunner.java:229)
	at org.junit.internal.runners.statements.RunBefores.evaluate(RunBefores.java:26)
	at org.springframework.test.context.junit4.statements.RunBeforeTestClassCallbacks.evaluate(RunBeforeTestClassCallbacks.java:61)
	at org.springframework.test.context.junit4.statements.RunAfterTestClassCallbacks.evaluate(RunAfterTestClassCallbacks.java:71)
	at org.junit.runners.ParentRunner.run(ParentRunner.java:309)
	at org.springframework.test.context.junit4.SpringJUnit4ClassRunner.run(SpringJUnit4ClassRunner.java:176)
	at org.gradle.api.internal.tasks.testing.junit.JUnitTestClassExecuter.runTestClass(JUnitTestClassExecuter.java:86)
	at org.gradle.api.internal.tasks.testing.junit.JUnitTestClassExecuter.execute(JUnitTestClassExecuter.java:49)
	at org.gradle.api.internal.tasks.testing.junit.JUnitTestClassProcessor.processTestClass(JUnitTestClassProcessor.java:64)
	at org.gradle.api.internal.tasks.testing.SuiteTestClassProcessor.processTestClass(SuiteTestClassProcessor.java:50)
	at sun.reflect.NativeMethodAccessorImpl.invoke0(Native Method)
	at sun.reflect.NativeMethodAccessorImpl.invoke(NativeMethodAccessorImpl.java:57)
	at sun.reflect.DelegatingMethodAccessorImpl.invoke(DelegatingMethodAccessorImpl.java:43)
	at java.lang.reflect.Method.invoke(Method.java:606)
	at org.gradle.messaging.dispatch.ReflectionDispatch.dispatch(ReflectionDispatch.java:35)
	at org.gradle.messaging.dispatch.ReflectionDispatch.dispatch(ReflectionDispatch.java:24)
	at org.gradle.messaging.dispatch.ContextClassLoaderDispatch.dispatch(ContextClassLoaderDispatch.java:32)
	at org.gradle.messaging.dispatch.ProxyDispatchAdapter$DispatchingInvocationHandler.invoke(ProxyDispatchAdapter.java:93)
	at com.sun.proxy.$Proxy2.processTestClass(Unknown Source)
	at org.gradle.api.internal.tasks.testing.worker.TestWorker.processTestClass(TestWorker.java:106)
	at sun.reflect.NativeMethodAccessorImpl.invoke0(Native Method)
	at sun.reflect.NativeMethodAccessorImpl.invoke(NativeMethodAccessorImpl.java:57)
	at sun.reflect.DelegatingMethodAccessorImpl.invoke(DelegatingMethodAccessorImpl.java:43)
	at java.lang.reflect.Method.invoke(Method.java:606)
	at org.gradle.messaging.dispatch.ReflectionDispatch.dispatch(ReflectionDispatch.java:35)
	at org.gradle.messaging.dispatch.ReflectionDispatch.dispatch(ReflectionDispatch.java:24)
	at org.gradle.messaging.remote.internal.hub.MessageHub$Handler.run(MessageHub.java:360)
	at org.gradle.internal.concurrent.DefaultExecutorFactory$StoppableExecutorImpl$1.run(DefaultExecutorFactory.java:64)
	at java.util.concurrent.ThreadPoolExecutor.runWorker(ThreadPoolExecutor.java:1145)
	at java.util.concurrent.ThreadPoolExecutor$Worker.run(ThreadPoolExecutor.java:615)
	at java.lang.Thread.run(Thread.java:745)
com.app.shared.organization.contactmanagement.CommunicationType.commTypeDescription size must be between 0 and 256
com.spartan.pluggable.exception.security.InvalidDataException: 90007:Invalid Exception.:Reason = Not Available!
	at com.athena.server.pluggable.utils.helper.EntityValidatorHelper.validateEntity(EntityValidatorHelper.java:28)
	at com.app.shared.organization.contactmanagement.CommunicationType.isValid(CommunicationType.java:163)
	at com.app.server.service.organization.contactmanagement.CommunicationTypeTestCase.validateCommunicationType(CommunicationTypeTestCase.java:194)
	at com.app.server.service.organization.contactmanagement.CommunicationTypeTestCase.test5NegativeTesting(CommunicationTypeTestCase.java:238)
	at sun.reflect.NativeMethodAccessorImpl.invoke0(Native Method)
	at sun.reflect.NativeMethodAccessorImpl.invoke(NativeMethodAccessorImpl.java:57)
	at sun.reflect.DelegatingMethodAccessorImpl.invoke(DelegatingMethodAccessorImpl.java:43)
	at java.lang.reflect.Method.invoke(Method.java:606)
	at org.junit.runners.model.FrameworkMethod$1.runReflectiveCall(FrameworkMethod.java:47)
	at org.junit.internal.runners.model.ReflectiveCallable.run(ReflectiveCallable.java:12)
	at org.junit.runners.model.FrameworkMethod.invokeExplosively(FrameworkMethod.java:44)
	at org.junit.internal.runners.statements.InvokeMethod.evaluate(InvokeMethod.java:17)
	at org.junit.internal.runners.statements.RunBefores.evaluate(RunBefores.java:26)
	at org.springframework.test.context.junit4.statements.RunBeforeTestMethodCallbacks.evaluate(RunBeforeTestMethodCallbacks.java:74)
	at org.junit.internal.runners.statements.RunAfters.evaluate(RunAfters.java:27)
	at org.springframework.test.context.junit4.statements.RunAfterTestMethodCallbacks.evaluate(RunAfterTestMethodCallbacks.java:83)
	at org.springframework.test.context.junit4.statements.SpringRepeat.evaluate(SpringRepeat.java:72)
	at org.springframework.test.context.junit4.SpringJUnit4ClassRunner.runChild(SpringJUnit4ClassRunner.java:233)
	at org.springframework.test.context.junit4.SpringJUnit4ClassRunner.runChild(SpringJUnit4ClassRunner.java:87)
	at org.junit.runners.ParentRunner$3.run(ParentRunner.java:238)
	at org.junit.runners.ParentRunner$1.schedule(ParentRunner.java:63)
	at org.junit.runners.ParentRunner.runChildren(ParentRunner.java:236)
	at org.junit.runners.ParentRunner.access$000(ParentRunner.java:53)
	at org.junit.runners.ParentRunner$2.evaluate(ParentRunner.java:229)
	at org.junit.internal.runners.statements.RunBefores.evaluate(RunBefores.java:26)
	at org.springframework.test.context.junit4.statements.RunBeforeTestClassCallbacks.evaluate(RunBeforeTestClassCallbacks.java:61)
	at org.springframework.test.context.junit4.statements.RunAfterTestClassCallbacks.evaluate(RunAfterTestClassCallbacks.java:71)
	at org.junit.runners.ParentRunner.run(ParentRunner.java:309)
	at org.springframework.test.context.junit4.SpringJUnit4ClassRunner.run(SpringJUnit4ClassRunner.java:176)
	at org.gradle.api.internal.tasks.testing.junit.JUnitTestClassExecuter.runTestClass(JUnitTestClassExecuter.java:86)
	at org.gradle.api.internal.tasks.testing.junit.JUnitTestClassExecuter.execute(JUnitTestClassExecuter.java:49)
	at org.gradle.api.internal.tasks.testing.junit.JUnitTestClassProcessor.processTestClass(JUnitTestClassProcessor.java:64)
	at org.gradle.api.internal.tasks.testing.SuiteTestClassProcessor.processTestClass(SuiteTestClassProcessor.java:50)
	at sun.reflect.NativeMethodAccessorImpl.invoke0(Native Method)
	at sun.reflect.NativeMethodAccessorImpl.invoke(NativeMethodAccessorImpl.java:57)
	at sun.reflect.DelegatingMethodAccessorImpl.invoke(DelegatingMethodAccessorImpl.java:43)
	at java.lang.reflect.Method.invoke(Method.java:606)
	at org.gradle.messaging.dispatch.ReflectionDispatch.dispatch(ReflectionDispatch.java:35)
	at org.gradle.messaging.dispatch.ReflectionDispatch.dispatch(ReflectionDispatch.java:24)
	at org.gradle.messaging.dispatch.ContextClassLoaderDispatch.dispatch(ContextClassLoaderDispatch.java:32)
	at org.gradle.messaging.dispatch.ProxyDispatchAdapter$DispatchingInvocationHandler.invoke(ProxyDispatchAdapter.java:93)
	at com.sun.proxy.$Proxy2.processTestClass(Unknown Source)
	at org.gradle.api.internal.tasks.testing.worker.TestWorker.processTestClass(TestWorker.java:106)
	at sun.reflect.NativeMethodAccessorImpl.invoke0(Native Method)
	at sun.reflect.NativeMethodAccessorImpl.invoke(NativeMethodAccessorImpl.java:57)
	at sun.reflect.DelegatingMethodAccessorImpl.invoke(DelegatingMethodAccessorImpl.java:43)
	at java.lang.reflect.Method.invoke(Method.java:606)
	at org.gradle.messaging.dispatch.ReflectionDispatch.dispatch(ReflectionDispatch.java:35)
	at org.gradle.messaging.dispatch.ReflectionDispatch.dispatch(ReflectionDispatch.java:24)
	at org.gradle.messaging.remote.internal.hub.MessageHub$Handler.run(MessageHub.java:360)
	at org.gradle.internal.concurrent.DefaultExecutorFactory$StoppableExecutorImpl$1.run(DefaultExecutorFactory.java:64)
	at java.util.concurrent.ThreadPoolExecutor.runWorker(ThreadPoolExecutor.java:1145)
	at java.util.concurrent.ThreadPoolExecutor$Worker.run(ThreadPoolExecutor.java:615)
	at java.lang.Thread.run(Thread.java:745)
java.lang.NullPointerException
	at com.spartan.logger.connectors.file.LogFileHandler.writeData(LogFileHandler.java:109)
	at com.spartan.logger.connectors.file.FileConnector.writeData(FileConnector.java:69)
	at com.spartan.logger.connectors.file.FileConnector.writeLog(FileConnector.java:51)
	at com.spartan.logger.core.queue.QueueConsumer.consumeAlarm(QueueConsumer.java:76)
	at com.spartan.logger.core.queue.QueueConsumer.run(QueueConsumer.java:41)
	at java.lang.Thread.run(Thread.java:745)
java.lang.NullPointerException
	at com.spartan.logger.connectors.file.LogFileHandler.writeData(LogFileHandler.java:109)
	at com.spartan.logger.connectors.file.FileConnector.writeData(FileConnector.java:69)
	at com.spartan.logger.connectors.file.FileConnector.writeLog(FileConnector.java:51)
	at com.spartan.logger.core.queue.QueueConsumer.consumeAlarm(QueueConsumer.java:76)
	at com.spartan.logger.core.queue.QueueConsumer.run(QueueConsumer.java:41)
	at java.lang.Thread.run(Thread.java:745)
java.lang.NullPointerException
	at com.spartan.logger.connectors.file.LogFileHandler.writeData(LogFileHandler.java:109)
	at com.spartan.logger.connectors.file.FileConnector.writeData(FileConnector.java:69)
	at com.spartan.logger.connectors.file.FileConnector.writeLog(FileConnector.java:51)
	at com.spartan.logger.core.queue.QueueConsumer.consumeAlarm(QueueConsumer.java:76)
	at com.spartan.logger.core.queue.QueueConsumer.run(QueueConsumer.java:41)
	at java.lang.Thread.run(Thread.java:745)
java.lang.NullPointerException
	at com.spartan.logger.connectors.file.LogFileHandler.writeData(LogFileHandler.java:109)
	at com.spartan.logger.connectors.file.FileConnector.writeData(FileConnector.java:69)
	at com.spartan.logger.connectors.file.FileConnector.writeLog(FileConnector.java:51)
	at com.spartan.logger.core.queue.QueueConsumer.consumeAlarm(QueueConsumer.java:76)
	at com.spartan.logger.core.queue.QueueConsumer.run(QueueConsumer.java:41)
	at java.lang.Thread.run(Thread.java:745)
java.lang.NullPointerException
	at com.spartan.logger.connectors.file.LogFileHandler.writeData(LogFileHandler.java:109)
	at com.spartan.logger.connectors.file.FileConnector.writeData(FileConnector.java:69)
	at com.spartan.logger.connectors.file.FileConnector.writeLog(FileConnector.java:51)
	at com.spartan.logger.core.queue.QueueConsumer.consumeAlarm(QueueConsumer.java:76)
	at com.spartan.logger.core.queue.QueueConsumer.run(QueueConsumer.java:41)
	at java.lang.Thread.run(Thread.java:745)
java.lang.NullPointerException
	at com.spartan.logger.connectors.file.LogFileHandler.writeData(LogFileHandler.java:109)
	at com.spartan.logger.connectors.file.FileConnector.writeData(FileConnector.java:69)
	at com.spartan.logger.connectors.file.FileConnector.writeLog(FileConnector.java:51)
	at com.spartan.logger.core.queue.QueueConsumer.consumeAlarm(QueueConsumer.java:76)
	at com.spartan.logger.core.queue.QueueConsumer.run(QueueConsumer.java:41)
	at java.lang.Thread.run(Thread.java:745)
]]></system-err>
</testsuite>
