<?xml version="1.0" encoding="UTF-8"?>
<testsuite name="com.app.server.service.organization.contactmanagement.CoreContactsTestCase" tests="8" skipped="0" failures="0" errors="0" timestamp="2016-05-05T11:43:34" hostname="bb2aa222972f" time="1.566">
  <properties/>
  <testcase name="test1Save" classname="com.app.server.service.organization.contactmanagement.CoreContactsTestCase" time="0.667"/>
  <testcase name="test2Update" classname="com.app.server.service.organization.contactmanagement.CoreContactsTestCase" time="0.073"/>
  <testcase name="test3FindById" classname="com.app.server.service.organization.contactmanagement.CoreContactsTestCase" time="0.009"/>
  <testcase name="test3findBygenderId" classname="com.app.server.service.organization.contactmanagement.CoreContactsTestCase" time="0.01"/>
  <testcase name="test3findBynativeLanguageCode" classname="com.app.server.service.organization.contactmanagement.CoreContactsTestCase" time="0.01"/>
  <testcase name="test3findBytitleId" classname="com.app.server.service.organization.contactmanagement.CoreContactsTestCase" time="0.011"/>
  <testcase name="test5NegativeTesting" classname="com.app.server.service.organization.contactmanagement.CoreContactsTestCase" time="0.085"/>
  <testcase name="test6Delete" classname="com.app.server.service.organization.contactmanagement.CoreContactsTestCase" time="0.699"/>
  <system-out><![CDATA[Thu May 05 11:43:34 UTC 2016|Log Manager Factory|Initialization Process started.....
Thu May 05 11:43:34 UTC 2016|Log Manager|Initialized with Path = [/home/applifire/workspace/testlic1/src/main/webapp/WEB-INF/conf/]
Thu May 05 11:43:34 UTC 2016|Alarm Manager|Initialized with Path = [/home/applifire/workspace/testlic1/src/main/webapp/WEB-INF/conf/]
Thu May 05 11:43:34 UTC 2016|Alarm Manager|Loading Alarms ......
Thu May 05 11:43:34 UTC 2016|Alarm XML Parser|FWA|XML Parsing Complete........ 
Thu May 05 11:43:34 UTC 2016|Alarm File Manager|FWA|Alarm File Status.. [ApplicationFrameworkAlarms.xml]|Version=13|Status=Done 
Thu May 05 11:43:34 UTC 2016|Alarm File Manager|FWA|Alarm Stats = ( BC/AL=4/242 SYS=4/9 [242/0]  TPL=0/0 [0/0]  APP= A.Map=[320]  E.Map EC/RC=[3/0] )
Thu May 05 11:43:34 UTC 2016|Alarm XML Parser|APP|XML Parsing Complete........ 
Thu May 05 11:43:34 UTC 2016|Alarm File Manager|APP|Alarm File Status.. [ApplicationAlarms.xml]|Version=1|Status=Done 
Thu May 05 11:43:34 UTC 2016|Alarm File Manager|APP|Alarm Stats = ( BC/AL=4/242 SYS=4/9 [242/0]  TPL=0/0 [0/0]  APP=0/0 [0/0]  A.Map=[320]  E.Map EC/RC=[3/0] )
Thu May 05 11:43:34 UTC 2016|ApplicationAlarmContext| <><><><><> Create App Alarms ....  <><><><><> 
Thu May 05 11:43:34 UTC 2016|ApplicationAlarmContext|Alarms are generated ONLY in Development Mode.. 
Thu May 05 11:43:34 UTC 2016|Alarm Manager|APP|Alarm Stats = ( BC/AL=4/242 SYS=4/9 [242/0]  TPL=0/0 [0/0]  APP=0/0 [0/0]  A.Map=[320]  E.Map EC/RC=[3/0] )
Thu May 05 11:43:34 UTC 2016|Alarm Manager|Initialized Exception Lookup...
Thu May 05 11:43:34 UTC 2016|Log Manager|Initialize Log Config File ......
Thu May 05 11:43:34 UTC 2016|Pluggable Connectors|Adding Connectors : StandardOutputConnector isEnabled=true isDefault=false isFallBack=true
Thu May 05 11:43:34 UTC 2016|Pluggable Connectors|Adding Connectors : StandardFileConnector isEnabled=true isDefault=false isFallBack=false
Thu May 05 11:43:34 UTC 2016|Pluggable Connectors|Adding Connectors : Sprinkler isEnabled=true isDefault=true isFallBack=false
Thu May 05 11:43:34 UTC 2016|Pluggable Connectors|Default Connector Name : com.spartan.logger.core.LogMessenger
Thu May 05 11:43:34 UTC 2016|Log Config Parser|Connector Least Log Level =[4]  FallBack Log Level =[3]
Thu May 05 11:43:34 UTC 2016|Log Manager|Loading Default Connector for Logging ......
Thu May 05 11:43:34 UTC 2016|Log Manager|Loading class .. com.spartan.logger.core.LogMessenger
Thu May 05 11:43:34 UTC 2016|Plugggable Connector|Connector class com.spartan.logger.core.LogMessenger Initialized... @ Log Level = 3
Thu May 05 11:43:34 UTC 2016|Log Manager|Starting the Default Connector [com.spartan.logger.core.LogMessenger@50b1d8ac] ....
Thu May 05 11:43:34 UTC 2016|Scheduler|Starting the Scheduler ......
Thu May 05 11:43:34 UTC 2016|Scheduler|Adding [LMID=[a0219a47-f8e7-4419-b12f-cd2279552d86]] Delay=5 Time Unit=MINUTES
Thu May 05 11:43:34 UTC 2016|Scheduler|Adding [App Alarm Manager File=[ApplicationAlarms.xml]] Delay=30 Time Unit=MINUTES
Thu May 05 11:43:34 UTC 2016|Scheduler|Adding [FW Alarm Manager File=[ApplicationFrameworkAlarms.xml]] Delay=3 Time Unit=MINUTES
Thu May 05 11:43:34 UTC 2016|Scheduler|Startup Completed..
Thu May 05 11:43:34 UTC 2016|Log Manager|Initialization Process Complete ......
Thu May 05 11:43:34 UTC 2016|Log Manager Factory|Log Manager READY! ID = a0219a47-f8e7-4419-b12f-cd2279552d86
[EL Fine]: sql: 2016-05-05 11:43:34.725--ClientSession(623238250)--Connection(842461350)--Thread(Thread[Test worker,5,main])--INSERT INTO ast_Language_M (languageId, alpha2, alpha3, alpha4, alpha4parentid, language, languageDescription, languageIcon, languageType, versionId, createdBy, createdDate, updatedBy, updatedDate, activeStatus, txnAccessCode) VALUES (?, ?, ?, ?, ?, ?, ?, ?, ?, ?, ?, ?, ?, ?, ?, ?)
	bind => [701647ED-2664-4C79-A0A5-C08A645A97A4, Z3, CAi, o4S3, 1, sPRp630ZHf5BzpkHRTtHlR3vdCX2PyRhknEvK0Kj4i3Bmdk79S, xSBNiS2cRZ2r4L7IfSgG4YkPkg3b4seCoFnpNan0dmrVJCxjQv, FCH3Lvn72i9pWcTrzTH0Onxw5RxZaj0aAVGWOAOF8FteLRU3Iv, dWZuQQyugVG4zr8m5pBLHooNWVuXCdHO, 1, AAAAA, 2016-05-05 11:43:34.721, AAAAA, 2016-05-05 11:43:34.721, 1, 51000]
[EL Fine]: sql: 2016-05-05 11:43:34.848--ClientSession(354186983)--Connection(842461350)--Thread(Thread[Test worker,5,main])--INSERT INTO ast_Title_M (titleId, titles, versionId, createdBy, createdDate, updatedBy, updatedDate, activeStatus, txnAccessCode) VALUES (?, ?, ?, ?, ?, ?, ?, ?, ?)
	bind => [315FA0D2-4D76-4203-B215-3E72F56E0BD5, qBpaI6wtomkw6ElQtIQFDHZvbztMacxUlzX8qbVZsyHQahzqWQ, 1, AAAAA, 2016-05-05 11:43:34.846, AAAAA, 2016-05-05 11:43:34.846, 1, 51000]
[EL Fine]: sql: 2016-05-05 11:43:34.914--ClientSession(952771046)--Connection(842461350)--Thread(Thread[Test worker,5,main])--INSERT INTO ast_Gender_M (genderId, gender, versionId, createdBy, createdDate, updatedBy, updatedDate, activeStatus, txnAccessCode) VALUES (?, ?, ?, ?, ?, ?, ?, ?, ?)
	bind => [2F6F6661-3223-4E55-961E-587FD56028C9, Eis3lzAJB1AouDzRBNOCK4xoBZZ050VJ0NyPkgwBNOrHLIPGEb, 1, AAAAA, 2016-05-05 11:43:34.911, AAAAA, 2016-05-05 11:43:34.911, 1, 51000]
[EL Fine]: sql: 2016-05-05 11:43:34.964--ClientSession(683760278)--Connection(842461350)--Thread(Thread[Test worker,5,main])--INSERT INTO ast_Timezone_M (timeZoneId, cities, country, gmtLabel, timeZoneLabel, utcdifference, versionId, createdBy, createdDate, updatedBy, updatedDate, activeStatus, txnAccessCode) VALUES (?, ?, ?, ?, ?, ?, ?, ?, ?, ?, ?, ?, ?)
	bind => [D5D3B191-65C7-4FCD-989F-28E97A0EF41B, 8MOFOYxD5hG2NMbuLGbVMSlLd6kk1GgLCRvdDPf7eGdox3ku44, CbLPqhnpILhdEQDRPScqeZeV5c4MoxFZWXrkHiOSwUIUp3Er0m, egwhXZSNhMTrt9Wqtx96HtRjxId4zGQo9oxD3jfjBG5WhkjVtO, SOBI5igslkEgllKdQMTTtI82mkbzEJppWUZTddHtfCOYKgHw7C, 4, 1, AAAAA, 2016-05-05 11:43:34.846, AAAAA, 2016-05-05 11:43:34.846, 1, 51000]
[EL Fine]: sql: 2016-05-05 11:43:35.017--ClientSession(127785301)--Connection(842461350)--Thread(Thread[Test worker,5,main])--INSERT INTO ast_Country_M (countryId, capital, capitalLatitude, capitalLongitude, countryCode1, countryCode2, countryFlag, countryName, currencyCode, currencyName, currencySymbol, isoNumeric, versionId, createdBy, createdDate, updatedBy, updatedDate, activeStatus, txnAccessCode) VALUES (?, ?, ?, ?, ?, ?, ?, ?, ?, ?, ?, ?, ?, ?, ?, ?, ?, ?, ?)
	bind => [D0D4C545-71A5-479B-B207-04C37811257D, o3KroUfyHYzhJGNcOtSZYtj0qcRgOXsb, 4, 4, SJy, qni, 1Vu1z7MtjN1ECr62SJYCweoyMS4q9WWLwbh2MjWPNezpcwbmc2, mD1nYvMKISbZKqiCBsfCfv2vw36rCV8x7N5yVKohwRlIIfKKDR, 2ur, JQdoFf56lfxM2junfRBHmIFwnKKxqJ6tTgSWViYXOzi5Gc1F32, Mmg87ZKgr0GLCxHWEPx8eNjMfwTsWgnB, 922, 1, AAAAA, 2016-05-05 11:43:35.01, AAAAA, 2016-05-05 11:43:35.01, 1, 51000]
[EL Fine]: sql: 2016-05-05 11:43:35.055--ClientSession(1717712130)--Connection(842461350)--Thread(Thread[Test worker,5,main])--INSERT INTO ast_State_M (stateId, countryId, stateCapital, stateCapitalLatitude, stateCapitalLongitude, stateCode, stateCodeChar2, stateCodeChar3, stateDescription, stateFlag, stateName, versionId, createdBy, createdDate, updatedBy, updatedDate, activeStatus, txnAccessCode) VALUES (?, ?, ?, ?, ?, ?, ?, ?, ?, ?, ?, ?, ?, ?, ?, ?, ?, ?)
	bind => [E51D4BAE-E546-4412-8F7E-D21EADEE53EF, D0D4C545-71A5-479B-B207-04C37811257D, FsjMzc47DG6pXvv4iTstijgkI9V4Kz0gLHRJXNAmCOPpGxru5e, 4, 8, 2, GsTZYITFZjuEzpW2CnO9QGbdJJ14KTS2, O7vYRlx0xkZh75TxV4eCOtAc5Ffa4Kpq, YUEYhKij85zE3acysjPx1cCfRkJIIJoC7CmX1miWQh68DNQrcR, OX5e1HHdLoFjgk5ZHXceptPikTaL4xtjuqItFyC0FTyxc1m8Jf, ABVcIMTWzoNjWpsfZ45FYMEtaBFWVD7Z6t28G9IyOfLpvaBms8, 1, AAAAA, 2016-05-05 11:43:35.05, AAAAA, 2016-05-05 11:43:35.05, 1, 51000]
[EL Fine]: sql: 2016-05-05 11:43:35.089--ClientSession(1784468043)--Connection(842461350)--Thread(Thread[Test worker,5,main])--INSERT INTO ast_City_M (cityId, cityCode, cityCodeChar2, cityDescription, cityFlag, cityLatitude, cityLongitude, cityName, countryId, stateId, versionId, createdBy, createdDate, updatedBy, updatedDate, activeStatus, txnAccessCode) VALUES (?, ?, ?, ?, ?, ?, ?, ?, ?, ?, ?, ?, ?, ?, ?, ?, ?)
	bind => [557E5E73-BAC3-4A3A-A077-E528398711A9, 3, FbXYJJcCIKgCEEjqElrXH5UXs0ChwG5v, h5OhgC5uJqKiXA3JoFCrX678gr5b4H1Xvj67kSDBTWhqj5Jm0Y, IrYs7MeU8j7JWf55XDI3sXGMo1rGq5vjvpV1UMRoT4lXWJiAmB, 5, 7, BOQHUBic7ct18TFTO3Vc5yutZyRmMOlzDdkfLfeffvsRwx5uDU, D0D4C545-71A5-479B-B207-04C37811257D, E51D4BAE-E546-4412-8F7E-D21EADEE53EF, 1, AAAAA, 2016-05-05 11:43:35.05, AAAAA, 2016-05-05 11:43:35.05, 1, 51000]
[EL Fine]: sql: 2016-05-05 11:43:35.119--ClientSession(810716280)--Connection(842461350)--Thread(Thread[Test worker,5,main])--INSERT INTO ast_AddressType_M (addressTypeId, addressType, addressTypeDesc, addressTypeIcon, versionId, createdBy, createdDate, updatedBy, updatedDate, activeStatus, txnAccessCode) VALUES (?, ?, ?, ?, ?, ?, ?, ?, ?, ?, ?)
	bind => [35378D67-B9FE-4915-8D24-3FF2903D2CB3, T6vj0vPrQkMlHn7VTKxyLBprC2hXu9omiDrG1GjqKHNRYlpukV, xh0E64yCaRNGrSxd819ZGR4xDcCeCMjCw9hRpem6g9JrOa3oI3, CGpBwIIufdp4sn5yiiKNc5PJkANm9NmMxfYcWITJW5rKpDLiIs, 1, AAAAA, 2016-05-05 11:43:35.117, AAAAA, 2016-05-05 11:43:35.117, 1, 51000]
[EL Fine]: sql: 2016-05-05 11:43:35.154--ClientSession(1902702961)--Connection(842461350)--Thread(Thread[Test worker,5,main])--INSERT INTO ast_CommunicationGroup_M (commGroupId, commGroupDescription, commGroupName, versionId, createdBy, createdDate, updatedBy, updatedDate, activeStatus, txnAccessCode) VALUES (?, ?, ?, ?, ?, ?, ?, ?, ?, ?)
	bind => [F579687B-92C6-4B41-9DBA-8BDD9C1E5F00, JooAvKArMTNGIZUiPZXIHT39ek49w8iLunn9L9A12mKpNjR2D0, UNdWDi1Yht9ipbmaw3POApdlsQ9HMz1tgSjg1apNFuQcPf9xAq, 1, AAAAA, 2016-05-05 11:43:35.151, AAAAA, 2016-05-05 11:43:35.151, 1, 51000]
[EL Fine]: sql: 2016-05-05 11:43:35.179--ClientSession(147360683)--Connection(842461350)--Thread(Thread[Test worker,5,main])--INSERT INTO ast_CommunicationType_M (commType, commGroupId, commTypeDescription, commTypeName, versionId, createdBy, createdDate, updatedBy, updatedDate, activeStatus, txnAccessCode) VALUES (?, ?, ?, ?, ?, ?, ?, ?, ?, ?, ?)
	bind => [226B495D-BD13-421E-B50F-A20431846F1F, F579687B-92C6-4B41-9DBA-8BDD9C1E5F00, XPBMUlDNFQ5Gwoa5zP5tjVPNHUYkLbnJmulBTIfxONVix0rs7Z, CmejxmOVUutznb5KsZ3Uggzyl4m1RpOD4oajJlHDWzK9feSFnU, 1, AAAAA, 2016-05-05 11:43:35.176, AAAAA, 2016-05-05 11:43:35.176, 1, 51000]
Setting logged in user info for ADD
Setting logged in user info for ADD
Setting logged in user info for ADD
[EL Fine]: sql: 2016-05-05 11:43:35.218--ClientSession(1730302177)--Connection(842461350)--Thread(Thread[Test worker,5,main])--SELECT timeZoneId FROM ast_Timezone_M WHERE (timeZoneId = ?)
	bind => [D5D3B191-65C7-4FCD-989F-28E97A0EF41B]
[EL Fine]: sql: 2016-05-05 11:43:35.219--ClientSession(1730302177)--Connection(842461350)--Thread(Thread[Test worker,5,main])--INSERT INTO ast_CoreContacts_T (contactId, age, approximateDOB, dateofbirth, emailId, firstName, genderId, lastName, middleName, nativeFirstName, nativeLanguageCode, nativeLastName, nativeMiddleName, nativeTitle, phoneNumber, titleId, versionId, createdBy, createdDate, updatedBy, updatedDate, activeStatus, txnAccessCode, timeZoneId) VALUES (?, ?, ?, ?, ?, ?, ?, ?, ?, ?, ?, ?, ?, ?, ?, ?, ?, ?, ?, ?, ?, ?, ?, ?)
	bind => [B2E3EDB6-E0F6-415E-BC30-B4E25F2DCAF5, 74, 2016-05-05 11:00:58.967, 2016-05-05 11:00:58.934, x0ByvMU1w0xwOPEeIbqNQUCJprwaUEiibqVoQGiaPFpSMNTWAq, GcdZSGhXo7T9vw6btDkjfqtiNibm8BRMja1Tx8zRoLQowoGZO8, 2F6F6661-3223-4E55-961E-587FD56028C9, dJDnbAFWCLBc73qZK1iYa5sbdgKp8fVxSmhGp1t1BAGpscmR83, etk7oioFvZ6gJuGL6M4GuXRjETuJw4IYrlMg2TsrJYCALCY4Q8, E8fB3MYbP26IQPj9rdWBjKI4nnxXOIT637ThkinyspJGe1kyvz, 701647ED-2664-4C79-A0A5-C08A645A97A4, MGKxAZZTffojZZNVuuWfhm7LLpGpa8ZPG67Jq0o358iOx41US5, 8QLaNVCenIoH5eFHkMgfnvSqlxwZWo3iNZcwLRbkIi3DkCXkJY, b7xXHXbEx6PhTTGLi4DkRdhKP7VbGFY8Su7lSK63BP7brUPQk6, FNQJuU3ButJNRSQZTAAr, 315FA0D2-4D76-4203-B215-3E72F56E0BD5, 1, AAAAA, 2016-05-05 11:43:34.96, AAAAA, 2016-05-05 11:43:34.96, 1, 51000, D5D3B191-65C7-4FCD-989F-28E97A0EF41B]
[EL Fine]: sql: 2016-05-05 11:43:35.22--ClientSession(1730302177)--Connection(842461350)--Thread(Thread[Test worker,5,main])--INSERT INTO ast_CommunicationData_TP (commDataId, commData, commGroupId, commType, versionId, createdBy, createdDate, updatedBy, updatedDate, activeStatus, txnAccessCode) VALUES (?, ?, ?, ?, ?, ?, ?, ?, ?, ?, ?)
	bind => [F5186CE4-4ED2-496C-8BE4-3E2E9C08FE08, b8IJH5m9WJ, F579687B-92C6-4B41-9DBA-8BDD9C1E5F00, 226B495D-BD13-421E-B50F-A20431846F1F, 1, AAAAA, 2016-05-05 11:43:35.151, AAAAA, 2016-05-05 11:43:35.151, 1, 51000]
[EL Fine]: sql: 2016-05-05 11:43:35.291--ClientSession(1730302177)--Connection(842461350)--Thread(Thread[Test worker,5,main])--INSERT INTO ast_Address_T (addressId, address1, address2, address3, addressLabel, addressTypeId, cityId, countryId, latitude, longitude, stateId, versionId, zipcode, createdBy, createdDate, updatedBy, updatedDate, activeStatus, txnAccessCode) VALUES (?, ?, ?, ?, ?, ?, ?, ?, ?, ?, ?, ?, ?, ?, ?, ?, ?, ?, ?)
	bind => [9E79933A-42D7-403B-AA9D-5AA0B1B61AF0, QmWBDGZ8r4Z1E80o01EW3rXS79NnLtVJST1Fj00HWgg1FJ6TLi, mJleMlFvDQyDvEqLSnz8Li54J6m7NZFHi6qTkEtIMZtZcx9Mpc, CFDbdJ58tAae2YhGuTbtM2SZIMWQ9yFOIgIKG8Oci99AMHmm1Z, PpbJsaSaz9y, 35378D67-B9FE-4915-8D24-3FF2903D2CB3, 557E5E73-BAC3-4A3A-A077-E528398711A9, D0D4C545-71A5-479B-B207-04C37811257D, NufiZtO5S8DwMtbpz0fV92BNa6VkY8vL1dbf1FNUrS3hpBRNdo, 4c55Kre4tsAfdd2FnRfYVp95tWPxu3RJ8RbNIQKiZnbadlVx3Q, E51D4BAE-E546-4412-8F7E-D21EADEE53EF, 1, NNvcKF, AAAAA, 2016-05-05 11:43:35.01, AAAAA, 2016-05-05 11:43:35.01, 1, 51000]
[EL Fine]: sql: 2016-05-05 11:43:35.293--ClientSession(1730302177)--Connection(842461350)--Thread(Thread[Test worker,5,main])--INSERT INTO ast_AddressMap_B (addressId, contactId) VALUES (?, ?)
	bind => [9E79933A-42D7-403B-AA9D-5AA0B1B61AF0, B2E3EDB6-E0F6-415E-BC30-B4E25F2DCAF5]
[EL Fine]: sql: 2016-05-05 11:43:35.294--ClientSession(1730302177)--Connection(842461350)--Thread(Thread[Test worker,5,main])--INSERT INTO ast_CommunicationMap_B (commDataId, contactId) VALUES (?, ?)
	bind => [F5186CE4-4ED2-496C-8BE4-3E2E9C08FE08, B2E3EDB6-E0F6-415E-BC30-B4E25F2DCAF5]
[EL Fine]: sql: 2016-05-05 11:43:35.368--ClientSession(1471825173)--Connection(842461350)--Thread(Thread[Test worker,5,main])--SELECT contactId, age, approximateDOB, dateofbirth, emailId, firstName, genderId, lastName, middleName, nativeFirstName, nativeLanguageCode, nativeLastName, nativeMiddleName, nativeTitle, phoneNumber, titleId, versionId, createdBy, createdDate, updatedBy, updatedDate, activeStatus, txnAccessCode, timeZoneId FROM ast_CoreContacts_T WHERE ((activeStatus = ?) AND (contactId = ?))
	bind => [1, B2E3EDB6-E0F6-415E-BC30-B4E25F2DCAF5]
[EL Fine]: sql: 2016-05-05 11:43:35.371--ClientSession(1471825173)--Connection(842461350)--Thread(Thread[Test worker,5,main])--SELECT timeZoneId, cities, country, gmtLabel, timeZoneLabel, utcdifference, versionId, createdBy, createdDate, updatedBy, updatedDate, activeStatus, txnAccessCode FROM ast_Timezone_M WHERE (timeZoneId = ?)
	bind => [D5D3B191-65C7-4FCD-989F-28E97A0EF41B]
Setting logged in user info for UPDATE
[EL Fine]: sql: 2016-05-05 11:43:35.375--ServerSession(130103900)--Connection(842461350)--Thread(Thread[Test worker,5,main])--SELECT t1.addressId, t1.address1, t1.address2, t1.address3, t1.addressLabel, t1.addressTypeId, t1.cityId, t1.countryId, t1.latitude, t1.longitude, t1.stateId, t1.versionId, t1.zipcode, t1.createdBy, t1.createdDate, t1.updatedBy, t1.updatedDate, t1.activeStatus, t1.txnAccessCode FROM ast_AddressMap_B t0, ast_Address_T t1 WHERE ((t0.contactId = ?) AND (t1.addressId = t0.addressId))
	bind => [B2E3EDB6-E0F6-415E-BC30-B4E25F2DCAF5]
Setting logged in user info for UPDATE
[EL Fine]: sql: 2016-05-05 11:43:35.377--ServerSession(130103900)--Connection(842461350)--Thread(Thread[Test worker,5,main])--SELECT t1.commDataId, t1.commData, t1.commGroupId, t1.commType, t1.versionId, t1.createdBy, t1.createdDate, t1.updatedBy, t1.updatedDate, t1.activeStatus, t1.txnAccessCode FROM ast_CommunicationMap_B t0, ast_CommunicationData_TP t1 WHERE ((t0.contactId = ?) AND (t1.commDataId = t0.commDataId))
	bind => [B2E3EDB6-E0F6-415E-BC30-B4E25F2DCAF5]
Setting logged in user info for UPDATE
[EL Fine]: sql: 2016-05-05 11:43:35.39--ClientSession(2122362388)--Connection(842461350)--Thread(Thread[Test worker,5,main])--SELECT contactId, age, approximateDOB, dateofbirth, emailId, firstName, genderId, lastName, middleName, nativeFirstName, nativeLanguageCode, nativeLastName, nativeMiddleName, nativeTitle, phoneNumber, titleId, versionId, createdBy, createdDate, updatedBy, updatedDate, activeStatus, txnAccessCode, timeZoneId FROM ast_CoreContacts_T WHERE (contactId = ?)
	bind => [B2E3EDB6-E0F6-415E-BC30-B4E25F2DCAF5]
[EL Fine]: sql: 2016-05-05 11:43:35.392--ClientSession(2122362388)--Connection(842461350)--Thread(Thread[Test worker,5,main])--SELECT timeZoneId, cities, country, gmtLabel, timeZoneLabel, utcdifference, versionId, createdBy, createdDate, updatedBy, updatedDate, activeStatus, txnAccessCode FROM ast_Timezone_M WHERE (timeZoneId = ?)
	bind => [D5D3B191-65C7-4FCD-989F-28E97A0EF41B]
[EL Fine]: sql: 2016-05-05 11:43:35.394--ClientSession(2122362388)--Connection(842461350)--Thread(Thread[Test worker,5,main])--SELECT t1.addressId, t1.address1, t1.address2, t1.address3, t1.addressLabel, t1.addressTypeId, t1.cityId, t1.countryId, t1.latitude, t1.longitude, t1.stateId, t1.versionId, t1.zipcode, t1.createdBy, t1.createdDate, t1.updatedBy, t1.updatedDate, t1.activeStatus, t1.txnAccessCode FROM ast_AddressMap_B t0, ast_Address_T t1 WHERE ((t0.contactId = ?) AND (t1.addressId = t0.addressId))
	bind => [B2E3EDB6-E0F6-415E-BC30-B4E25F2DCAF5]
[EL Fine]: sql: 2016-05-05 11:43:35.397--ClientSession(2122362388)--Connection(842461350)--Thread(Thread[Test worker,5,main])--SELECT t1.commDataId, t1.commData, t1.commGroupId, t1.commType, t1.versionId, t1.createdBy, t1.createdDate, t1.updatedBy, t1.updatedDate, t1.activeStatus, t1.txnAccessCode FROM ast_CommunicationMap_B t0, ast_CommunicationData_TP t1 WHERE ((t0.contactId = ?) AND (t1.commDataId = t0.commDataId))
	bind => [B2E3EDB6-E0F6-415E-BC30-B4E25F2DCAF5]
[EL Fine]: sql: 2016-05-05 11:43:35.4--ClientSession(2122362388)--Connection(842461350)--Thread(Thread[Test worker,5,main])--UPDATE ast_CoreContacts_T SET age = ?, approximateDOB = ?, dateofbirth = ?, emailId = ?, firstName = ?, lastName = ?, middleName = ?, nativeFirstName = ?, nativeLastName = ?, nativeMiddleName = ?, nativeTitle = ?, phoneNumber = ?, versionId = ? WHERE ((contactId = ?) AND (versionId = ?))
	bind => [85, 2016-05-05 11:00:59.574, 2016-05-05 11:00:59.469, 5y5mpRFezzfmepv2xsM0rj9sltZaNTCHoDOo24r1vVjsc66hfx, IdutJAIQcICrFsF73SWffQVnuztrDRlsgAm0P7TTcicUuHGMYj, YPUJO8kvMivHsTklwAyhnhsCpqBAaazr7NHBw9JVjyO6YxNiIQ, vLnlSLaXVbA36mMID9ZPS9AIwkhtXUvIm3NLO9oFXAwIAlQs1B, 26vVRreBaXfcxfzVUSsbOPirbme50Mqa9e2jyiPkjQQli6YY12, UtDWZu8JRSeZ8UdZ9AGYQDLlqDtlUfwNwRvqk2WnhZsQU6N7IG, WR6a4Nobj8fUsxUbcFskuMay1xiJsYSMytBRRviS5IOG7HJYAG, xuJ2uW19lQOA6En5tXJDSdJgCmlntR0ocCC878wJ2vOXKR9mRO, d78O4nSuBKE9QTw3cMeB, 2, B2E3EDB6-E0F6-415E-BC30-B4E25F2DCAF5, 1]
[EL Fine]: sql: 2016-05-05 11:43:35.437--ClientSession(342129268)--Connection(842461350)--Thread(Thread[Test worker,5,main])--SELECT contactId, age, approximateDOB, dateofbirth, emailId, firstName, genderId, lastName, middleName, nativeFirstName, nativeLanguageCode, nativeLastName, nativeMiddleName, nativeTitle, phoneNumber, titleId, versionId, createdBy, createdDate, updatedBy, updatedDate, activeStatus, txnAccessCode, timeZoneId FROM ast_CoreContacts_T WHERE ((activeStatus = ?) AND (contactId = ?))
	bind => [1, B2E3EDB6-E0F6-415E-BC30-B4E25F2DCAF5]
[EL Fine]: sql: 2016-05-05 11:43:35.438--ClientSession(342129268)--Connection(842461350)--Thread(Thread[Test worker,5,main])--SELECT timeZoneId, cities, country, gmtLabel, timeZoneLabel, utcdifference, versionId, createdBy, createdDate, updatedBy, updatedDate, activeStatus, txnAccessCode FROM ast_Timezone_M WHERE (timeZoneId = ?)
	bind => [D5D3B191-65C7-4FCD-989F-28E97A0EF41B]
[EL Fine]: sql: 2016-05-05 11:43:35.447--ClientSession(834564089)--Connection(842461350)--Thread(Thread[Test worker,5,main])--SELECT contactId, age, approximateDOB, dateofbirth, emailId, firstName, genderId, lastName, middleName, nativeFirstName, nativeLanguageCode, nativeLastName, nativeMiddleName, nativeTitle, phoneNumber, titleId, versionId, createdBy, createdDate, updatedBy, updatedDate, activeStatus, txnAccessCode, timeZoneId FROM ast_CoreContacts_T WHERE ((activeStatus = ?) AND (genderId = ?))
	bind => [1, 2F6F6661-3223-4E55-961E-587FD56028C9]
[EL Fine]: sql: 2016-05-05 11:43:35.448--ClientSession(834564089)--Connection(842461350)--Thread(Thread[Test worker,5,main])--SELECT timeZoneId, cities, country, gmtLabel, timeZoneLabel, utcdifference, versionId, createdBy, createdDate, updatedBy, updatedDate, activeStatus, txnAccessCode FROM ast_Timezone_M WHERE (timeZoneId = ?)
	bind => [D5D3B191-65C7-4FCD-989F-28E97A0EF41B]
[EL Fine]: sql: 2016-05-05 11:43:35.457--ClientSession(1347951050)--Connection(842461350)--Thread(Thread[Test worker,5,main])--SELECT contactId, age, approximateDOB, dateofbirth, emailId, firstName, genderId, lastName, middleName, nativeFirstName, nativeLanguageCode, nativeLastName, nativeMiddleName, nativeTitle, phoneNumber, titleId, versionId, createdBy, createdDate, updatedBy, updatedDate, activeStatus, txnAccessCode, timeZoneId FROM ast_CoreContacts_T WHERE ((activeStatus = ?) AND (nativeLanguageCode = ?))
	bind => [1, 701647ED-2664-4C79-A0A5-C08A645A97A4]
[EL Fine]: sql: 2016-05-05 11:43:35.459--ClientSession(1347951050)--Connection(842461350)--Thread(Thread[Test worker,5,main])--SELECT timeZoneId, cities, country, gmtLabel, timeZoneLabel, utcdifference, versionId, createdBy, createdDate, updatedBy, updatedDate, activeStatus, txnAccessCode FROM ast_Timezone_M WHERE (timeZoneId = ?)
	bind => [D5D3B191-65C7-4FCD-989F-28E97A0EF41B]
[EL Fine]: sql: 2016-05-05 11:43:35.468--ClientSession(1936962691)--Connection(842461350)--Thread(Thread[Test worker,5,main])--SELECT contactId, age, approximateDOB, dateofbirth, emailId, firstName, genderId, lastName, middleName, nativeFirstName, nativeLanguageCode, nativeLastName, nativeMiddleName, nativeTitle, phoneNumber, titleId, versionId, createdBy, createdDate, updatedBy, updatedDate, activeStatus, txnAccessCode, timeZoneId FROM ast_CoreContacts_T WHERE ((activeStatus = ?) AND (titleId = ?))
	bind => [1, 315FA0D2-4D76-4203-B215-3E72F56E0BD5]
[EL Fine]: sql: 2016-05-05 11:43:35.47--ClientSession(1936962691)--Connection(842461350)--Thread(Thread[Test worker,5,main])--SELECT timeZoneId, cities, country, gmtLabel, timeZoneLabel, utcdifference, versionId, createdBy, createdDate, updatedBy, updatedDate, activeStatus, txnAccessCode FROM ast_Timezone_M WHERE (timeZoneId = ?)
	bind => [D5D3B191-65C7-4FCD-989F-28E97A0EF41B]
[EL Fine]: sql: 2016-05-05 11:43:35.567--ClientSession(391383990)--Connection(842461350)--Thread(Thread[Test worker,5,main])--SELECT contactId, age, approximateDOB, dateofbirth, emailId, firstName, genderId, lastName, middleName, nativeFirstName, nativeLanguageCode, nativeLastName, nativeMiddleName, nativeTitle, phoneNumber, titleId, versionId, createdBy, createdDate, updatedBy, updatedDate, activeStatus, txnAccessCode, timeZoneId FROM ast_CoreContacts_T WHERE (contactId = ?)
	bind => [B2E3EDB6-E0F6-415E-BC30-B4E25F2DCAF5]
[EL Fine]: sql: 2016-05-05 11:43:35.568--ClientSession(391383990)--Connection(842461350)--Thread(Thread[Test worker,5,main])--SELECT timeZoneId, cities, country, gmtLabel, timeZoneLabel, utcdifference, versionId, createdBy, createdDate, updatedBy, updatedDate, activeStatus, txnAccessCode FROM ast_Timezone_M WHERE (timeZoneId = ?)
	bind => [D5D3B191-65C7-4FCD-989F-28E97A0EF41B]
[EL Fine]: sql: 2016-05-05 11:43:35.57--ClientSession(391383990)--Connection(842461350)--Thread(Thread[Test worker,5,main])--SELECT t1.addressId, t1.address1, t1.address2, t1.address3, t1.addressLabel, t1.addressTypeId, t1.cityId, t1.countryId, t1.latitude, t1.longitude, t1.stateId, t1.versionId, t1.zipcode, t1.createdBy, t1.createdDate, t1.updatedBy, t1.updatedDate, t1.activeStatus, t1.txnAccessCode FROM ast_AddressMap_B t0, ast_Address_T t1 WHERE ((t0.contactId = ?) AND (t1.addressId = t0.addressId))
	bind => [B2E3EDB6-E0F6-415E-BC30-B4E25F2DCAF5]
[EL Fine]: sql: 2016-05-05 11:43:35.572--ClientSession(391383990)--Connection(842461350)--Thread(Thread[Test worker,5,main])--SELECT t1.commDataId, t1.commData, t1.commGroupId, t1.commType, t1.versionId, t1.createdBy, t1.createdDate, t1.updatedBy, t1.updatedDate, t1.activeStatus, t1.txnAccessCode FROM ast_CommunicationMap_B t0, ast_CommunicationData_TP t1 WHERE ((t0.contactId = ?) AND (t1.commDataId = t0.commDataId))
	bind => [B2E3EDB6-E0F6-415E-BC30-B4E25F2DCAF5]
[EL Fine]: sql: 2016-05-05 11:43:35.583--ClientSession(391383990)--Connection(842461350)--Thread(Thread[Test worker,5,main])--DELETE FROM ast_AddressMap_B WHERE (contactId = ?)
	bind => [B2E3EDB6-E0F6-415E-BC30-B4E25F2DCAF5]
[EL Fine]: sql: 2016-05-05 11:43:35.586--ClientSession(391383990)--Connection(842461350)--Thread(Thread[Test worker,5,main])--DELETE FROM ast_CommunicationMap_B WHERE (contactId = ?)
	bind => [B2E3EDB6-E0F6-415E-BC30-B4E25F2DCAF5]
[EL Fine]: sql: 2016-05-05 11:43:35.588--ClientSession(391383990)--Connection(842461350)--Thread(Thread[Test worker,5,main])--DELETE FROM ast_Address_T WHERE ((addressId = ?) AND (versionId = ?))
	bind => [9E79933A-42D7-403B-AA9D-5AA0B1B61AF0, 1]
[EL Fine]: sql: 2016-05-05 11:43:35.68--ClientSession(391383990)--Connection(842461350)--Thread(Thread[Test worker,5,main])--DELETE FROM ast_CommunicationData_TP WHERE ((commDataId = ?) AND (versionId = ?))
	bind => [F5186CE4-4ED2-496C-8BE4-3E2E9C08FE08, 1]
[EL Fine]: sql: 2016-05-05 11:43:35.681--ClientSession(391383990)--Connection(842461350)--Thread(Thread[Test worker,5,main])--DELETE FROM ast_CoreContacts_T WHERE ((contactId = ?) AND (versionId = ?))
	bind => [B2E3EDB6-E0F6-415E-BC30-B4E25F2DCAF5, 2]
[EL Fine]: sql: 2016-05-05 11:43:35.755--ClientSession(2068635455)--Connection(842461350)--Thread(Thread[Test worker,5,main])--SELECT commType, commGroupId, commTypeDescription, commTypeName, versionId, createdBy, createdDate, updatedBy, updatedDate, activeStatus, txnAccessCode FROM ast_CommunicationType_M WHERE (commType = ?)
	bind => [226B495D-BD13-421E-B50F-A20431846F1F]
[EL Fine]: sql: 2016-05-05 11:43:35.757--ClientSession(2068635455)--Connection(842461350)--Thread(Thread[Test worker,5,main])--DELETE FROM ast_CommunicationType_M WHERE ((commType = ?) AND (versionId = ?))
	bind => [226B495D-BD13-421E-B50F-A20431846F1F, 1]
[EL Fine]: sql: 2016-05-05 11:43:35.78--ClientSession(1269775939)--Connection(842461350)--Thread(Thread[Test worker,5,main])--SELECT commGroupId, commGroupDescription, commGroupName, versionId, createdBy, createdDate, updatedBy, updatedDate, activeStatus, txnAccessCode FROM ast_CommunicationGroup_M WHERE (commGroupId = ?)
	bind => [F579687B-92C6-4B41-9DBA-8BDD9C1E5F00]
[EL Fine]: sql: 2016-05-05 11:43:35.782--ClientSession(1269775939)--Connection(842461350)--Thread(Thread[Test worker,5,main])--DELETE FROM ast_CommunicationGroup_M WHERE ((commGroupId = ?) AND (versionId = ?))
	bind => [F579687B-92C6-4B41-9DBA-8BDD9C1E5F00, 1]
[EL Fine]: sql: 2016-05-05 11:43:35.803--ClientSession(232398840)--Connection(842461350)--Thread(Thread[Test worker,5,main])--SELECT addressTypeId, addressType, addressTypeDesc, addressTypeIcon, versionId, createdBy, createdDate, updatedBy, updatedDate, activeStatus, txnAccessCode FROM ast_AddressType_M WHERE (addressTypeId = ?)
	bind => [35378D67-B9FE-4915-8D24-3FF2903D2CB3]
[EL Fine]: sql: 2016-05-05 11:43:35.805--ClientSession(232398840)--Connection(842461350)--Thread(Thread[Test worker,5,main])--DELETE FROM ast_AddressType_M WHERE ((addressTypeId = ?) AND (versionId = ?))
	bind => [35378D67-B9FE-4915-8D24-3FF2903D2CB3, 1]
[EL Fine]: sql: 2016-05-05 11:43:35.829--ClientSession(822344134)--Connection(842461350)--Thread(Thread[Test worker,5,main])--SELECT cityId, cityCode, cityCodeChar2, cityDescription, cityFlag, cityLatitude, cityLongitude, cityName, countryId, stateId, versionId, createdBy, createdDate, updatedBy, updatedDate, activeStatus, txnAccessCode FROM ast_City_M WHERE (cityId = ?)
	bind => [557E5E73-BAC3-4A3A-A077-E528398711A9]
[EL Fine]: sql: 2016-05-05 11:43:35.831--ClientSession(822344134)--Connection(842461350)--Thread(Thread[Test worker,5,main])--DELETE FROM ast_City_M WHERE ((cityId = ?) AND (versionId = ?))
	bind => [557E5E73-BAC3-4A3A-A077-E528398711A9, 1]
[EL Fine]: sql: 2016-05-05 11:43:35.903--ClientSession(627618344)--Connection(842461350)--Thread(Thread[Test worker,5,main])--SELECT stateId, countryId, stateCapital, stateCapitalLatitude, stateCapitalLongitude, stateCode, stateCodeChar2, stateCodeChar3, stateDescription, stateFlag, stateName, versionId, createdBy, createdDate, updatedBy, updatedDate, activeStatus, txnAccessCode FROM ast_State_M WHERE (stateId = ?)
	bind => [E51D4BAE-E546-4412-8F7E-D21EADEE53EF]
[EL Fine]: sql: 2016-05-05 11:43:35.906--ClientSession(627618344)--Connection(842461350)--Thread(Thread[Test worker,5,main])--DELETE FROM ast_State_M WHERE ((stateId = ?) AND (versionId = ?))
	bind => [E51D4BAE-E546-4412-8F7E-D21EADEE53EF, 1]
[EL Fine]: sql: 2016-05-05 11:43:35.976--ClientSession(1627428218)--Connection(842461350)--Thread(Thread[Test worker,5,main])--SELECT countryId, capital, capitalLatitude, capitalLongitude, countryCode1, countryCode2, countryFlag, countryName, currencyCode, currencyName, currencySymbol, isoNumeric, versionId, createdBy, createdDate, updatedBy, updatedDate, activeStatus, txnAccessCode FROM ast_Country_M WHERE (countryId = ?)
	bind => [D0D4C545-71A5-479B-B207-04C37811257D]
[EL Fine]: sql: 2016-05-05 11:43:35.978--ClientSession(1627428218)--Connection(842461350)--Thread(Thread[Test worker,5,main])--DELETE FROM ast_Country_M WHERE ((countryId = ?) AND (versionId = ?))
	bind => [D0D4C545-71A5-479B-B207-04C37811257D, 1]
[EL Fine]: sql: 2016-05-05 11:43:36.001--ClientSession(490067840)--Connection(842461350)--Thread(Thread[Test worker,5,main])--SELECT genderId, gender, versionId, createdBy, createdDate, updatedBy, updatedDate, activeStatus, txnAccessCode FROM ast_Gender_M WHERE (genderId = ?)
	bind => [2F6F6661-3223-4E55-961E-587FD56028C9]
[EL Fine]: sql: 2016-05-05 11:43:36.003--ClientSession(490067840)--Connection(842461350)--Thread(Thread[Test worker,5,main])--DELETE FROM ast_Gender_M WHERE ((genderId = ?) AND (versionId = ?))
	bind => [2F6F6661-3223-4E55-961E-587FD56028C9, 1]
[EL Fine]: sql: 2016-05-05 11:43:36.067--ClientSession(1139098967)--Connection(842461350)--Thread(Thread[Test worker,5,main])--SELECT titleId, titles, versionId, createdBy, createdDate, updatedBy, updatedDate, activeStatus, txnAccessCode FROM ast_Title_M WHERE (titleId = ?)
	bind => [315FA0D2-4D76-4203-B215-3E72F56E0BD5]
[EL Fine]: sql: 2016-05-05 11:43:36.069--ClientSession(1139098967)--Connection(842461350)--Thread(Thread[Test worker,5,main])--DELETE FROM ast_Title_M WHERE ((titleId = ?) AND (versionId = ?))
	bind => [315FA0D2-4D76-4203-B215-3E72F56E0BD5, 1]
[EL Fine]: sql: 2016-05-05 11:43:36.159--ClientSession(835030029)--Connection(842461350)--Thread(Thread[Test worker,5,main])--SELECT timeZoneId, cities, country, gmtLabel, timeZoneLabel, utcdifference, versionId, createdBy, createdDate, updatedBy, updatedDate, activeStatus, txnAccessCode FROM ast_Timezone_M WHERE (timeZoneId = ?)
	bind => [D5D3B191-65C7-4FCD-989F-28E97A0EF41B]
[EL Fine]: sql: 2016-05-05 11:43:36.16--ClientSession(835030029)--Connection(842461350)--Thread(Thread[Test worker,5,main])--DELETE FROM ast_Timezone_M WHERE ((timeZoneId = ?) AND (versionId = ?))
	bind => [D5D3B191-65C7-4FCD-989F-28E97A0EF41B, 1]
[EL Fine]: sql: 2016-05-05 11:43:36.208--ClientSession(979976968)--Connection(842461350)--Thread(Thread[Test worker,5,main])--SELECT languageId, alpha2, alpha3, alpha4, alpha4parentid, language, languageDescription, languageIcon, languageType, versionId, createdBy, createdDate, updatedBy, updatedDate, activeStatus, txnAccessCode FROM ast_Language_M WHERE (languageId = ?)
	bind => [701647ED-2664-4C79-A0A5-C08A645A97A4]
[EL Fine]: sql: 2016-05-05 11:43:36.211--ClientSession(979976968)--Connection(842461350)--Thread(Thread[Test worker,5,main])--DELETE FROM ast_Language_M WHERE ((languageId = ?) AND (versionId = ?))
	bind => [701647ED-2664-4C79-A0A5-C08A645A97A4, 1]
]]></system-out>
  <system-err><![CDATA[java.lang.NullPointerException
	at com.spartan.logger.connectors.file.LogFileHandler.writeData(LogFileHandler.java:109)
	at com.spartan.logger.connectors.file.FileConnector.writeData(FileConnector.java:69)
	at com.spartan.logger.connectors.file.FileConnector.writeLog(FileConnector.java:51)
	at com.spartan.logger.core.queue.QueueConsumer.consumeAlarm(QueueConsumer.java:76)
	at com.spartan.logger.core.queue.QueueConsumer.run(QueueConsumer.java:41)
	at java.lang.Thread.run(Thread.java:745)
java.lang.NullPointerException
	at com.spartan.logger.connectors.file.LogFileHandler.writeData(LogFileHandler.java:109)
	at com.spartan.logger.connectors.file.FileConnector.writeData(FileConnector.java:69)
	at com.spartan.logger.connectors.file.FileConnector.writeLog(FileConnector.java:51)
	at com.spartan.logger.core.queue.QueueConsumer.consumeAlarm(QueueConsumer.java:76)
	at com.spartan.logger.core.queue.QueueConsumer.run(QueueConsumer.java:41)
	at java.lang.Thread.run(Thread.java:745)
java.lang.NullPointerException
	at com.spartan.logger.connectors.file.LogFileHandler.writeData(LogFileHandler.java:109)
	at com.spartan.logger.connectors.file.FileConnector.writeData(FileConnector.java:69)
	at com.spartan.logger.connectors.file.FileConnector.writeLog(FileConnector.java:51)
	at com.spartan.logger.core.queue.QueueConsumer.consumeAlarm(QueueConsumer.java:76)
	at com.spartan.logger.core.queue.QueueConsumer.run(QueueConsumer.java:41)
	at java.lang.Thread.run(Thread.java:745)
java.lang.NullPointerException
	at com.spartan.logger.connectors.file.LogFileHandler.writeData(LogFileHandler.java:109)
	at com.spartan.logger.connectors.file.FileConnector.writeData(FileConnector.java:69)
	at com.spartan.logger.connectors.file.FileConnector.writeLog(FileConnector.java:51)
	at com.spartan.logger.core.queue.QueueConsumer.consumeAlarm(QueueConsumer.java:76)
	at com.spartan.logger.core.queue.QueueConsumer.run(QueueConsumer.java:41)
	at java.lang.Thread.run(Thread.java:745)
java.lang.NullPointerException
	at com.spartan.logger.connectors.file.LogFileHandler.writeData(LogFileHandler.java:109)
	at com.spartan.logger.connectors.file.FileConnector.writeData(FileConnector.java:69)
	at com.spartan.logger.connectors.file.FileConnector.writeLog(FileConnector.java:51)
	at com.spartan.logger.core.queue.QueueConsumer.consumeAlarm(QueueConsumer.java:76)
	at com.spartan.logger.core.queue.QueueConsumer.run(QueueConsumer.java:41)
	at java.lang.Thread.run(Thread.java:745)
java.lang.NullPointerException
	at com.spartan.logger.connectors.file.LogFileHandler.writeData(LogFileHandler.java:109)
	at com.spartan.logger.connectors.file.FileConnector.writeData(FileConnector.java:69)
	at com.spartan.logger.connectors.file.FileConnector.writeLog(FileConnector.java:51)
	at com.spartan.logger.core.queue.QueueConsumer.consumeAlarm(QueueConsumer.java:76)
	at com.spartan.logger.core.queue.QueueConsumer.run(QueueConsumer.java:41)
	at java.lang.Thread.run(Thread.java:745)
java.lang.NullPointerException
	at com.spartan.logger.connectors.file.LogFileHandler.writeData(LogFileHandler.java:109)
	at com.spartan.logger.connectors.file.FileConnector.writeData(FileConnector.java:69)
	at com.spartan.logger.connectors.file.FileConnector.writeLog(FileConnector.java:51)
	at com.spartan.logger.core.queue.QueueConsumer.consumeAlarm(QueueConsumer.java:76)
	at com.spartan.logger.core.queue.QueueConsumer.run(QueueConsumer.java:41)
	at java.lang.Thread.run(Thread.java:745)
java.lang.NullPointerException
	at com.spartan.logger.connectors.file.LogFileHandler.writeData(LogFileHandler.java:109)
	at com.spartan.logger.connectors.file.FileConnector.writeData(FileConnector.java:69)
	at com.spartan.logger.connectors.file.FileConnector.writeLog(FileConnector.java:51)
	at com.spartan.logger.core.queue.QueueConsumer.consumeAlarm(QueueConsumer.java:76)
	at com.spartan.logger.core.queue.QueueConsumer.run(QueueConsumer.java:41)
	at java.lang.Thread.run(Thread.java:745)
java.lang.NullPointerException
	at com.spartan.logger.connectors.file.LogFileHandler.writeData(LogFileHandler.java:109)
	at com.spartan.logger.connectors.file.FileConnector.writeData(FileConnector.java:69)
	at com.spartan.logger.connectors.file.FileConnector.writeLog(FileConnector.java:51)
	at com.spartan.logger.core.queue.QueueConsumer.consumeAlarm(QueueConsumer.java:76)
	at com.spartan.logger.core.queue.QueueConsumer.run(QueueConsumer.java:41)
	at java.lang.Thread.run(Thread.java:745)
java.lang.NullPointerException
	at com.spartan.logger.connectors.file.LogFileHandler.writeData(LogFileHandler.java:109)
	at com.spartan.logger.connectors.file.FileConnector.writeData(FileConnector.java:69)
	at com.spartan.logger.connectors.file.FileConnector.writeLog(FileConnector.java:51)
	at com.spartan.logger.core.queue.QueueConsumer.consumeAlarm(QueueConsumer.java:76)
	at com.spartan.logger.core.queue.QueueConsumer.run(QueueConsumer.java:41)
	at java.lang.Thread.run(Thread.java:745)
java.lang.NullPointerException
	at com.spartan.logger.connectors.file.LogFileHandler.writeData(LogFileHandler.java:109)
	at com.spartan.logger.connectors.file.FileConnector.writeData(FileConnector.java:69)
	at com.spartan.logger.connectors.file.FileConnector.writeLog(FileConnector.java:51)
	at com.spartan.logger.core.queue.QueueConsumer.consumeAlarm(QueueConsumer.java:76)
	at com.spartan.logger.core.queue.QueueConsumer.run(QueueConsumer.java:41)
	at java.lang.Thread.run(Thread.java:745)
java.lang.NullPointerException
	at com.spartan.logger.connectors.file.LogFileHandler.writeData(LogFileHandler.java:109)
	at com.spartan.logger.connectors.file.FileConnector.writeData(FileConnector.java:69)
	at com.spartan.logger.connectors.file.FileConnector.writeLog(FileConnector.java:51)
	at com.spartan.logger.core.queue.QueueConsumer.consumeAlarm(QueueConsumer.java:76)
	at com.spartan.logger.core.queue.QueueConsumer.run(QueueConsumer.java:41)
	at java.lang.Thread.run(Thread.java:745)
java.lang.NullPointerException
	at com.spartan.logger.connectors.file.LogFileHandler.writeData(LogFileHandler.java:109)
	at com.spartan.logger.connectors.file.FileConnector.writeData(FileConnector.java:69)
	at com.spartan.logger.connectors.file.FileConnector.writeLog(FileConnector.java:51)
	at com.spartan.logger.core.queue.QueueConsumer.consumeAlarm(QueueConsumer.java:76)
	at com.spartan.logger.core.queue.QueueConsumer.run(QueueConsumer.java:41)
	at java.lang.Thread.run(Thread.java:745)
java.lang.NullPointerException
	at com.spartan.logger.connectors.file.LogFileHandler.writeData(LogFileHandler.java:109)
	at com.spartan.logger.connectors.file.FileConnector.writeData(FileConnector.java:69)
	at com.spartan.logger.connectors.file.FileConnector.writeLog(FileConnector.java:51)
	at com.spartan.logger.core.queue.QueueConsumer.consumeAlarm(QueueConsumer.java:76)
	at com.spartan.logger.core.queue.QueueConsumer.run(QueueConsumer.java:41)
	at java.lang.Thread.run(Thread.java:745)
java.lang.NullPointerException
	at com.spartan.logger.connectors.file.LogFileHandler.writeData(LogFileHandler.java:109)
	at com.spartan.logger.connectors.file.FileConnector.writeData(FileConnector.java:69)
	at com.spartan.logger.connectors.file.FileConnector.writeLog(FileConnector.java:51)
	at com.spartan.logger.core.queue.QueueConsumer.consumeAlarm(QueueConsumer.java:76)
	at com.spartan.logger.core.queue.QueueConsumer.run(QueueConsumer.java:41)
	at java.lang.Thread.run(Thread.java:745)
java.lang.NullPointerException
	at com.spartan.logger.connectors.file.LogFileHandler.writeData(LogFileHandler.java:109)
	at com.spartan.logger.connectors.file.FileConnector.writeData(FileConnector.java:69)
	at com.spartan.logger.connectors.file.FileConnector.writeLog(FileConnector.java:51)
	at com.spartan.logger.core.queue.QueueConsumer.consumeAlarm(QueueConsumer.java:76)
	at com.spartan.logger.core.queue.QueueConsumer.run(QueueConsumer.java:41)
	at java.lang.Thread.run(Thread.java:745)
java.lang.NullPointerException
	at com.spartan.logger.connectors.file.LogFileHandler.writeData(LogFileHandler.java:109)
	at com.spartan.logger.connectors.file.FileConnector.writeData(FileConnector.java:69)
	at com.spartan.logger.connectors.file.FileConnector.writeLog(FileConnector.java:51)
	at com.spartan.logger.core.queue.QueueConsumer.consumeAlarm(QueueConsumer.java:76)
	at com.spartan.logger.core.queue.QueueConsumer.run(QueueConsumer.java:41)
	at java.lang.Thread.run(Thread.java:745)
java.lang.NullPointerException
	at com.spartan.logger.connectors.file.LogFileHandler.writeData(LogFileHandler.java:109)
	at com.spartan.logger.connectors.file.FileConnector.writeData(FileConnector.java:69)
	at com.spartan.logger.connectors.file.FileConnector.writeLog(FileConnector.java:51)
	at com.spartan.logger.core.queue.QueueConsumer.consumeAlarm(QueueConsumer.java:76)
	at com.spartan.logger.core.queue.QueueConsumer.run(QueueConsumer.java:41)
	at java.lang.Thread.run(Thread.java:745)
java.lang.NullPointerException
	at com.spartan.logger.connectors.file.LogFileHandler.writeData(LogFileHandler.java:109)
	at com.spartan.logger.connectors.file.FileConnector.writeData(FileConnector.java:69)
	at com.spartan.logger.connectors.file.FileConnector.writeLog(FileConnector.java:51)
	at com.spartan.logger.core.queue.QueueConsumer.consumeAlarm(QueueConsumer.java:76)
	at com.spartan.logger.core.queue.QueueConsumer.run(QueueConsumer.java:41)
	at java.lang.Thread.run(Thread.java:745)
java.lang.NullPointerException
	at com.spartan.logger.connectors.file.LogFileHandler.writeData(LogFileHandler.java:109)
	at com.spartan.logger.connectors.file.FileConnector.writeData(FileConnector.java:69)
	at com.spartan.logger.connectors.file.FileConnector.writeLog(FileConnector.java:51)
	at com.spartan.logger.core.queue.QueueConsumer.consumeAlarm(QueueConsumer.java:76)
	at com.spartan.logger.core.queue.QueueConsumer.run(QueueConsumer.java:41)
	at java.lang.Thread.run(Thread.java:745)
java.lang.NullPointerException
	at com.spartan.logger.connectors.file.LogFileHandler.writeData(LogFileHandler.java:109)
	at com.spartan.logger.connectors.file.FileConnector.writeData(FileConnector.java:69)
	at com.spartan.logger.connectors.file.FileConnector.writeLog(FileConnector.java:51)
	at com.spartan.logger.core.queue.QueueConsumer.consumeAlarm(QueueConsumer.java:76)
	at com.spartan.logger.core.queue.QueueConsumer.run(QueueConsumer.java:41)
	at java.lang.Thread.run(Thread.java:745)
java.lang.NullPointerException
	at com.spartan.logger.connectors.file.LogFileHandler.writeData(LogFileHandler.java:109)
	at com.spartan.logger.connectors.file.FileConnector.writeData(FileConnector.java:69)
	at com.spartan.logger.connectors.file.FileConnector.writeLog(FileConnector.java:51)
	at com.spartan.logger.core.queue.QueueConsumer.consumeAlarm(QueueConsumer.java:76)
	at com.spartan.logger.core.queue.QueueConsumer.run(QueueConsumer.java:41)
	at java.lang.Thread.run(Thread.java:745)
java.lang.NullPointerException
	at com.spartan.logger.connectors.file.LogFileHandler.writeData(LogFileHandler.java:109)
	at com.spartan.logger.connectors.file.FileConnector.writeData(FileConnector.java:69)
	at com.spartan.logger.connectors.file.FileConnector.writeLog(FileConnector.java:51)
	at com.spartan.logger.core.queue.QueueConsumer.consumeAlarm(QueueConsumer.java:76)
	at com.spartan.logger.core.queue.QueueConsumer.run(QueueConsumer.java:41)
	at java.lang.Thread.run(Thread.java:745)
java.lang.NullPointerException
	at com.spartan.logger.connectors.file.LogFileHandler.writeData(LogFileHandler.java:109)
	at com.spartan.logger.connectors.file.FileConnector.writeData(FileConnector.java:69)
	at com.spartan.logger.connectors.file.FileConnector.writeLog(FileConnector.java:51)
	at com.spartan.logger.core.queue.QueueConsumer.consumeAlarm(QueueConsumer.java:76)
	at com.spartan.logger.core.queue.QueueConsumer.run(QueueConsumer.java:41)
	at java.lang.Thread.run(Thread.java:745)
java.lang.NullPointerException
	at com.spartan.logger.connectors.file.LogFileHandler.writeData(LogFileHandler.java:109)
	at com.spartan.logger.connectors.file.FileConnector.writeData(FileConnector.java:69)
	at com.spartan.logger.connectors.file.FileConnector.writeLog(FileConnector.java:51)
	at com.spartan.logger.core.queue.QueueConsumer.consumeAlarm(QueueConsumer.java:76)
	at com.spartan.logger.core.queue.QueueConsumer.run(QueueConsumer.java:41)
	at java.lang.Thread.run(Thread.java:745)
java.lang.NullPointerException
	at com.spartan.logger.connectors.file.LogFileHandler.writeData(LogFileHandler.java:109)
	at com.spartan.logger.connectors.file.FileConnector.writeData(FileConnector.java:69)
	at com.spartan.logger.connectors.file.FileConnector.writeLog(FileConnector.java:51)
	at com.spartan.logger.core.queue.QueueConsumer.consumeAlarm(QueueConsumer.java:76)
	at com.spartan.logger.core.queue.QueueConsumer.run(QueueConsumer.java:41)
	at java.lang.Thread.run(Thread.java:745)
java.lang.NullPointerException
	at com.spartan.logger.connectors.file.LogFileHandler.writeData(LogFileHandler.java:109)
	at com.spartan.logger.connectors.file.FileConnector.writeData(FileConnector.java:69)
	at com.spartan.logger.connectors.file.FileConnector.writeLog(FileConnector.java:51)
	at com.spartan.logger.core.queue.QueueConsumer.consumeAlarm(QueueConsumer.java:76)
	at com.spartan.logger.core.queue.QueueConsumer.run(QueueConsumer.java:41)
	at java.lang.Thread.run(Thread.java:745)
java.lang.NullPointerException
	at com.spartan.logger.connectors.file.LogFileHandler.writeData(LogFileHandler.java:109)
	at com.spartan.logger.connectors.file.FileConnector.writeData(FileConnector.java:69)
	at com.spartan.logger.connectors.file.FileConnector.writeLog(FileConnector.java:51)
	at com.spartan.logger.core.queue.QueueConsumer.consumeAlarm(QueueConsumer.java:76)
	at com.spartan.logger.core.queue.QueueConsumer.run(QueueConsumer.java:41)
	at java.lang.Thread.run(Thread.java:745)
java.lang.NullPointerException
	at com.spartan.logger.connectors.file.LogFileHandler.writeData(LogFileHandler.java:109)
	at com.spartan.logger.connectors.file.FileConnector.writeData(FileConnector.java:69)
	at com.spartan.logger.connectors.file.FileConnector.writeLog(FileConnector.java:51)
	at com.spartan.logger.core.queue.QueueConsumer.consumeAlarm(QueueConsumer.java:76)
	at com.spartan.logger.core.queue.QueueConsumer.run(QueueConsumer.java:41)
	at java.lang.Thread.run(Thread.java:745)
java.lang.NullPointerException
	at com.spartan.logger.connectors.file.LogFileHandler.writeData(LogFileHandler.java:109)
	at com.spartan.logger.connectors.file.FileConnector.writeData(FileConnector.java:69)
	at com.spartan.logger.connectors.file.FileConnector.writeLog(FileConnector.java:51)
	at com.spartan.logger.core.queue.QueueConsumer.consumeAlarm(QueueConsumer.java:76)
	at com.spartan.logger.core.queue.QueueConsumer.run(QueueConsumer.java:41)
	at java.lang.Thread.run(Thread.java:745)
java.lang.NullPointerException
	at com.spartan.logger.connectors.file.LogFileHandler.writeData(LogFileHandler.java:109)
	at com.spartan.logger.connectors.file.FileConnector.writeData(FileConnector.java:69)
	at com.spartan.logger.connectors.file.FileConnector.writeLog(FileConnector.java:51)
	at com.spartan.logger.core.queue.QueueConsumer.consumeAlarm(QueueConsumer.java:76)
	at com.spartan.logger.core.queue.QueueConsumer.run(QueueConsumer.java:41)
	at java.lang.Thread.run(Thread.java:745)
java.lang.NullPointerException
	at com.spartan.logger.connectors.file.LogFileHandler.writeData(LogFileHandler.java:109)
	at com.spartan.logger.connectors.file.FileConnector.writeData(FileConnector.java:69)
	at com.spartan.logger.connectors.file.FileConnector.writeLog(FileConnector.java:51)
	at com.spartan.logger.core.queue.QueueConsumer.consumeAlarm(QueueConsumer.java:76)
	at com.spartan.logger.core.queue.QueueConsumer.run(QueueConsumer.java:41)
	at java.lang.Thread.run(Thread.java:745)
java.lang.NullPointerException
	at com.spartan.logger.connectors.file.LogFileHandler.writeData(LogFileHandler.java:109)
	at com.spartan.logger.connectors.file.FileConnector.writeData(FileConnector.java:69)
	at com.spartan.logger.connectors.file.FileConnector.writeLog(FileConnector.java:51)
	at com.spartan.logger.core.queue.QueueConsumer.consumeAlarm(QueueConsumer.java:76)
	at com.spartan.logger.core.queue.QueueConsumer.run(QueueConsumer.java:41)
	at java.lang.Thread.run(Thread.java:745)
java.lang.NullPointerException
	at com.spartan.logger.connectors.file.LogFileHandler.writeData(LogFileHandler.java:109)
	at com.spartan.logger.connectors.file.FileConnector.writeData(FileConnector.java:69)
	at com.spartan.logger.connectors.file.FileConnector.writeLog(FileConnector.java:51)
	at com.spartan.logger.core.queue.QueueConsumer.consumeAlarm(QueueConsumer.java:76)
	at com.spartan.logger.core.queue.QueueConsumer.run(QueueConsumer.java:41)
	at java.lang.Thread.run(Thread.java:745)
java.lang.NullPointerException
	at com.spartan.logger.connectors.file.LogFileHandler.writeData(LogFileHandler.java:109)
	at com.spartan.logger.connectors.file.FileConnector.writeData(FileConnector.java:69)
	at com.spartan.logger.connectors.file.FileConnector.writeLog(FileConnector.java:51)
	at com.spartan.logger.core.queue.QueueConsumer.consumeAlarm(QueueConsumer.java:76)
	at com.spartan.logger.core.queue.QueueConsumer.run(QueueConsumer.java:41)
	at java.lang.Thread.run(Thread.java:745)
java.lang.NullPointerException
	at com.spartan.logger.connectors.file.LogFileHandler.writeData(LogFileHandler.java:109)
	at com.spartan.logger.connectors.file.FileConnector.writeData(FileConnector.java:69)
	at com.spartan.logger.connectors.file.FileConnector.writeLog(FileConnector.java:51)
	at com.spartan.logger.core.queue.QueueConsumer.consumeAlarm(QueueConsumer.java:76)
	at com.spartan.logger.core.queue.QueueConsumer.run(QueueConsumer.java:41)
	at java.lang.Thread.run(Thread.java:745)
java.lang.NullPointerException
	at com.spartan.logger.connectors.file.LogFileHandler.writeData(LogFileHandler.java:109)
	at com.spartan.logger.connectors.file.FileConnector.writeData(FileConnector.java:69)
	at com.spartan.logger.connectors.file.FileConnector.writeLog(FileConnector.java:51)
	at com.spartan.logger.core.queue.QueueConsumer.consumeAlarm(QueueConsumer.java:76)
	at com.spartan.logger.core.queue.QueueConsumer.run(QueueConsumer.java:41)
	at java.lang.Thread.run(Thread.java:745)
java.lang.NullPointerException
	at com.spartan.logger.connectors.file.LogFileHandler.writeData(LogFileHandler.java:109)
	at com.spartan.logger.connectors.file.FileConnector.writeData(FileConnector.java:69)
	at com.spartan.logger.connectors.file.FileConnector.writeLog(FileConnector.java:51)
	at com.spartan.logger.core.queue.QueueConsumer.consumeAlarm(QueueConsumer.java:76)
	at com.spartan.logger.core.queue.QueueConsumer.run(QueueConsumer.java:41)
	at java.lang.Thread.run(Thread.java:745)
java.lang.NullPointerException
	at com.spartan.logger.connectors.file.LogFileHandler.writeData(LogFileHandler.java:109)
	at com.spartan.logger.connectors.file.FileConnector.writeData(FileConnector.java:69)
	at com.spartan.logger.connectors.file.FileConnector.writeLog(FileConnector.java:51)
	at com.spartan.logger.core.queue.QueueConsumer.consumeAlarm(QueueConsumer.java:76)
	at com.spartan.logger.core.queue.QueueConsumer.run(QueueConsumer.java:41)
	at java.lang.Thread.run(Thread.java:745)
java.lang.NullPointerException
	at com.spartan.logger.connectors.file.LogFileHandler.writeData(LogFileHandler.java:109)
	at com.spartan.logger.connectors.file.FileConnector.writeData(FileConnector.java:69)
	at com.spartan.logger.connectors.file.FileConnector.writeLog(FileConnector.java:51)
	at com.spartan.logger.core.queue.QueueConsumer.consumeAlarm(QueueConsumer.java:76)
	at com.spartan.logger.core.queue.QueueConsumer.run(QueueConsumer.java:41)
	at java.lang.Thread.run(Thread.java:745)
java.lang.NullPointerException
	at com.spartan.logger.connectors.file.LogFileHandler.writeData(LogFileHandler.java:109)
	at com.spartan.logger.connectors.file.FileConnector.writeData(FileConnector.java:69)
	at com.spartan.logger.connectors.file.FileConnector.writeLog(FileConnector.java:51)
	at com.spartan.logger.core.queue.QueueConsumer.consumeAlarm(QueueConsumer.java:76)
	at com.spartan.logger.core.queue.QueueConsumer.run(QueueConsumer.java:41)
	at java.lang.Thread.run(Thread.java:745)
java.lang.NullPointerException
	at com.spartan.logger.connectors.file.LogFileHandler.writeData(LogFileHandler.java:109)
	at com.spartan.logger.connectors.file.FileConnector.writeData(FileConnector.java:69)
	at com.spartan.logger.connectors.file.FileConnector.writeLog(FileConnector.java:51)
	at com.spartan.logger.core.queue.QueueConsumer.consumeAlarm(QueueConsumer.java:76)
	at com.spartan.logger.core.queue.QueueConsumer.run(QueueConsumer.java:41)
	at java.lang.Thread.run(Thread.java:745)
java.lang.NullPointerException
	at com.spartan.logger.connectors.file.LogFileHandler.writeData(LogFileHandler.java:109)
	at com.spartan.logger.connectors.file.FileConnector.writeData(FileConnector.java:69)
	at com.spartan.logger.connectors.file.FileConnector.writeLog(FileConnector.java:51)
	at com.spartan.logger.core.queue.QueueConsumer.consumeAlarm(QueueConsumer.java:76)
	at com.spartan.logger.core.queue.QueueConsumer.run(QueueConsumer.java:41)
	at java.lang.Thread.run(Thread.java:745)
java.lang.NullPointerException
	at com.spartan.logger.connectors.file.LogFileHandler.writeData(LogFileHandler.java:109)
	at com.spartan.logger.connectors.file.FileConnector.writeData(FileConnector.java:69)
	at com.spartan.logger.connectors.file.FileConnector.writeLog(FileConnector.java:51)
	at com.spartan.logger.core.queue.QueueConsumer.consumeAlarm(QueueConsumer.java:76)
	at com.spartan.logger.core.queue.QueueConsumer.run(QueueConsumer.java:41)
	at java.lang.Thread.run(Thread.java:745)
java.lang.NullPointerException
	at com.spartan.logger.connectors.file.LogFileHandler.writeData(LogFileHandler.java:109)
	at com.spartan.logger.connectors.file.FileConnector.writeData(FileConnector.java:69)
	at com.spartan.logger.connectors.file.FileConnector.writeLog(FileConnector.java:51)
	at com.spartan.logger.core.queue.QueueConsumer.consumeAlarm(QueueConsumer.java:76)
	at com.spartan.logger.core.queue.QueueConsumer.run(QueueConsumer.java:41)
	at java.lang.Thread.run(Thread.java:745)
java.lang.NullPointerException
	at com.spartan.logger.connectors.file.LogFileHandler.writeData(LogFileHandler.java:109)
	at com.spartan.logger.connectors.file.FileConnector.writeData(FileConnector.java:69)
	at com.spartan.logger.connectors.file.FileConnector.writeLog(FileConnector.java:51)
	at com.spartan.logger.core.queue.QueueConsumer.consumeAlarm(QueueConsumer.java:76)
	at com.spartan.logger.core.queue.QueueConsumer.run(QueueConsumer.java:41)
	at java.lang.Thread.run(Thread.java:745)
java.lang.NullPointerException
	at com.spartan.logger.connectors.file.LogFileHandler.writeData(LogFileHandler.java:109)
	at com.spartan.logger.connectors.file.FileConnector.writeData(FileConnector.java:69)
	at com.spartan.logger.connectors.file.FileConnector.writeLog(FileConnector.java:51)
	at com.spartan.logger.core.queue.QueueConsumer.consumeAlarm(QueueConsumer.java:76)
	at com.spartan.logger.core.queue.QueueConsumer.run(QueueConsumer.java:41)
	at java.lang.Thread.run(Thread.java:745)
java.lang.NullPointerException
	at com.spartan.logger.connectors.file.LogFileHandler.writeData(LogFileHandler.java:109)
	at com.spartan.logger.connectors.file.FileConnector.writeData(FileConnector.java:69)
	at com.spartan.logger.connectors.file.FileConnector.writeLog(FileConnector.java:51)
	at com.spartan.logger.core.queue.QueueConsumer.consumeAlarm(QueueConsumer.java:76)
	at com.spartan.logger.core.queue.QueueConsumer.run(QueueConsumer.java:41)
	at java.lang.Thread.run(Thread.java:745)
java.lang.NullPointerException
	at com.spartan.logger.connectors.file.LogFileHandler.writeData(LogFileHandler.java:109)
	at com.spartan.logger.connectors.file.FileConnector.writeData(FileConnector.java:69)
	at com.spartan.logger.connectors.file.FileConnector.writeLog(FileConnector.java:51)
	at com.spartan.logger.core.queue.QueueConsumer.consumeAlarm(QueueConsumer.java:76)
	at com.spartan.logger.core.queue.QueueConsumer.run(QueueConsumer.java:41)
	at java.lang.Thread.run(Thread.java:745)
java.lang.NullPointerException
	at com.spartan.logger.connectors.file.LogFileHandler.writeData(LogFileHandler.java:109)
	at com.spartan.logger.connectors.file.FileConnector.writeData(FileConnector.java:69)
	at com.spartan.logger.connectors.file.FileConnector.writeLog(FileConnector.java:51)
	at com.spartan.logger.core.queue.QueueConsumer.consumeAlarm(QueueConsumer.java:76)
	at com.spartan.logger.core.queue.QueueConsumer.run(QueueConsumer.java:41)
	at java.lang.Thread.run(Thread.java:745)
java.lang.NullPointerException
	at com.spartan.logger.connectors.file.LogFileHandler.writeData(LogFileHandler.java:109)
	at com.spartan.logger.connectors.file.FileConnector.writeData(FileConnector.java:69)
	at com.spartan.logger.connectors.file.FileConnector.writeLog(FileConnector.java:51)
	at com.spartan.logger.core.queue.QueueConsumer.consumeAlarm(QueueConsumer.java:76)
	at com.spartan.logger.core.queue.QueueConsumer.run(QueueConsumer.java:41)
	at java.lang.Thread.run(Thread.java:745)
java.lang.NullPointerException
	at com.spartan.logger.connectors.file.LogFileHandler.writeData(LogFileHandler.java:109)
	at com.spartan.logger.connectors.file.FileConnector.writeData(FileConnector.java:69)
	at com.spartan.logger.connectors.file.FileConnector.writeLog(FileConnector.java:51)
	at com.spartan.logger.core.queue.QueueConsumer.consumeAlarm(QueueConsumer.java:76)
	at com.spartan.logger.core.queue.QueueConsumer.run(QueueConsumer.java:41)
	at java.lang.Thread.run(Thread.java:745)
java.lang.NullPointerException
	at com.spartan.logger.connectors.file.LogFileHandler.writeData(LogFileHandler.java:109)
	at com.spartan.logger.connectors.file.FileConnector.writeData(FileConnector.java:69)
	at com.spartan.logger.connectors.file.FileConnector.writeLog(FileConnector.java:51)
	at com.spartan.logger.core.queue.QueueConsumer.consumeAlarm(QueueConsumer.java:76)
	at com.spartan.logger.core.queue.QueueConsumer.run(QueueConsumer.java:41)
	at java.lang.Thread.run(Thread.java:745)
com.app.shared.organization.contactmanagement.CoreContacts.firstName may not be null
com.spartan.pluggable.exception.security.InvalidDataException: 90007:Invalid Exception.:Reason = Not Available!
	at com.athena.server.pluggable.utils.helper.EntityValidatorHelper.validateEntity(EntityValidatorHelper.java:28)
	at com.app.shared.organization.contactmanagement.CoreContacts.isValid(CoreContacts.java:476)
	at com.app.server.service.organization.contactmanagement.CoreContactsTestCase.validateCoreContacts(CoreContactsTestCase.java:453)
	at com.app.server.service.organization.contactmanagement.CoreContactsTestCase.test5NegativeTesting(CoreContactsTestCase.java:496)
	at sun.reflect.NativeMethodAccessorImpl.invoke0(Native Method)
	at sun.reflect.NativeMethodAccessorImpl.invoke(NativeMethodAccessorImpl.java:57)
	at sun.reflect.DelegatingMethodAccessorImpl.invoke(DelegatingMethodAccessorImpl.java:43)
	at java.lang.reflect.Method.invoke(Method.java:606)
	at org.junit.runners.model.FrameworkMethod$1.runReflectiveCall(FrameworkMethod.java:47)
	at org.junit.internal.runners.model.ReflectiveCallable.run(ReflectiveCallable.java:12)
	at org.junit.runners.model.FrameworkMethod.invokeExplosively(FrameworkMethod.java:44)
	at org.junit.internal.runners.statements.InvokeMethod.evaluate(InvokeMethod.java:17)
	at org.junit.internal.runners.statements.RunBefores.evaluate(RunBefores.java:26)
	at org.springframework.test.context.junit4.statements.RunBeforeTestMethodCallbacks.evaluate(RunBeforeTestMethodCallbacks.java:74)
	at org.junit.internal.runners.statements.RunAfters.evaluate(RunAfters.java:27)
	at org.springframework.test.context.junit4.statements.RunAfterTestMethodCallbacks.evaluate(RunAfterTestMethodCallbacks.java:83)
	at org.springframework.test.context.junit4.statements.SpringRepeat.evaluate(SpringRepeat.java:72)
	at org.springframework.test.context.junit4.SpringJUnit4ClassRunner.runChild(SpringJUnit4ClassRunner.java:233)
	at org.springframework.test.context.junit4.SpringJUnit4ClassRunner.runChild(SpringJUnit4ClassRunner.java:87)
	at org.junit.runners.ParentRunner$3.run(ParentRunner.java:238)
	at org.junit.runners.ParentRunner$1.schedule(ParentRunner.java:63)
	at org.junit.runners.ParentRunner.runChildren(ParentRunner.java:236)
	at org.junit.runners.ParentRunner.access$000(ParentRunner.java:53)
	at org.junit.runners.ParentRunner$2.evaluate(ParentRunner.java:229)
	at org.junit.internal.runners.statements.RunBefores.evaluate(RunBefores.java:26)
	at org.springframework.test.context.junit4.statements.RunBeforeTestClassCallbacks.evaluate(RunBeforeTestClassCallbacks.java:61)
	at org.springframework.test.context.junit4.statements.RunAfterTestClassCallbacks.evaluate(RunAfterTestClassCallbacks.java:71)
	at org.junit.runners.ParentRunner.run(ParentRunner.java:309)
	at org.springframework.test.context.junit4.SpringJUnit4ClassRunner.run(SpringJUnit4ClassRunner.java:176)
	at org.gradle.api.internal.tasks.testing.junit.JUnitTestClassExecuter.runTestClass(JUnitTestClassExecuter.java:86)
	at org.gradle.api.internal.tasks.testing.junit.JUnitTestClassExecuter.execute(JUnitTestClassExecuter.java:49)
	at org.gradle.api.internal.tasks.testing.junit.JUnitTestClassProcessor.processTestClass(JUnitTestClassProcessor.java:64)
	at org.gradle.api.internal.tasks.testing.SuiteTestClassProcessor.processTestClass(SuiteTestClassProcessor.java:50)
	at sun.reflect.GeneratedMethodAccessor105.invoke(Unknown Source)
	at sun.reflect.DelegatingMethodAccessorImpl.invoke(DelegatingMethodAccessorImpl.java:43)
	at java.lang.reflect.Method.invoke(Method.java:606)
	at org.gradle.messaging.dispatch.ReflectionDispatch.dispatch(ReflectionDispatch.java:35)
	at org.gradle.messaging.dispatch.ReflectionDispatch.dispatch(ReflectionDispatch.java:24)
	at org.gradle.messaging.dispatch.ContextClassLoaderDispatch.dispatch(ContextClassLoaderDispatch.java:32)
	at org.gradle.messaging.dispatch.ProxyDispatchAdapter$DispatchingInvocationHandler.invoke(ProxyDispatchAdapter.java:93)
	at com.sun.proxy.$Proxy2.processTestClass(Unknown Source)
	at org.gradle.api.internal.tasks.testing.worker.TestWorker.processTestClass(TestWorker.java:106)
	at sun.reflect.GeneratedMethodAccessor104.invoke(Unknown Source)
	at sun.reflect.DelegatingMethodAccessorImpl.invoke(DelegatingMethodAccessorImpl.java:43)
	at java.lang.reflect.Method.invoke(Method.java:606)
	at org.gradle.messaging.dispatch.ReflectionDispatch.dispatch(ReflectionDispatch.java:35)
	at org.gradle.messaging.dispatch.ReflectionDispatch.dispatch(ReflectionDispatch.java:24)
	at org.gradle.messaging.remote.internal.hub.MessageHub$Handler.run(MessageHub.java:360)
	at org.gradle.internal.concurrent.DefaultExecutorFactory$StoppableExecutorImpl$1.run(DefaultExecutorFactory.java:64)
	at java.util.concurrent.ThreadPoolExecutor.runWorker(ThreadPoolExecutor.java:1145)
	at java.util.concurrent.ThreadPoolExecutor$Worker.run(ThreadPoolExecutor.java:615)
	at java.lang.Thread.run(Thread.java:745)
com.app.shared.organization.contactmanagement.CoreContacts.firstName size must be between 0 and 256
com.spartan.pluggable.exception.security.InvalidDataException: 90007:Invalid Exception.:Reason = Not Available!
	at com.athena.server.pluggable.utils.helper.EntityValidatorHelper.validateEntity(EntityValidatorHelper.java:28)
	at com.app.shared.organization.contactmanagement.CoreContacts.isValid(CoreContacts.java:476)
	at com.app.server.service.organization.contactmanagement.CoreContactsTestCase.validateCoreContacts(CoreContactsTestCase.java:451)
	at com.app.server.service.organization.contactmanagement.CoreContactsTestCase.test5NegativeTesting(CoreContactsTestCase.java:501)
	at sun.reflect.NativeMethodAccessorImpl.invoke0(Native Method)
	at sun.reflect.NativeMethodAccessorImpl.invoke(NativeMethodAccessorImpl.java:57)
	at sun.reflect.DelegatingMethodAccessorImpl.invoke(DelegatingMethodAccessorImpl.java:43)
	at java.lang.reflect.Method.invoke(Method.java:606)
	at org.junit.runners.model.FrameworkMethod$1.runReflectiveCall(FrameworkMethod.java:47)
	at org.junit.internal.runners.model.ReflectiveCallable.run(ReflectiveCallable.java:12)
	at org.junit.runners.model.FrameworkMethod.invokeExplosively(FrameworkMethod.java:44)
	at org.junit.internal.runners.statements.InvokeMethod.evaluate(InvokeMethod.java:17)
	at org.junit.internal.runners.statements.RunBefores.evaluate(RunBefores.java:26)
	at org.springframework.test.context.junit4.statements.RunBeforeTestMethodCallbacks.evaluate(RunBeforeTestMethodCallbacks.java:74)
	at org.junit.internal.runners.statements.RunAfters.evaluate(RunAfters.java:27)
	at org.springframework.test.context.junit4.statements.RunAfterTestMethodCallbacks.evaluate(RunAfterTestMethodCallbacks.java:83)
	at org.springframework.test.context.junit4.statements.SpringRepeat.evaluate(SpringRepeat.java:72)
	at org.springframework.test.context.junit4.SpringJUnit4ClassRunner.runChild(SpringJUnit4ClassRunner.java:233)
	at org.springframework.test.context.junit4.SpringJUnit4ClassRunner.runChild(SpringJUnit4ClassRunner.java:87)
	at org.junit.runners.ParentRunner$3.run(ParentRunner.java:238)
	at org.junit.runners.ParentRunner$1.schedule(ParentRunner.java:63)
	at org.junit.runners.ParentRunner.runChildren(ParentRunner.java:236)
	at org.junit.runners.ParentRunner.access$000(ParentRunner.java:53)
	at org.junit.runners.ParentRunner$2.evaluate(ParentRunner.java:229)
	at org.junit.internal.runners.statements.RunBefores.evaluate(RunBefores.java:26)
	at org.springframework.test.context.junit4.statements.RunBeforeTestClassCallbacks.evaluate(RunBeforeTestClassCallbacks.java:61)
	at org.springframework.test.context.junit4.statements.RunAfterTestClassCallbacks.evaluate(RunAfterTestClassCallbacks.java:71)
	at org.junit.runners.ParentRunner.run(ParentRunner.java:309)
	at org.springframework.test.context.junit4.SpringJUnit4ClassRunner.run(SpringJUnit4ClassRunner.java:176)
	at org.gradle.api.internal.tasks.testing.junit.JUnitTestClassExecuter.runTestClass(JUnitTestClassExecuter.java:86)
	at org.gradle.api.internal.tasks.testing.junit.JUnitTestClassExecuter.execute(JUnitTestClassExecuter.java:49)
	at org.gradle.api.internal.tasks.testing.junit.JUnitTestClassProcessor.processTestClass(JUnitTestClassProcessor.java:64)
	at org.gradle.api.internal.tasks.testing.SuiteTestClassProcessor.processTestClass(SuiteTestClassProcessor.java:50)
	at sun.reflect.GeneratedMethodAccessor105.invoke(Unknown Source)
	at sun.reflect.DelegatingMethodAccessorImpl.invoke(DelegatingMethodAccessorImpl.java:43)
	at java.lang.reflect.Method.invoke(Method.java:606)
	at org.gradle.messaging.dispatch.ReflectionDispatch.dispatch(ReflectionDispatch.java:35)
	at org.gradle.messaging.dispatch.ReflectionDispatch.dispatch(ReflectionDispatch.java:24)
	at org.gradle.messaging.dispatch.ContextClassLoaderDispatch.dispatch(ContextClassLoaderDispatch.java:32)
	at org.gradle.messaging.dispatch.ProxyDispatchAdapter$DispatchingInvocationHandler.invoke(ProxyDispatchAdapter.java:93)
	at com.sun.proxy.$Proxy2.processTestClass(Unknown Source)
	at org.gradle.api.internal.tasks.testing.worker.TestWorker.processTestClass(TestWorker.java:106)
	at sun.reflect.GeneratedMethodAccessor104.invoke(Unknown Source)
	at sun.reflect.DelegatingMethodAccessorImpl.invoke(DelegatingMethodAccessorImpl.java:43)
	at java.lang.reflect.Method.invoke(Method.java:606)
	at org.gradle.messaging.dispatch.ReflectionDispatch.dispatch(ReflectionDispatch.java:35)
	at org.gradle.messaging.dispatch.ReflectionDispatch.dispatch(ReflectionDispatch.java:24)
	at org.gradle.messaging.remote.internal.hub.MessageHub$Handler.run(MessageHub.java:360)
	at org.gradle.internal.concurrent.DefaultExecutorFactory$StoppableExecutorImpl$1.run(DefaultExecutorFactory.java:64)
	at java.util.concurrent.ThreadPoolExecutor.runWorker(ThreadPoolExecutor.java:1145)
	at java.util.concurrent.ThreadPoolExecutor$Worker.run(ThreadPoolExecutor.java:615)
	at java.lang.Thread.run(Thread.java:745)
com.app.shared.organization.contactmanagement.CoreContacts.middleName size must be between 0 and 256
com.spartan.pluggable.exception.security.InvalidDataException: 90007:Invalid Exception.:Reason = Not Available!
	at com.athena.server.pluggable.utils.helper.EntityValidatorHelper.validateEntity(EntityValidatorHelper.java:28)
	at com.app.shared.organization.contactmanagement.CoreContacts.isValid(CoreContacts.java:476)
	at com.app.server.service.organization.contactmanagement.CoreContactsTestCase.validateCoreContacts(CoreContactsTestCase.java:451)
	at com.app.server.service.organization.contactmanagement.CoreContactsTestCase.test5NegativeTesting(CoreContactsTestCase.java:506)
	at sun.reflect.NativeMethodAccessorImpl.invoke0(Native Method)
	at sun.reflect.NativeMethodAccessorImpl.invoke(NativeMethodAccessorImpl.java:57)
	at sun.reflect.DelegatingMethodAccessorImpl.invoke(DelegatingMethodAccessorImpl.java:43)
	at java.lang.reflect.Method.invoke(Method.java:606)
	at org.junit.runners.model.FrameworkMethod$1.runReflectiveCall(FrameworkMethod.java:47)
	at org.junit.internal.runners.model.ReflectiveCallable.run(ReflectiveCallable.java:12)
	at org.junit.runners.model.FrameworkMethod.invokeExplosively(FrameworkMethod.java:44)
	at org.junit.internal.runners.statements.InvokeMethod.evaluate(InvokeMethod.java:17)
	at org.junit.internal.runners.statements.RunBefores.evaluate(RunBefores.java:26)
	at org.springframework.test.context.junit4.statements.RunBeforeTestMethodCallbacks.evaluate(RunBeforeTestMethodCallbacks.java:74)
	at org.junit.internal.runners.statements.RunAfters.evaluate(RunAfters.java:27)
	at org.springframework.test.context.junit4.statements.RunAfterTestMethodCallbacks.evaluate(RunAfterTestMethodCallbacks.java:83)
	at org.springframework.test.context.junit4.statements.SpringRepeat.evaluate(SpringRepeat.java:72)
	at org.springframework.test.context.junit4.SpringJUnit4ClassRunner.runChild(SpringJUnit4ClassRunner.java:233)
	at org.springframework.test.context.junit4.SpringJUnit4ClassRunner.runChild(SpringJUnit4ClassRunner.java:87)
	at org.junit.runners.ParentRunner$3.run(ParentRunner.java:238)
	at org.junit.runners.ParentRunner$1.schedule(ParentRunner.java:63)
	at org.junit.runners.ParentRunner.runChildren(ParentRunner.java:236)
	at org.junit.runners.ParentRunner.access$000(ParentRunner.java:53)
	at org.junit.runners.ParentRunner$2.evaluate(ParentRunner.java:229)
	at org.junit.internal.runners.statements.RunBefores.evaluate(RunBefores.java:26)
	at org.springframework.test.context.junit4.statements.RunBeforeTestClassCallbacks.evaluate(RunBeforeTestClassCallbacks.java:61)
	at org.springframework.test.context.junit4.statements.RunAfterTestClassCallbacks.evaluate(RunAfterTestClassCallbacks.java:71)
	at org.junit.runners.ParentRunner.run(ParentRunner.java:309)
	at org.springframework.test.context.junit4.SpringJUnit4ClassRunner.run(SpringJUnit4ClassRunner.java:176)
	at org.gradle.api.internal.tasks.testing.junit.JUnitTestClassExecuter.runTestClass(JUnitTestClassExecuter.java:86)
	at org.gradle.api.internal.tasks.testing.junit.JUnitTestClassExecuter.execute(JUnitTestClassExecuter.java:49)
	at org.gradle.api.internal.tasks.testing.junit.JUnitTestClassProcessor.processTestClass(JUnitTestClassProcessor.java:64)
	at org.gradle.api.internal.tasks.testing.SuiteTestClassProcessor.processTestClass(SuiteTestClassProcessor.java:50)
	at sun.reflect.GeneratedMethodAccessor105.invoke(Unknown Source)
	at sun.reflect.DelegatingMethodAccessorImpl.invoke(DelegatingMethodAccessorImpl.java:43)
	at java.lang.reflect.Method.invoke(Method.java:606)
	at org.gradle.messaging.dispatch.ReflectionDispatch.dispatch(ReflectionDispatch.java:35)
	at org.gradle.messaging.dispatch.ReflectionDispatch.dispatch(ReflectionDispatch.java:24)
	at org.gradle.messaging.dispatch.ContextClassLoaderDispatch.dispatch(ContextClassLoaderDispatch.java:32)
	at org.gradle.messaging.dispatch.ProxyDispatchAdapter$DispatchingInvocationHandler.invoke(ProxyDispatchAdapter.java:93)
	at com.sun.proxy.$Proxy2.processTestClass(Unknown Source)
	at org.gradle.api.internal.tasks.testing.worker.TestWorker.processTestClass(TestWorker.java:106)
	at sun.reflect.GeneratedMethodAccessor104.invoke(Unknown Source)
	at sun.reflect.DelegatingMethodAccessorImpl.invoke(DelegatingMethodAccessorImpl.java:43)
	at java.lang.reflect.Method.invoke(Method.java:606)
	at org.gradle.messaging.dispatch.ReflectionDispatch.dispatch(ReflectionDispatch.java:35)
	at org.gradle.messaging.dispatch.ReflectionDispatch.dispatch(ReflectionDispatch.java:24)
	at org.gradle.messaging.remote.internal.hub.MessageHub$Handler.run(MessageHub.java:360)
	at org.gradle.internal.concurrent.DefaultExecutorFactory$StoppableExecutorImpl$1.run(DefaultExecutorFactory.java:64)
	at java.util.concurrent.ThreadPoolExecutor.runWorker(ThreadPoolExecutor.java:1145)
	at java.util.concurrent.ThreadPoolExecutor$Worker.run(ThreadPoolExecutor.java:615)
	at java.lang.Thread.run(Thread.java:745)
com.app.shared.organization.contactmanagement.CoreContacts.lastName may not be null
com.spartan.pluggable.exception.security.InvalidDataException: 90007:Invalid Exception.:Reason = Not Available!
	at com.athena.server.pluggable.utils.helper.EntityValidatorHelper.validateEntity(EntityValidatorHelper.java:28)
	at com.app.shared.organization.contactmanagement.CoreContacts.isValid(CoreContacts.java:476)
	at com.app.server.service.organization.contactmanagement.CoreContactsTestCase.validateCoreContacts(CoreContactsTestCase.java:453)
	at com.app.server.service.organization.contactmanagement.CoreContactsTestCase.test5NegativeTesting(CoreContactsTestCase.java:512)
	at sun.reflect.NativeMethodAccessorImpl.invoke0(Native Method)
	at sun.reflect.NativeMethodAccessorImpl.invoke(NativeMethodAccessorImpl.java:57)
	at sun.reflect.DelegatingMethodAccessorImpl.invoke(DelegatingMethodAccessorImpl.java:43)
	at java.lang.reflect.Method.invoke(Method.java:606)
	at org.junit.runners.model.FrameworkMethod$1.runReflectiveCall(FrameworkMethod.java:47)
	at org.junit.internal.runners.model.ReflectiveCallable.run(ReflectiveCallable.java:12)
	at org.junit.runners.model.FrameworkMethod.invokeExplosively(FrameworkMethod.java:44)
	at org.junit.internal.runners.statements.InvokeMethod.evaluate(InvokeMethod.java:17)
	at org.junit.internal.runners.statements.RunBefores.evaluate(RunBefores.java:26)
	at org.springframework.test.context.junit4.statements.RunBeforeTestMethodCallbacks.evaluate(RunBeforeTestMethodCallbacks.java:74)
	at org.junit.internal.runners.statements.RunAfters.evaluate(RunAfters.java:27)
	at org.springframework.test.context.junit4.statements.RunAfterTestMethodCallbacks.evaluate(RunAfterTestMethodCallbacks.java:83)
	at org.springframework.test.context.junit4.statements.SpringRepeat.evaluate(SpringRepeat.java:72)
	at org.springframework.test.context.junit4.SpringJUnit4ClassRunner.runChild(SpringJUnit4ClassRunner.java:233)
	at org.springframework.test.context.junit4.SpringJUnit4ClassRunner.runChild(SpringJUnit4ClassRunner.java:87)
	at org.junit.runners.ParentRunner$3.run(ParentRunner.java:238)
	at org.junit.runners.ParentRunner$1.schedule(ParentRunner.java:63)
	at org.junit.runners.ParentRunner.runChildren(ParentRunner.java:236)
	at org.junit.runners.ParentRunner.access$000(ParentRunner.java:53)
	at org.junit.runners.ParentRunner$2.evaluate(ParentRunner.java:229)
	at org.junit.internal.runners.statements.RunBefores.evaluate(RunBefores.java:26)
	at org.springframework.test.context.junit4.statements.RunBeforeTestClassCallbacks.evaluate(RunBeforeTestClassCallbacks.java:61)
	at org.springframework.test.context.junit4.statements.RunAfterTestClassCallbacks.evaluate(RunAfterTestClassCallbacks.java:71)
	at org.junit.runners.ParentRunner.run(ParentRunner.java:309)
	at org.springframework.test.context.junit4.SpringJUnit4ClassRunner.run(SpringJUnit4ClassRunner.java:176)
	at org.gradle.api.internal.tasks.testing.junit.JUnitTestClassExecuter.runTestClass(JUnitTestClassExecuter.java:86)
	at org.gradle.api.internal.tasks.testing.junit.JUnitTestClassExecuter.execute(JUnitTestClassExecuter.java:49)
	at org.gradle.api.internal.tasks.testing.junit.JUnitTestClassProcessor.processTestClass(JUnitTestClassProcessor.java:64)
	at org.gradle.api.internal.tasks.testing.SuiteTestClassProcessor.processTestClass(SuiteTestClassProcessor.java:50)
	at sun.reflect.GeneratedMethodAccessor105.invoke(Unknown Source)
	at sun.reflect.DelegatingMethodAccessorImpl.invoke(DelegatingMethodAccessorImpl.java:43)
	at java.lang.reflect.Method.invoke(Method.java:606)
	at org.gradle.messaging.dispatch.ReflectionDispatch.dispatch(ReflectionDispatch.java:35)
	at org.gradle.messaging.dispatch.ReflectionDispatch.dispatch(ReflectionDispatch.java:24)
	at org.gradle.messaging.dispatch.ContextClassLoaderDispatch.dispatch(ContextClassLoaderDispatch.java:32)
	at org.gradle.messaging.dispatch.ProxyDispatchAdapter$DispatchingInvocationHandler.invoke(ProxyDispatchAdapter.java:93)
	at com.sun.proxy.$Proxy2.processTestClass(Unknown Source)
	at org.gradle.api.internal.tasks.testing.worker.TestWorker.processTestClass(TestWorker.java:106)
	at sun.reflect.GeneratedMethodAccessor104.invoke(Unknown Source)
	at sun.reflect.DelegatingMethodAccessorImpl.invoke(DelegatingMethodAccessorImpl.java:43)
	at java.lang.reflect.Method.invoke(Method.java:606)
	at org.gradle.messaging.dispatch.ReflectionDispatch.dispatch(ReflectionDispatch.java:35)
	at org.gradle.messaging.dispatch.ReflectionDispatch.dispatch(ReflectionDispatch.java:24)
	at org.gradle.messaging.remote.internal.hub.MessageHub$Handler.run(MessageHub.java:360)
	at org.gradle.internal.concurrent.DefaultExecutorFactory$StoppableExecutorImpl$1.run(DefaultExecutorFactory.java:64)
	at java.util.concurrent.ThreadPoolExecutor.runWorker(ThreadPoolExecutor.java:1145)
	at java.util.concurrent.ThreadPoolExecutor$Worker.run(ThreadPoolExecutor.java:615)
	at java.lang.Thread.run(Thread.java:745)
com.app.shared.organization.contactmanagement.CoreContacts.lastName size must be between 0 and 256
com.spartan.pluggable.exception.security.InvalidDataException: 90007:Invalid Exception.:Reason = Not Available!
	at com.athena.server.pluggable.utils.helper.EntityValidatorHelper.validateEntity(EntityValidatorHelper.java:28)
	at com.app.shared.organization.contactmanagement.CoreContacts.isValid(CoreContacts.java:476)
	at com.app.server.service.organization.contactmanagement.CoreContactsTestCase.validateCoreContacts(CoreContactsTestCase.java:451)
	at com.app.server.service.organization.contactmanagement.CoreContactsTestCase.test5NegativeTesting(CoreContactsTestCase.java:517)
	at sun.reflect.NativeMethodAccessorImpl.invoke0(Native Method)
	at sun.reflect.NativeMethodAccessorImpl.invoke(NativeMethodAccessorImpl.java:57)
	at sun.reflect.DelegatingMethodAccessorImpl.invoke(DelegatingMethodAccessorImpl.java:43)
	at java.lang.reflect.Method.invoke(Method.java:606)
	at org.junit.runners.model.FrameworkMethod$1.runReflectiveCall(FrameworkMethod.java:47)
	at org.junit.internal.runners.model.ReflectiveCallable.run(ReflectiveCallable.java:12)
	at org.junit.runners.model.FrameworkMethod.invokeExplosively(FrameworkMethod.java:44)
	at org.junit.internal.runners.statements.InvokeMethod.evaluate(InvokeMethod.java:17)
	at org.junit.internal.runners.statements.RunBefores.evaluate(RunBefores.java:26)
	at org.springframework.test.context.junit4.statements.RunBeforeTestMethodCallbacks.evaluate(RunBeforeTestMethodCallbacks.java:74)
	at org.junit.internal.runners.statements.RunAfters.evaluate(RunAfters.java:27)
	at org.springframework.test.context.junit4.statements.RunAfterTestMethodCallbacks.evaluate(RunAfterTestMethodCallbacks.java:83)
	at org.springframework.test.context.junit4.statements.SpringRepeat.evaluate(SpringRepeat.java:72)
	at org.springframework.test.context.junit4.SpringJUnit4ClassRunner.runChild(SpringJUnit4ClassRunner.java:233)
	at org.springframework.test.context.junit4.SpringJUnit4ClassRunner.runChild(SpringJUnit4ClassRunner.java:87)
	at org.junit.runners.ParentRunner$3.run(ParentRunner.java:238)
	at org.junit.runners.ParentRunner$1.schedule(ParentRunner.java:63)
	at org.junit.runners.ParentRunner.runChildren(ParentRunner.java:236)
	at org.junit.runners.ParentRunner.access$000(ParentRunner.java:53)
	at org.junit.runners.ParentRunner$2.evaluate(ParentRunner.java:229)
	at org.junit.internal.runners.statements.RunBefores.evaluate(RunBefores.java:26)
	at org.springframework.test.context.junit4.statements.RunBeforeTestClassCallbacks.evaluate(RunBeforeTestClassCallbacks.java:61)
	at org.springframework.test.context.junit4.statements.RunAfterTestClassCallbacks.evaluate(RunAfterTestClassCallbacks.java:71)
	at org.junit.runners.ParentRunner.run(ParentRunner.java:309)
	at org.springframework.test.context.junit4.SpringJUnit4ClassRunner.run(SpringJUnit4ClassRunner.java:176)
	at org.gradle.api.internal.tasks.testing.junit.JUnitTestClassExecuter.runTestClass(JUnitTestClassExecuter.java:86)
	at org.gradle.api.internal.tasks.testing.junit.JUnitTestClassExecuter.execute(JUnitTestClassExecuter.java:49)
	at org.gradle.api.internal.tasks.testing.junit.JUnitTestClassProcessor.processTestClass(JUnitTestClassProcessor.java:64)
	at org.gradle.api.internal.tasks.testing.SuiteTestClassProcessor.processTestClass(SuiteTestClassProcessor.java:50)
	at sun.reflect.GeneratedMethodAccessor105.invoke(Unknown Source)
	at sun.reflect.DelegatingMethodAccessorImpl.invoke(DelegatingMethodAccessorImpl.java:43)
	at java.lang.reflect.Method.invoke(Method.java:606)
	at org.gradle.messaging.dispatch.ReflectionDispatch.dispatch(ReflectionDispatch.java:35)
	at org.gradle.messaging.dispatch.ReflectionDispatch.dispatch(ReflectionDispatch.java:24)
	at org.gradle.messaging.dispatch.ContextClassLoaderDispatch.dispatch(ContextClassLoaderDispatch.java:32)
	at org.gradle.messaging.dispatch.ProxyDispatchAdapter$DispatchingInvocationHandler.invoke(ProxyDispatchAdapter.java:93)
	at com.sun.proxy.$Proxy2.processTestClass(Unknown Source)
	at org.gradle.api.internal.tasks.testing.worker.TestWorker.processTestClass(TestWorker.java:106)
	at sun.reflect.GeneratedMethodAccessor104.invoke(Unknown Source)
	at sun.reflect.DelegatingMethodAccessorImpl.invoke(DelegatingMethodAccessorImpl.java:43)
	at java.lang.reflect.Method.invoke(Method.java:606)
	at org.gradle.messaging.dispatch.ReflectionDispatch.dispatch(ReflectionDispatch.java:35)
	at org.gradle.messaging.dispatch.ReflectionDispatch.dispatch(ReflectionDispatch.java:24)
	at org.gradle.messaging.remote.internal.hub.MessageHub$Handler.run(MessageHub.java:360)
	at org.gradle.internal.concurrent.DefaultExecutorFactory$StoppableExecutorImpl$1.run(DefaultExecutorFactory.java:64)
	at java.util.concurrent.ThreadPoolExecutor.runWorker(ThreadPoolExecutor.java:1145)
	at java.util.concurrent.ThreadPoolExecutor$Worker.run(ThreadPoolExecutor.java:615)
	at java.lang.Thread.run(Thread.java:745)
com.app.shared.organization.contactmanagement.CoreContacts.nativeTitle size must be between 0 and 64
com.spartan.pluggable.exception.security.InvalidDataException: 90007:Invalid Exception.:Reason = Not Available!
	at com.athena.server.pluggable.utils.helper.EntityValidatorHelper.validateEntity(EntityValidatorHelper.java:28)
	at com.app.shared.organization.contactmanagement.CoreContacts.isValid(CoreContacts.java:476)
	at com.app.server.service.organization.contactmanagement.CoreContactsTestCase.validateCoreContacts(CoreContactsTestCase.java:451)
	at com.app.server.service.organization.contactmanagement.CoreContactsTestCase.test5NegativeTesting(CoreContactsTestCase.java:522)
	at sun.reflect.NativeMethodAccessorImpl.invoke0(Native Method)
	at sun.reflect.NativeMethodAccessorImpl.invoke(NativeMethodAccessorImpl.java:57)
	at sun.reflect.DelegatingMethodAccessorImpl.invoke(DelegatingMethodAccessorImpl.java:43)
	at java.lang.reflect.Method.invoke(Method.java:606)
	at org.junit.runners.model.FrameworkMethod$1.runReflectiveCall(FrameworkMethod.java:47)
	at org.junit.internal.runners.model.ReflectiveCallable.run(ReflectiveCallable.java:12)
	at org.junit.runners.model.FrameworkMethod.invokeExplosively(FrameworkMethod.java:44)
	at org.junit.internal.runners.statements.InvokeMethod.evaluate(InvokeMethod.java:17)
	at org.junit.internal.runners.statements.RunBefores.evaluate(RunBefores.java:26)
	at org.springframework.test.context.junit4.statements.RunBeforeTestMethodCallbacks.evaluate(RunBeforeTestMethodCallbacks.java:74)
	at org.junit.internal.runners.statements.RunAfters.evaluate(RunAfters.java:27)
	at org.springframework.test.context.junit4.statements.RunAfterTestMethodCallbacks.evaluate(RunAfterTestMethodCallbacks.java:83)
	at org.springframework.test.context.junit4.statements.SpringRepeat.evaluate(SpringRepeat.java:72)
	at org.springframework.test.context.junit4.SpringJUnit4ClassRunner.runChild(SpringJUnit4ClassRunner.java:233)
	at org.springframework.test.context.junit4.SpringJUnit4ClassRunner.runChild(SpringJUnit4ClassRunner.java:87)
	at org.junit.runners.ParentRunner$3.run(ParentRunner.java:238)
	at org.junit.runners.ParentRunner$1.schedule(ParentRunner.java:63)
	at org.junit.runners.ParentRunner.runChildren(ParentRunner.java:236)
	at org.junit.runners.ParentRunner.access$000(ParentRunner.java:53)
	at org.junit.runners.ParentRunner$2.evaluate(ParentRunner.java:229)
	at org.junit.internal.runners.statements.RunBefores.evaluate(RunBefores.java:26)
	at org.springframework.test.context.junit4.statements.RunBeforeTestClassCallbacks.evaluate(RunBeforeTestClassCallbacks.java:61)
	at org.springframework.test.context.junit4.statements.RunAfterTestClassCallbacks.evaluate(RunAfterTestClassCallbacks.java:71)
	at org.junit.runners.ParentRunner.run(ParentRunner.java:309)
	at org.springframework.test.context.junit4.SpringJUnit4ClassRunner.run(SpringJUnit4ClassRunner.java:176)
	at org.gradle.api.internal.tasks.testing.junit.JUnitTestClassExecuter.runTestClass(JUnitTestClassExecuter.java:86)
	at org.gradle.api.internal.tasks.testing.junit.JUnitTestClassExecuter.execute(JUnitTestClassExecuter.java:49)
	at org.gradle.api.internal.tasks.testing.junit.JUnitTestClassProcessor.processTestClass(JUnitTestClassProcessor.java:64)
	at org.gradle.api.internal.tasks.testing.SuiteTestClassProcessor.processTestClass(SuiteTestClassProcessor.java:50)
	at sun.reflect.GeneratedMethodAccessor105.invoke(Unknown Source)
	at sun.reflect.DelegatingMethodAccessorImpl.invoke(DelegatingMethodAccessorImpl.java:43)
	at java.lang.reflect.Method.invoke(Method.java:606)
	at org.gradle.messaging.dispatch.ReflectionDispatch.dispatch(ReflectionDispatch.java:35)
	at org.gradle.messaging.dispatch.ReflectionDispatch.dispatch(ReflectionDispatch.java:24)
	at org.gradle.messaging.dispatch.ContextClassLoaderDispatch.dispatch(ContextClassLoaderDispatch.java:32)
	at org.gradle.messaging.dispatch.ProxyDispatchAdapter$DispatchingInvocationHandler.invoke(ProxyDispatchAdapter.java:93)
	at com.sun.proxy.$Proxy2.processTestClass(Unknown Source)
	at org.gradle.api.internal.tasks.testing.worker.TestWorker.processTestClass(TestWorker.java:106)
	at sun.reflect.GeneratedMethodAccessor104.invoke(Unknown Source)
	at sun.reflect.DelegatingMethodAccessorImpl.invoke(DelegatingMethodAccessorImpl.java:43)
	at java.lang.reflect.Method.invoke(Method.java:606)
	at org.gradle.messaging.dispatch.ReflectionDispatch.dispatch(ReflectionDispatch.java:35)
	at org.gradle.messaging.dispatch.ReflectionDispatch.dispatch(ReflectionDispatch.java:24)
	at org.gradle.messaging.remote.internal.hub.MessageHub$Handler.run(MessageHub.java:360)
	at org.gradle.internal.concurrent.DefaultExecutorFactory$StoppableExecutorImpl$1.run(DefaultExecutorFactory.java:64)
	at java.util.concurrent.ThreadPoolExecutor.runWorker(ThreadPoolExecutor.java:1145)
	at java.util.concurrent.ThreadPoolExecutor$Worker.run(ThreadPoolExecutor.java:615)
	at java.lang.Thread.run(Thread.java:745)
com.app.shared.organization.contactmanagement.CoreContacts.nativeFirstName size must be between 0 and 256
com.spartan.pluggable.exception.security.InvalidDataException: 90007:Invalid Exception.:Reason = Not Available!
	at com.athena.server.pluggable.utils.helper.EntityValidatorHelper.validateEntity(EntityValidatorHelper.java:28)
	at com.app.shared.organization.contactmanagement.CoreContacts.isValid(CoreContacts.java:476)
	at com.app.server.service.organization.contactmanagement.CoreContactsTestCase.validateCoreContacts(CoreContactsTestCase.java:451)
	at com.app.server.service.organization.contactmanagement.CoreContactsTestCase.test5NegativeTesting(CoreContactsTestCase.java:527)
	at sun.reflect.NativeMethodAccessorImpl.invoke0(Native Method)
	at sun.reflect.NativeMethodAccessorImpl.invoke(NativeMethodAccessorImpl.java:57)
	at sun.reflect.DelegatingMethodAccessorImpl.invoke(DelegatingMethodAccessorImpl.java:43)
	at java.lang.reflect.Method.invoke(Method.java:606)
	at org.junit.runners.model.FrameworkMethod$1.runReflectiveCall(FrameworkMethod.java:47)
	at org.junit.internal.runners.model.ReflectiveCallable.run(ReflectiveCallable.java:12)
	at org.junit.runners.model.FrameworkMethod.invokeExplosively(FrameworkMethod.java:44)
	at org.junit.internal.runners.statements.InvokeMethod.evaluate(InvokeMethod.java:17)
	at org.junit.internal.runners.statements.RunBefores.evaluate(RunBefores.java:26)
	at org.springframework.test.context.junit4.statements.RunBeforeTestMethodCallbacks.evaluate(RunBeforeTestMethodCallbacks.java:74)
	at org.junit.internal.runners.statements.RunAfters.evaluate(RunAfters.java:27)
	at org.springframework.test.context.junit4.statements.RunAfterTestMethodCallbacks.evaluate(RunAfterTestMethodCallbacks.java:83)
	at org.springframework.test.context.junit4.statements.SpringRepeat.evaluate(SpringRepeat.java:72)
	at org.springframework.test.context.junit4.SpringJUnit4ClassRunner.runChild(SpringJUnit4ClassRunner.java:233)
	at org.springframework.test.context.junit4.SpringJUnit4ClassRunner.runChild(SpringJUnit4ClassRunner.java:87)
	at org.junit.runners.ParentRunner$3.run(ParentRunner.java:238)
	at org.junit.runners.ParentRunner$1.schedule(ParentRunner.java:63)
	at org.junit.runners.ParentRunner.runChildren(ParentRunner.java:236)
	at org.junit.runners.ParentRunner.access$000(ParentRunner.java:53)
	at org.junit.runners.ParentRunner$2.evaluate(ParentRunner.java:229)
	at org.junit.internal.runners.statements.RunBefores.evaluate(RunBefores.java:26)
	at org.springframework.test.context.junit4.statements.RunBeforeTestClassCallbacks.evaluate(RunBeforeTestClassCallbacks.java:61)
	at org.springframework.test.context.junit4.statements.RunAfterTestClassCallbacks.evaluate(RunAfterTestClassCallbacks.java:71)
	at org.junit.runners.ParentRunner.run(ParentRunner.java:309)
	at org.springframework.test.context.junit4.SpringJUnit4ClassRunner.run(SpringJUnit4ClassRunner.java:176)
	at org.gradle.api.internal.tasks.testing.junit.JUnitTestClassExecuter.runTestClass(JUnitTestClassExecuter.java:86)
	at org.gradle.api.internal.tasks.testing.junit.JUnitTestClassExecuter.execute(JUnitTestClassExecuter.java:49)
	at org.gradle.api.internal.tasks.testing.junit.JUnitTestClassProcessor.processTestClass(JUnitTestClassProcessor.java:64)
	at org.gradle.api.internal.tasks.testing.SuiteTestClassProcessor.processTestClass(SuiteTestClassProcessor.java:50)
	at sun.reflect.GeneratedMethodAccessor105.invoke(Unknown Source)
	at sun.reflect.DelegatingMethodAccessorImpl.invoke(DelegatingMethodAccessorImpl.java:43)
	at java.lang.reflect.Method.invoke(Method.java:606)
	at org.gradle.messaging.dispatch.ReflectionDispatch.dispatch(ReflectionDispatch.java:35)
	at org.gradle.messaging.dispatch.ReflectionDispatch.dispatch(ReflectionDispatch.java:24)
	at org.gradle.messaging.dispatch.ContextClassLoaderDispatch.dispatch(ContextClassLoaderDispatch.java:32)
	at org.gradle.messaging.dispatch.ProxyDispatchAdapter$DispatchingInvocationHandler.invoke(ProxyDispatchAdapter.java:93)
	at com.sun.proxy.$Proxy2.processTestClass(Unknown Source)
	at org.gradle.api.internal.tasks.testing.worker.TestWorker.processTestClass(TestWorker.java:106)
	at sun.reflect.GeneratedMethodAccessor104.invoke(Unknown Source)
	at sun.reflect.DelegatingMethodAccessorImpl.invoke(DelegatingMethodAccessorImpl.java:43)
	at java.lang.reflect.Method.invoke(Method.java:606)
	at org.gradle.messaging.dispatch.ReflectionDispatch.dispatch(ReflectionDispatch.java:35)
	at org.gradle.messaging.dispatch.ReflectionDispatch.dispatch(ReflectionDispatch.java:24)
	at org.gradle.messaging.remote.internal.hub.MessageHub$Handler.run(MessageHub.java:360)
	at org.gradle.internal.concurrent.DefaultExecutorFactory$StoppableExecutorImpl$1.run(DefaultExecutorFactory.java:64)
	at java.util.concurrent.ThreadPoolExecutor.runWorker(ThreadPoolExecutor.java:1145)
	at java.util.concurrent.ThreadPoolExecutor$Worker.run(ThreadPoolExecutor.java:615)
	at java.lang.Thread.run(Thread.java:745)
com.app.shared.organization.contactmanagement.CoreContacts.nativeMiddleName size must be between 0 and 256
com.spartan.pluggable.exception.security.InvalidDataException: 90007:Invalid Exception.:Reason = Not Available!
	at com.athena.server.pluggable.utils.helper.EntityValidatorHelper.validateEntity(EntityValidatorHelper.java:28)
	at com.app.shared.organization.contactmanagement.CoreContacts.isValid(CoreContacts.java:476)
	at com.app.server.service.organization.contactmanagement.CoreContactsTestCase.validateCoreContacts(CoreContactsTestCase.java:451)
	at com.app.server.service.organization.contactmanagement.CoreContactsTestCase.test5NegativeTesting(CoreContactsTestCase.java:532)
	at sun.reflect.NativeMethodAccessorImpl.invoke0(Native Method)
	at sun.reflect.NativeMethodAccessorImpl.invoke(NativeMethodAccessorImpl.java:57)
	at sun.reflect.DelegatingMethodAccessorImpl.invoke(DelegatingMethodAccessorImpl.java:43)
	at java.lang.reflect.Method.invoke(Method.java:606)
	at org.junit.runners.model.FrameworkMethod$1.runReflectiveCall(FrameworkMethod.java:47)
	at org.junit.internal.runners.model.ReflectiveCallable.run(ReflectiveCallable.java:12)
	at org.junit.runners.model.FrameworkMethod.invokeExplosively(FrameworkMethod.java:44)
	at org.junit.internal.runners.statements.InvokeMethod.evaluate(InvokeMethod.java:17)
	at org.junit.internal.runners.statements.RunBefores.evaluate(RunBefores.java:26)
	at org.springframework.test.context.junit4.statements.RunBeforeTestMethodCallbacks.evaluate(RunBeforeTestMethodCallbacks.java:74)
	at org.junit.internal.runners.statements.RunAfters.evaluate(RunAfters.java:27)
	at org.springframework.test.context.junit4.statements.RunAfterTestMethodCallbacks.evaluate(RunAfterTestMethodCallbacks.java:83)
	at org.springframework.test.context.junit4.statements.SpringRepeat.evaluate(SpringRepeat.java:72)
	at org.springframework.test.context.junit4.SpringJUnit4ClassRunner.runChild(SpringJUnit4ClassRunner.java:233)
	at org.springframework.test.context.junit4.SpringJUnit4ClassRunner.runChild(SpringJUnit4ClassRunner.java:87)
	at org.junit.runners.ParentRunner$3.run(ParentRunner.java:238)
	at org.junit.runners.ParentRunner$1.schedule(ParentRunner.java:63)
	at org.junit.runners.ParentRunner.runChildren(ParentRunner.java:236)
	at org.junit.runners.ParentRunner.access$000(ParentRunner.java:53)
	at org.junit.runners.ParentRunner$2.evaluate(ParentRunner.java:229)
	at org.junit.internal.runners.statements.RunBefores.evaluate(RunBefores.java:26)
	at org.springframework.test.context.junit4.statements.RunBeforeTestClassCallbacks.evaluate(RunBeforeTestClassCallbacks.java:61)
	at org.springframework.test.context.junit4.statements.RunAfterTestClassCallbacks.evaluate(RunAfterTestClassCallbacks.java:71)
	at org.junit.runners.ParentRunner.run(ParentRunner.java:309)
	at org.springframework.test.context.junit4.SpringJUnit4ClassRunner.run(SpringJUnit4ClassRunner.java:176)
	at org.gradle.api.internal.tasks.testing.junit.JUnitTestClassExecuter.runTestClass(JUnitTestClassExecuter.java:86)
	at org.gradle.api.internal.tasks.testing.junit.JUnitTestClassExecuter.execute(JUnitTestClassExecuter.java:49)
	at org.gradle.api.internal.tasks.testing.junit.JUnitTestClassProcessor.processTestClass(JUnitTestClassProcessor.java:64)
	at org.gradle.api.internal.tasks.testing.SuiteTestClassProcessor.processTestClass(SuiteTestClassProcessor.java:50)
	at sun.reflect.GeneratedMethodAccessor105.invoke(Unknown Source)
	at sun.reflect.DelegatingMethodAccessorImpl.invoke(DelegatingMethodAccessorImpl.java:43)
	at java.lang.reflect.Method.invoke(Method.java:606)
	at org.gradle.messaging.dispatch.ReflectionDispatch.dispatch(ReflectionDispatch.java:35)
	at org.gradle.messaging.dispatch.ReflectionDispatch.dispatch(ReflectionDispatch.java:24)
	at org.gradle.messaging.dispatch.ContextClassLoaderDispatch.dispatch(ContextClassLoaderDispatch.java:32)
	at org.gradle.messaging.dispatch.ProxyDispatchAdapter$DispatchingInvocationHandler.invoke(ProxyDispatchAdapter.java:93)
	at com.sun.proxy.$Proxy2.processTestClass(Unknown Source)
	at org.gradle.api.internal.tasks.testing.worker.TestWorker.processTestClass(TestWorker.java:106)
	at sun.reflect.GeneratedMethodAccessor104.invoke(Unknown Source)
	at sun.reflect.DelegatingMethodAccessorImpl.invoke(DelegatingMethodAccessorImpl.java:43)
	at java.lang.reflect.Method.invoke(Method.java:606)
	at org.gradle.messaging.dispatch.ReflectionDispatch.dispatch(ReflectionDispatch.java:35)
	at org.gradle.messaging.dispatch.ReflectionDispatch.dispatch(ReflectionDispatch.java:24)
	at org.gradle.messaging.remote.internal.hub.MessageHub$Handler.run(MessageHub.java:360)
	at org.gradle.internal.concurrent.DefaultExecutorFactory$StoppableExecutorImpl$1.run(DefaultExecutorFactory.java:64)
	at java.util.concurrent.ThreadPoolExecutor.runWorker(ThreadPoolExecutor.java:1145)
	at java.util.concurrent.ThreadPoolExecutor$Worker.run(ThreadPoolExecutor.java:615)
	at java.lang.Thread.run(Thread.java:745)
com.app.shared.organization.contactmanagement.CoreContacts.nativeLastName size must be between 0 and 256
com.spartan.pluggable.exception.security.InvalidDataException: 90007:Invalid Exception.:Reason = Not Available!
	at com.athena.server.pluggable.utils.helper.EntityValidatorHelper.validateEntity(EntityValidatorHelper.java:28)
	at com.app.shared.organization.contactmanagement.CoreContacts.isValid(CoreContacts.java:476)
	at com.app.server.service.organization.contactmanagement.CoreContactsTestCase.validateCoreContacts(CoreContactsTestCase.java:451)
	at com.app.server.service.organization.contactmanagement.CoreContactsTestCase.test5NegativeTesting(CoreContactsTestCase.java:537)
	at sun.reflect.NativeMethodAccessorImpl.invoke0(Native Method)
	at sun.reflect.NativeMethodAccessorImpl.invoke(NativeMethodAccessorImpl.java:57)
	at sun.reflect.DelegatingMethodAccessorImpl.invoke(DelegatingMethodAccessorImpl.java:43)
	at java.lang.reflect.Method.invoke(Method.java:606)
	at org.junit.runners.model.FrameworkMethod$1.runReflectiveCall(FrameworkMethod.java:47)
	at org.junit.internal.runners.model.ReflectiveCallable.run(ReflectiveCallable.java:12)
	at org.junit.runners.model.FrameworkMethod.invokeExplosively(FrameworkMethod.java:44)
	at org.junit.internal.runners.statements.InvokeMethod.evaluate(InvokeMethod.java:17)
	at org.junit.internal.runners.statements.RunBefores.evaluate(RunBefores.java:26)
	at org.springframework.test.context.junit4.statements.RunBeforeTestMethodCallbacks.evaluate(RunBeforeTestMethodCallbacks.java:74)
	at org.junit.internal.runners.statements.RunAfters.evaluate(RunAfters.java:27)
	at org.springframework.test.context.junit4.statements.RunAfterTestMethodCallbacks.evaluate(RunAfterTestMethodCallbacks.java:83)
	at org.springframework.test.context.junit4.statements.SpringRepeat.evaluate(SpringRepeat.java:72)
	at org.springframework.test.context.junit4.SpringJUnit4ClassRunner.runChild(SpringJUnit4ClassRunner.java:233)
	at org.springframework.test.context.junit4.SpringJUnit4ClassRunner.runChild(SpringJUnit4ClassRunner.java:87)
	at org.junit.runners.ParentRunner$3.run(ParentRunner.java:238)
	at org.junit.runners.ParentRunner$1.schedule(ParentRunner.java:63)
	at org.junit.runners.ParentRunner.runChildren(ParentRunner.java:236)
	at org.junit.runners.ParentRunner.access$000(ParentRunner.java:53)
	at org.junit.runners.ParentRunner$2.evaluate(ParentRunner.java:229)
	at org.junit.internal.runners.statements.RunBefores.evaluate(RunBefores.java:26)
	at org.springframework.test.context.junit4.statements.RunBeforeTestClassCallbacks.evaluate(RunBeforeTestClassCallbacks.java:61)
	at org.springframework.test.context.junit4.statements.RunAfterTestClassCallbacks.evaluate(RunAfterTestClassCallbacks.java:71)
	at org.junit.runners.ParentRunner.run(ParentRunner.java:309)
	at org.springframework.test.context.junit4.SpringJUnit4ClassRunner.run(SpringJUnit4ClassRunner.java:176)
	at org.gradle.api.internal.tasks.testing.junit.JUnitTestClassExecuter.runTestClass(JUnitTestClassExecuter.java:86)
	at org.gradle.api.internal.tasks.testing.junit.JUnitTestClassExecuter.execute(JUnitTestClassExecuter.java:49)
	at org.gradle.api.internal.tasks.testing.junit.JUnitTestClassProcessor.processTestClass(JUnitTestClassProcessor.java:64)
	at org.gradle.api.internal.tasks.testing.SuiteTestClassProcessor.processTestClass(SuiteTestClassProcessor.java:50)
	at sun.reflect.GeneratedMethodAccessor105.invoke(Unknown Source)
	at sun.reflect.DelegatingMethodAccessorImpl.invoke(DelegatingMethodAccessorImpl.java:43)
	at java.lang.reflect.Method.invoke(Method.java:606)
	at org.gradle.messaging.dispatch.ReflectionDispatch.dispatch(ReflectionDispatch.java:35)
	at org.gradle.messaging.dispatch.ReflectionDispatch.dispatch(ReflectionDispatch.java:24)
	at org.gradle.messaging.dispatch.ContextClassLoaderDispatch.dispatch(ContextClassLoaderDispatch.java:32)
	at org.gradle.messaging.dispatch.ProxyDispatchAdapter$DispatchingInvocationHandler.invoke(ProxyDispatchAdapter.java:93)
	at com.sun.proxy.$Proxy2.processTestClass(Unknown Source)
	at org.gradle.api.internal.tasks.testing.worker.TestWorker.processTestClass(TestWorker.java:106)
	at sun.reflect.GeneratedMethodAccessor104.invoke(Unknown Source)
	at sun.reflect.DelegatingMethodAccessorImpl.invoke(DelegatingMethodAccessorImpl.java:43)
	at java.lang.reflect.Method.invoke(Method.java:606)
	at org.gradle.messaging.dispatch.ReflectionDispatch.dispatch(ReflectionDispatch.java:35)
	at org.gradle.messaging.dispatch.ReflectionDispatch.dispatch(ReflectionDispatch.java:24)
	at org.gradle.messaging.remote.internal.hub.MessageHub$Handler.run(MessageHub.java:360)
	at org.gradle.internal.concurrent.DefaultExecutorFactory$StoppableExecutorImpl$1.run(DefaultExecutorFactory.java:64)
	at java.util.concurrent.ThreadPoolExecutor.runWorker(ThreadPoolExecutor.java:1145)
	at java.util.concurrent.ThreadPoolExecutor$Worker.run(ThreadPoolExecutor.java:615)
	at java.lang.Thread.run(Thread.java:745)
com.app.shared.organization.contactmanagement.CoreContacts.age must be less than or equal to 125
com.spartan.pluggable.exception.security.InvalidDataException: 90007:Invalid Exception.:Reason = Not Available!
	at com.athena.server.pluggable.utils.helper.EntityValidatorHelper.validateEntity(EntityValidatorHelper.java:28)
	at com.app.shared.organization.contactmanagement.CoreContacts.isValid(CoreContacts.java:476)
	at com.app.server.service.organization.contactmanagement.CoreContactsTestCase.validateCoreContacts(CoreContactsTestCase.java:451)
	at com.app.server.service.organization.contactmanagement.CoreContactsTestCase.test5NegativeTesting(CoreContactsTestCase.java:542)
	at sun.reflect.NativeMethodAccessorImpl.invoke0(Native Method)
	at sun.reflect.NativeMethodAccessorImpl.invoke(NativeMethodAccessorImpl.java:57)
	at sun.reflect.DelegatingMethodAccessorImpl.invoke(DelegatingMethodAccessorImpl.java:43)
	at java.lang.reflect.Method.invoke(Method.java:606)
	at org.junit.runners.model.FrameworkMethod$1.runReflectiveCall(FrameworkMethod.java:47)
	at org.junit.internal.runners.model.ReflectiveCallable.run(ReflectiveCallable.java:12)
	at org.junit.runners.model.FrameworkMethod.invokeExplosively(FrameworkMethod.java:44)
	at org.junit.internal.runners.statements.InvokeMethod.evaluate(InvokeMethod.java:17)
	at org.junit.internal.runners.statements.RunBefores.evaluate(RunBefores.java:26)
	at org.springframework.test.context.junit4.statements.RunBeforeTestMethodCallbacks.evaluate(RunBeforeTestMethodCallbacks.java:74)
	at org.junit.internal.runners.statements.RunAfters.evaluate(RunAfters.java:27)
	at org.springframework.test.context.junit4.statements.RunAfterTestMethodCallbacks.evaluate(RunAfterTestMethodCallbacks.java:83)
	at org.springframework.test.context.junit4.statements.SpringRepeat.evaluate(SpringRepeat.java:72)
	at org.springframework.test.context.junit4.SpringJUnit4ClassRunner.runChild(SpringJUnit4ClassRunner.java:233)
	at org.springframework.test.context.junit4.SpringJUnit4ClassRunner.runChild(SpringJUnit4ClassRunner.java:87)
	at org.junit.runners.ParentRunner$3.run(ParentRunner.java:238)
	at org.junit.runners.ParentRunner$1.schedule(ParentRunner.java:63)
	at org.junit.runners.ParentRunner.runChildren(ParentRunner.java:236)
	at org.junit.runners.ParentRunner.access$000(ParentRunner.java:53)
	at org.junit.runners.ParentRunner$2.evaluate(ParentRunner.java:229)
	at org.junit.internal.runners.statements.RunBefores.evaluate(RunBefores.java:26)
	at org.springframework.test.context.junit4.statements.RunBeforeTestClassCallbacks.evaluate(RunBeforeTestClassCallbacks.java:61)
	at org.springframework.test.context.junit4.statements.RunAfterTestClassCallbacks.evaluate(RunAfterTestClassCallbacks.java:71)
	at org.junit.runners.ParentRunner.run(ParentRunner.java:309)
	at org.springframework.test.context.junit4.SpringJUnit4ClassRunner.run(SpringJUnit4ClassRunner.java:176)
	at org.gradle.api.internal.tasks.testing.junit.JUnitTestClassExecuter.runTestClass(JUnitTestClassExecuter.java:86)
	at org.gradle.api.internal.tasks.testing.junit.JUnitTestClassExecuter.execute(JUnitTestClassExecuter.java:49)
	at org.gradle.api.internal.tasks.testing.junit.JUnitTestClassProcessor.processTestClass(JUnitTestClassProcessor.java:64)
	at org.gradle.api.internal.tasks.testing.SuiteTestClassProcessor.processTestClass(SuiteTestClassProcessor.java:50)
	at sun.reflect.GeneratedMethodAccessor105.invoke(Unknown Source)
	at sun.reflect.DelegatingMethodAccessorImpl.invoke(DelegatingMethodAccessorImpl.java:43)
	at java.lang.reflect.Method.invoke(Method.java:606)
	at org.gradle.messaging.dispatch.ReflectionDispatch.dispatch(ReflectionDispatch.java:35)
	at org.gradle.messaging.dispatch.ReflectionDispatch.dispatch(ReflectionDispatch.java:24)
	at org.gradle.messaging.dispatch.ContextClassLoaderDispatch.dispatch(ContextClassLoaderDispatch.java:32)
	at org.gradle.messaging.dispatch.ProxyDispatchAdapter$DispatchingInvocationHandler.invoke(ProxyDispatchAdapter.java:93)
	at com.sun.proxy.$Proxy2.processTestClass(Unknown Source)
	at org.gradle.api.internal.tasks.testing.worker.TestWorker.processTestClass(TestWorker.java:106)
	at sun.reflect.GeneratedMethodAccessor104.invoke(Unknown Source)
	at sun.reflect.DelegatingMethodAccessorImpl.invoke(DelegatingMethodAccessorImpl.java:43)
	at java.lang.reflect.Method.invoke(Method.java:606)
	at org.gradle.messaging.dispatch.ReflectionDispatch.dispatch(ReflectionDispatch.java:35)
	at org.gradle.messaging.dispatch.ReflectionDispatch.dispatch(ReflectionDispatch.java:24)
	at org.gradle.messaging.remote.internal.hub.MessageHub$Handler.run(MessageHub.java:360)
	at org.gradle.internal.concurrent.DefaultExecutorFactory$StoppableExecutorImpl$1.run(DefaultExecutorFactory.java:64)
	at java.util.concurrent.ThreadPoolExecutor.runWorker(ThreadPoolExecutor.java:1145)
	at java.util.concurrent.ThreadPoolExecutor$Worker.run(ThreadPoolExecutor.java:615)
	at java.lang.Thread.run(Thread.java:745)
com.app.shared.organization.contactmanagement.CoreContacts.emailId may not be null
com.spartan.pluggable.exception.security.InvalidDataException: 90007:Invalid Exception.:Reason = Not Available!
	at com.athena.server.pluggable.utils.helper.EntityValidatorHelper.validateEntity(EntityValidatorHelper.java:28)
	at com.app.shared.organization.contactmanagement.CoreContacts.isValid(CoreContacts.java:476)
	at com.app.server.service.organization.contactmanagement.CoreContactsTestCase.validateCoreContacts(CoreContactsTestCase.java:453)
	at com.app.server.service.organization.contactmanagement.CoreContactsTestCase.test5NegativeTesting(CoreContactsTestCase.java:548)
	at sun.reflect.NativeMethodAccessorImpl.invoke0(Native Method)
	at sun.reflect.NativeMethodAccessorImpl.invoke(NativeMethodAccessorImpl.java:57)
	at sun.reflect.DelegatingMethodAccessorImpl.invoke(DelegatingMethodAccessorImpl.java:43)
	at java.lang.reflect.Method.invoke(Method.java:606)
	at org.junit.runners.model.FrameworkMethod$1.runReflectiveCall(FrameworkMethod.java:47)
	at org.junit.internal.runners.model.ReflectiveCallable.run(ReflectiveCallable.java:12)
	at org.junit.runners.model.FrameworkMethod.invokeExplosively(FrameworkMethod.java:44)
	at org.junit.internal.runners.statements.InvokeMethod.evaluate(InvokeMethod.java:17)
	at org.junit.internal.runners.statements.RunBefores.evaluate(RunBefores.java:26)
	at org.springframework.test.context.junit4.statements.RunBeforeTestMethodCallbacks.evaluate(RunBeforeTestMethodCallbacks.java:74)
	at org.junit.internal.runners.statements.RunAfters.evaluate(RunAfters.java:27)
	at org.springframework.test.context.junit4.statements.RunAfterTestMethodCallbacks.evaluate(RunAfterTestMethodCallbacks.java:83)
	at org.springframework.test.context.junit4.statements.SpringRepeat.evaluate(SpringRepeat.java:72)
	at org.springframework.test.context.junit4.SpringJUnit4ClassRunner.runChild(SpringJUnit4ClassRunner.java:233)
	at org.springframework.test.context.junit4.SpringJUnit4ClassRunner.runChild(SpringJUnit4ClassRunner.java:87)
	at org.junit.runners.ParentRunner$3.run(ParentRunner.java:238)
	at org.junit.runners.ParentRunner$1.schedule(ParentRunner.java:63)
	at org.junit.runners.ParentRunner.runChildren(ParentRunner.java:236)
	at org.junit.runners.ParentRunner.access$000(ParentRunner.java:53)
	at org.junit.runners.ParentRunner$2.evaluate(ParentRunner.java:229)
	at org.junit.internal.runners.statements.RunBefores.evaluate(RunBefores.java:26)
	at org.springframework.test.context.junit4.statements.RunBeforeTestClassCallbacks.evaluate(RunBeforeTestClassCallbacks.java:61)
	at org.springframework.test.context.junit4.statements.RunAfterTestClassCallbacks.evaluate(RunAfterTestClassCallbacks.java:71)
	at org.junit.runners.ParentRunner.run(ParentRunner.java:309)
	at org.springframework.test.context.junit4.SpringJUnit4ClassRunner.run(SpringJUnit4ClassRunner.java:176)
	at org.gradle.api.internal.tasks.testing.junit.JUnitTestClassExecuter.runTestClass(JUnitTestClassExecuter.java:86)
	at org.gradle.api.internal.tasks.testing.junit.JUnitTestClassExecuter.execute(JUnitTestClassExecuter.java:49)
	at org.gradle.api.internal.tasks.testing.junit.JUnitTestClassProcessor.processTestClass(JUnitTestClassProcessor.java:64)
	at org.gradle.api.internal.tasks.testing.SuiteTestClassProcessor.processTestClass(SuiteTestClassProcessor.java:50)
	at sun.reflect.GeneratedMethodAccessor105.invoke(Unknown Source)
	at sun.reflect.DelegatingMethodAccessorImpl.invoke(DelegatingMethodAccessorImpl.java:43)
	at java.lang.reflect.Method.invoke(Method.java:606)
	at org.gradle.messaging.dispatch.ReflectionDispatch.dispatch(ReflectionDispatch.java:35)
	at org.gradle.messaging.dispatch.ReflectionDispatch.dispatch(ReflectionDispatch.java:24)
	at org.gradle.messaging.dispatch.ContextClassLoaderDispatch.dispatch(ContextClassLoaderDispatch.java:32)
	at org.gradle.messaging.dispatch.ProxyDispatchAdapter$DispatchingInvocationHandler.invoke(ProxyDispatchAdapter.java:93)
	at com.sun.proxy.$Proxy2.processTestClass(Unknown Source)
	at org.gradle.api.internal.tasks.testing.worker.TestWorker.processTestClass(TestWorker.java:106)
	at sun.reflect.GeneratedMethodAccessor104.invoke(Unknown Source)
	at sun.reflect.DelegatingMethodAccessorImpl.invoke(DelegatingMethodAccessorImpl.java:43)
	at java.lang.reflect.Method.invoke(Method.java:606)
	at org.gradle.messaging.dispatch.ReflectionDispatch.dispatch(ReflectionDispatch.java:35)
	at org.gradle.messaging.dispatch.ReflectionDispatch.dispatch(ReflectionDispatch.java:24)
	at org.gradle.messaging.remote.internal.hub.MessageHub$Handler.run(MessageHub.java:360)
	at org.gradle.internal.concurrent.DefaultExecutorFactory$StoppableExecutorImpl$1.run(DefaultExecutorFactory.java:64)
	at java.util.concurrent.ThreadPoolExecutor.runWorker(ThreadPoolExecutor.java:1145)
	at java.util.concurrent.ThreadPoolExecutor$Worker.run(ThreadPoolExecutor.java:615)
	at java.lang.Thread.run(Thread.java:745)
com.app.shared.organization.contactmanagement.CoreContacts.emailId size must be between 0 and 256
com.spartan.pluggable.exception.security.InvalidDataException: 90007:Invalid Exception.:Reason = Not Available!
	at com.athena.server.pluggable.utils.helper.EntityValidatorHelper.validateEntity(EntityValidatorHelper.java:28)
	at com.app.shared.organization.contactmanagement.CoreContacts.isValid(CoreContacts.java:476)
	at com.app.server.service.organization.contactmanagement.CoreContactsTestCase.validateCoreContacts(CoreContactsTestCase.java:451)
	at com.app.server.service.organization.contactmanagement.CoreContactsTestCase.test5NegativeTesting(CoreContactsTestCase.java:553)
	at sun.reflect.NativeMethodAccessorImpl.invoke0(Native Method)
	at sun.reflect.NativeMethodAccessorImpl.invoke(NativeMethodAccessorImpl.java:57)
	at sun.reflect.DelegatingMethodAccessorImpl.invoke(DelegatingMethodAccessorImpl.java:43)
	at java.lang.reflect.Method.invoke(Method.java:606)
	at org.junit.runners.model.FrameworkMethod$1.runReflectiveCall(FrameworkMethod.java:47)
	at org.junit.internal.runners.model.ReflectiveCallable.run(ReflectiveCallable.java:12)
	at org.junit.runners.model.FrameworkMethod.invokeExplosively(FrameworkMethod.java:44)
	at org.junit.internal.runners.statements.InvokeMethod.evaluate(InvokeMethod.java:17)
	at org.junit.internal.runners.statements.RunBefores.evaluate(RunBefores.java:26)
	at org.springframework.test.context.junit4.statements.RunBeforeTestMethodCallbacks.evaluate(RunBeforeTestMethodCallbacks.java:74)
	at org.junit.internal.runners.statements.RunAfters.evaluate(RunAfters.java:27)
	at org.springframework.test.context.junit4.statements.RunAfterTestMethodCallbacks.evaluate(RunAfterTestMethodCallbacks.java:83)
	at org.springframework.test.context.junit4.statements.SpringRepeat.evaluate(SpringRepeat.java:72)
	at org.springframework.test.context.junit4.SpringJUnit4ClassRunner.runChild(SpringJUnit4ClassRunner.java:233)
	at org.springframework.test.context.junit4.SpringJUnit4ClassRunner.runChild(SpringJUnit4ClassRunner.java:87)
	at org.junit.runners.ParentRunner$3.run(ParentRunner.java:238)
	at org.junit.runners.ParentRunner$1.schedule(ParentRunner.java:63)
	at org.junit.runners.ParentRunner.runChildren(ParentRunner.java:236)
	at org.junit.runners.ParentRunner.access$000(ParentRunner.java:53)
	at org.junit.runners.ParentRunner$2.evaluate(ParentRunner.java:229)
	at org.junit.internal.runners.statements.RunBefores.evaluate(RunBefores.java:26)
	at org.springframework.test.context.junit4.statements.RunBeforeTestClassCallbacks.evaluate(RunBeforeTestClassCallbacks.java:61)
	at org.springframework.test.context.junit4.statements.RunAfterTestClassCallbacks.evaluate(RunAfterTestClassCallbacks.java:71)
	at org.junit.runners.ParentRunner.run(ParentRunner.java:309)
	at org.springframework.test.context.junit4.SpringJUnit4ClassRunner.run(SpringJUnit4ClassRunner.java:176)
	at org.gradle.api.internal.tasks.testing.junit.JUnitTestClassExecuter.runTestClass(JUnitTestClassExecuter.java:86)
	at org.gradle.api.internal.tasks.testing.junit.JUnitTestClassExecuter.execute(JUnitTestClassExecuter.java:49)
	at org.gradle.api.internal.tasks.testing.junit.JUnitTestClassProcessor.processTestClass(JUnitTestClassProcessor.java:64)
	at org.gradle.api.internal.tasks.testing.SuiteTestClassProcessor.processTestClass(SuiteTestClassProcessor.java:50)
	at sun.reflect.GeneratedMethodAccessor105.invoke(Unknown Source)
	at sun.reflect.DelegatingMethodAccessorImpl.invoke(DelegatingMethodAccessorImpl.java:43)
	at java.lang.reflect.Method.invoke(Method.java:606)
	at org.gradle.messaging.dispatch.ReflectionDispatch.dispatch(ReflectionDispatch.java:35)
	at org.gradle.messaging.dispatch.ReflectionDispatch.dispatch(ReflectionDispatch.java:24)
	at org.gradle.messaging.dispatch.ContextClassLoaderDispatch.dispatch(ContextClassLoaderDispatch.java:32)
	at org.gradle.messaging.dispatch.ProxyDispatchAdapter$DispatchingInvocationHandler.invoke(ProxyDispatchAdapter.java:93)
	at com.sun.proxy.$Proxy2.processTestClass(Unknown Source)
	at org.gradle.api.internal.tasks.testing.worker.TestWorker.processTestClass(TestWorker.java:106)
	at sun.reflect.GeneratedMethodAccessor104.invoke(Unknown Source)
	at sun.reflect.DelegatingMethodAccessorImpl.invoke(DelegatingMethodAccessorImpl.java:43)
	at java.lang.reflect.Method.invoke(Method.java:606)
	at org.gradle.messaging.dispatch.ReflectionDispatch.dispatch(ReflectionDispatch.java:35)
	at org.gradle.messaging.dispatch.ReflectionDispatch.dispatch(ReflectionDispatch.java:24)
	at org.gradle.messaging.remote.internal.hub.MessageHub$Handler.run(MessageHub.java:360)
	at org.gradle.internal.concurrent.DefaultExecutorFactory$StoppableExecutorImpl$1.run(DefaultExecutorFactory.java:64)
	at java.util.concurrent.ThreadPoolExecutor.runWorker(ThreadPoolExecutor.java:1145)
	at java.util.concurrent.ThreadPoolExecutor$Worker.run(ThreadPoolExecutor.java:615)
	at java.lang.Thread.run(Thread.java:745)
com.app.shared.organization.contactmanagement.CoreContacts.phoneNumber may not be null
com.spartan.pluggable.exception.security.InvalidDataException: 90007:Invalid Exception.:Reason = Not Available!
	at com.athena.server.pluggable.utils.helper.EntityValidatorHelper.validateEntity(EntityValidatorHelper.java:28)
	at com.app.shared.organization.contactmanagement.CoreContacts.isValid(CoreContacts.java:476)
	at com.app.server.service.organization.contactmanagement.CoreContactsTestCase.validateCoreContacts(CoreContactsTestCase.java:453)
	at com.app.server.service.organization.contactmanagement.CoreContactsTestCase.test5NegativeTesting(CoreContactsTestCase.java:559)
	at sun.reflect.NativeMethodAccessorImpl.invoke0(Native Method)
	at sun.reflect.NativeMethodAccessorImpl.invoke(NativeMethodAccessorImpl.java:57)
	at sun.reflect.DelegatingMethodAccessorImpl.invoke(DelegatingMethodAccessorImpl.java:43)
	at java.lang.reflect.Method.invoke(Method.java:606)
	at org.junit.runners.model.FrameworkMethod$1.runReflectiveCall(FrameworkMethod.java:47)
	at org.junit.internal.runners.model.ReflectiveCallable.run(ReflectiveCallable.java:12)
	at org.junit.runners.model.FrameworkMethod.invokeExplosively(FrameworkMethod.java:44)
	at org.junit.internal.runners.statements.InvokeMethod.evaluate(InvokeMethod.java:17)
	at org.junit.internal.runners.statements.RunBefores.evaluate(RunBefores.java:26)
	at org.springframework.test.context.junit4.statements.RunBeforeTestMethodCallbacks.evaluate(RunBeforeTestMethodCallbacks.java:74)
	at org.junit.internal.runners.statements.RunAfters.evaluate(RunAfters.java:27)
	at org.springframework.test.context.junit4.statements.RunAfterTestMethodCallbacks.evaluate(RunAfterTestMethodCallbacks.java:83)
	at org.springframework.test.context.junit4.statements.SpringRepeat.evaluate(SpringRepeat.java:72)
	at org.springframework.test.context.junit4.SpringJUnit4ClassRunner.runChild(SpringJUnit4ClassRunner.java:233)
	at org.springframework.test.context.junit4.SpringJUnit4ClassRunner.runChild(SpringJUnit4ClassRunner.java:87)
	at org.junit.runners.ParentRunner$3.run(ParentRunner.java:238)
	at org.junit.runners.ParentRunner$1.schedule(ParentRunner.java:63)
	at org.junit.runners.ParentRunner.runChildren(ParentRunner.java:236)
	at org.junit.runners.ParentRunner.access$000(ParentRunner.java:53)
	at org.junit.runners.ParentRunner$2.evaluate(ParentRunner.java:229)
	at org.junit.internal.runners.statements.RunBefores.evaluate(RunBefores.java:26)
	at org.springframework.test.context.junit4.statements.RunBeforeTestClassCallbacks.evaluate(RunBeforeTestClassCallbacks.java:61)
	at org.springframework.test.context.junit4.statements.RunAfterTestClassCallbacks.evaluate(RunAfterTestClassCallbacks.java:71)
	at org.junit.runners.ParentRunner.run(ParentRunner.java:309)
	at org.springframework.test.context.junit4.SpringJUnit4ClassRunner.run(SpringJUnit4ClassRunner.java:176)
	at org.gradle.api.internal.tasks.testing.junit.JUnitTestClassExecuter.runTestClass(JUnitTestClassExecuter.java:86)
	at org.gradle.api.internal.tasks.testing.junit.JUnitTestClassExecuter.execute(JUnitTestClassExecuter.java:49)
	at org.gradle.api.internal.tasks.testing.junit.JUnitTestClassProcessor.processTestClass(JUnitTestClassProcessor.java:64)
	at org.gradle.api.internal.tasks.testing.SuiteTestClassProcessor.processTestClass(SuiteTestClassProcessor.java:50)
	at sun.reflect.GeneratedMethodAccessor105.invoke(Unknown Source)
	at sun.reflect.DelegatingMethodAccessorImpl.invoke(DelegatingMethodAccessorImpl.java:43)
	at java.lang.reflect.Method.invoke(Method.java:606)
	at org.gradle.messaging.dispatch.ReflectionDispatch.dispatch(ReflectionDispatch.java:35)
	at org.gradle.messaging.dispatch.ReflectionDispatch.dispatch(ReflectionDispatch.java:24)
	at org.gradle.messaging.dispatch.ContextClassLoaderDispatch.dispatch(ContextClassLoaderDispatch.java:32)
	at org.gradle.messaging.dispatch.ProxyDispatchAdapter$DispatchingInvocationHandler.invoke(ProxyDispatchAdapter.java:93)
	at com.sun.proxy.$Proxy2.processTestClass(Unknown Source)
	at org.gradle.api.internal.tasks.testing.worker.TestWorker.processTestClass(TestWorker.java:106)
	at sun.reflect.GeneratedMethodAccessor104.invoke(Unknown Source)
	at sun.reflect.DelegatingMethodAccessorImpl.invoke(DelegatingMethodAccessorImpl.java:43)
	at java.lang.reflect.Method.invoke(Method.java:606)
	at org.gradle.messaging.dispatch.ReflectionDispatch.dispatch(ReflectionDispatch.java:35)
	at org.gradle.messaging.dispatch.ReflectionDispatch.dispatch(ReflectionDispatch.java:24)
	at org.gradle.messaging.remote.internal.hub.MessageHub$Handler.run(MessageHub.java:360)
	at org.gradle.internal.concurrent.DefaultExecutorFactory$StoppableExecutorImpl$1.run(DefaultExecutorFactory.java:64)
	at java.util.concurrent.ThreadPoolExecutor.runWorker(ThreadPoolExecutor.java:1145)
	at java.util.concurrent.ThreadPoolExecutor$Worker.run(ThreadPoolExecutor.java:615)
	at java.lang.Thread.run(Thread.java:745)
com.app.shared.organization.contactmanagement.CoreContacts.phoneNumber size must be between 0 and 20
com.spartan.pluggable.exception.security.InvalidDataException: 90007:Invalid Exception.:Reason = Not Available!
	at com.athena.server.pluggable.utils.helper.EntityValidatorHelper.validateEntity(EntityValidatorHelper.java:28)
	at com.app.shared.organization.contactmanagement.CoreContacts.isValid(CoreContacts.java:476)
	at com.app.server.service.organization.contactmanagement.CoreContactsTestCase.validateCoreContacts(CoreContactsTestCase.java:451)
	at com.app.server.service.organization.contactmanagement.CoreContactsTestCase.test5NegativeTesting(CoreContactsTestCase.java:564)
	at sun.reflect.NativeMethodAccessorImpl.invoke0(Native Method)
	at sun.reflect.NativeMethodAccessorImpl.invoke(NativeMethodAccessorImpl.java:57)
	at sun.reflect.DelegatingMethodAccessorImpl.invoke(DelegatingMethodAccessorImpl.java:43)
	at java.lang.reflect.Method.invoke(Method.java:606)
	at org.junit.runners.model.FrameworkMethod$1.runReflectiveCall(FrameworkMethod.java:47)
	at org.junit.internal.runners.model.ReflectiveCallable.run(ReflectiveCallable.java:12)
	at org.junit.runners.model.FrameworkMethod.invokeExplosively(FrameworkMethod.java:44)
	at org.junit.internal.runners.statements.InvokeMethod.evaluate(InvokeMethod.java:17)
	at org.junit.internal.runners.statements.RunBefores.evaluate(RunBefores.java:26)
	at org.springframework.test.context.junit4.statements.RunBeforeTestMethodCallbacks.evaluate(RunBeforeTestMethodCallbacks.java:74)
	at org.junit.internal.runners.statements.RunAfters.evaluate(RunAfters.java:27)
	at org.springframework.test.context.junit4.statements.RunAfterTestMethodCallbacks.evaluate(RunAfterTestMethodCallbacks.java:83)
	at org.springframework.test.context.junit4.statements.SpringRepeat.evaluate(SpringRepeat.java:72)
	at org.springframework.test.context.junit4.SpringJUnit4ClassRunner.runChild(SpringJUnit4ClassRunner.java:233)
	at org.springframework.test.context.junit4.SpringJUnit4ClassRunner.runChild(SpringJUnit4ClassRunner.java:87)
	at org.junit.runners.ParentRunner$3.run(ParentRunner.java:238)
	at org.junit.runners.ParentRunner$1.schedule(ParentRunner.java:63)
	at org.junit.runners.ParentRunner.runChildren(ParentRunner.java:236)
	at org.junit.runners.ParentRunner.access$000(ParentRunner.java:53)
	at org.junit.runners.ParentRunner$2.evaluate(ParentRunner.java:229)
	at org.junit.internal.runners.statements.RunBefores.evaluate(RunBefores.java:26)
	at org.springframework.test.context.junit4.statements.RunBeforeTestClassCallbacks.evaluate(RunBeforeTestClassCallbacks.java:61)
	at org.springframework.test.context.junit4.statements.RunAfterTestClassCallbacks.evaluate(RunAfterTestClassCallbacks.java:71)
	at org.junit.runners.ParentRunner.run(ParentRunner.java:309)
	at org.springframework.test.context.junit4.SpringJUnit4ClassRunner.run(SpringJUnit4ClassRunner.java:176)
	at org.gradle.api.internal.tasks.testing.junit.JUnitTestClassExecuter.runTestClass(JUnitTestClassExecuter.java:86)
	at org.gradle.api.internal.tasks.testing.junit.JUnitTestClassExecuter.execute(JUnitTestClassExecuter.java:49)
	at org.gradle.api.internal.tasks.testing.junit.JUnitTestClassProcessor.processTestClass(JUnitTestClassProcessor.java:64)
	at org.gradle.api.internal.tasks.testing.SuiteTestClassProcessor.processTestClass(SuiteTestClassProcessor.java:50)
	at sun.reflect.GeneratedMethodAccessor105.invoke(Unknown Source)
	at sun.reflect.DelegatingMethodAccessorImpl.invoke(DelegatingMethodAccessorImpl.java:43)
	at java.lang.reflect.Method.invoke(Method.java:606)
	at org.gradle.messaging.dispatch.ReflectionDispatch.dispatch(ReflectionDispatch.java:35)
	at org.gradle.messaging.dispatch.ReflectionDispatch.dispatch(ReflectionDispatch.java:24)
	at org.gradle.messaging.dispatch.ContextClassLoaderDispatch.dispatch(ContextClassLoaderDispatch.java:32)
	at org.gradle.messaging.dispatch.ProxyDispatchAdapter$DispatchingInvocationHandler.invoke(ProxyDispatchAdapter.java:93)
	at com.sun.proxy.$Proxy2.processTestClass(Unknown Source)
	at org.gradle.api.internal.tasks.testing.worker.TestWorker.processTestClass(TestWorker.java:106)
	at sun.reflect.GeneratedMethodAccessor104.invoke(Unknown Source)
	at sun.reflect.DelegatingMethodAccessorImpl.invoke(DelegatingMethodAccessorImpl.java:43)
	at java.lang.reflect.Method.invoke(Method.java:606)
	at org.gradle.messaging.dispatch.ReflectionDispatch.dispatch(ReflectionDispatch.java:35)
	at org.gradle.messaging.dispatch.ReflectionDispatch.dispatch(ReflectionDispatch.java:24)
	at org.gradle.messaging.remote.internal.hub.MessageHub$Handler.run(MessageHub.java:360)
	at org.gradle.internal.concurrent.DefaultExecutorFactory$StoppableExecutorImpl$1.run(DefaultExecutorFactory.java:64)
	at java.util.concurrent.ThreadPoolExecutor.runWorker(ThreadPoolExecutor.java:1145)
	at java.util.concurrent.ThreadPoolExecutor$Worker.run(ThreadPoolExecutor.java:615)
	at java.lang.Thread.run(Thread.java:745)
java.lang.NullPointerException
	at com.spartan.logger.connectors.file.LogFileHandler.writeData(LogFileHandler.java:109)
	at com.spartan.logger.connectors.file.FileConnector.writeData(FileConnector.java:69)
	at com.spartan.logger.connectors.file.FileConnector.writeLog(FileConnector.java:51)
	at com.spartan.logger.core.queue.QueueConsumer.consumeAlarm(QueueConsumer.java:76)
	at com.spartan.logger.core.queue.QueueConsumer.run(QueueConsumer.java:41)
	at java.lang.Thread.run(Thread.java:745)
java.lang.NullPointerException
	at com.spartan.logger.connectors.file.LogFileHandler.writeData(LogFileHandler.java:109)
	at com.spartan.logger.connectors.file.FileConnector.writeData(FileConnector.java:69)
	at com.spartan.logger.connectors.file.FileConnector.writeLog(FileConnector.java:51)
	at com.spartan.logger.core.queue.QueueConsumer.consumeAlarm(QueueConsumer.java:76)
	at com.spartan.logger.core.queue.QueueConsumer.run(QueueConsumer.java:41)
	at java.lang.Thread.run(Thread.java:745)
java.lang.NullPointerException
	at com.spartan.logger.connectors.file.LogFileHandler.writeData(LogFileHandler.java:109)
	at com.spartan.logger.connectors.file.FileConnector.writeData(FileConnector.java:69)
	at com.spartan.logger.connectors.file.FileConnector.writeLog(FileConnector.java:51)
	at com.spartan.logger.core.queue.QueueConsumer.consumeAlarm(QueueConsumer.java:76)
	at com.spartan.logger.core.queue.QueueConsumer.run(QueueConsumer.java:41)
	at java.lang.Thread.run(Thread.java:745)
java.lang.NullPointerException
	at com.spartan.logger.connectors.file.LogFileHandler.writeData(LogFileHandler.java:109)
	at com.spartan.logger.connectors.file.FileConnector.writeData(FileConnector.java:69)
	at com.spartan.logger.connectors.file.FileConnector.writeLog(FileConnector.java:51)
	at com.spartan.logger.core.queue.QueueConsumer.consumeAlarm(QueueConsumer.java:76)
	at com.spartan.logger.core.queue.QueueConsumer.run(QueueConsumer.java:41)
	at java.lang.Thread.run(Thread.java:745)
java.lang.NullPointerException
	at com.spartan.logger.connectors.file.LogFileHandler.writeData(LogFileHandler.java:109)
	at com.spartan.logger.connectors.file.FileConnector.writeData(FileConnector.java:69)
	at com.spartan.logger.connectors.file.FileConnector.writeLog(FileConnector.java:51)
	at com.spartan.logger.core.queue.QueueConsumer.consumeAlarm(QueueConsumer.java:76)
	at com.spartan.logger.core.queue.QueueConsumer.run(QueueConsumer.java:41)
	at java.lang.Thread.run(Thread.java:745)
java.lang.NullPointerException
	at com.spartan.logger.connectors.file.LogFileHandler.writeData(LogFileHandler.java:109)
	at com.spartan.logger.connectors.file.FileConnector.writeData(FileConnector.java:69)
	at com.spartan.logger.connectors.file.FileConnector.writeLog(FileConnector.java:51)
	at com.spartan.logger.core.queue.QueueConsumer.consumeAlarm(QueueConsumer.java:76)
	at com.spartan.logger.core.queue.QueueConsumer.run(QueueConsumer.java:41)
	at java.lang.Thread.run(Thread.java:745)
java.lang.NullPointerException
	at com.spartan.logger.connectors.file.LogFileHandler.writeData(LogFileHandler.java:109)
	at com.spartan.logger.connectors.file.FileConnector.writeData(FileConnector.java:69)
	at com.spartan.logger.connectors.file.FileConnector.writeLog(FileConnector.java:51)
	at com.spartan.logger.core.queue.QueueConsumer.consumeAlarm(QueueConsumer.java:76)
	at com.spartan.logger.core.queue.QueueConsumer.run(QueueConsumer.java:41)
	at java.lang.Thread.run(Thread.java:745)
java.lang.NullPointerException
	at com.spartan.logger.connectors.file.LogFileHandler.writeData(LogFileHandler.java:109)
	at com.spartan.logger.connectors.file.FileConnector.writeData(FileConnector.java:69)
	at com.spartan.logger.connectors.file.FileConnector.writeLog(FileConnector.java:51)
	at com.spartan.logger.core.queue.QueueConsumer.consumeAlarm(QueueConsumer.java:76)
	at com.spartan.logger.core.queue.QueueConsumer.run(QueueConsumer.java:41)
	at java.lang.Thread.run(Thread.java:745)
java.lang.NullPointerException
	at com.spartan.logger.connectors.file.LogFileHandler.writeData(LogFileHandler.java:109)
	at com.spartan.logger.connectors.file.FileConnector.writeData(FileConnector.java:69)
	at com.spartan.logger.connectors.file.FileConnector.writeLog(FileConnector.java:51)
	at com.spartan.logger.core.queue.QueueConsumer.consumeAlarm(QueueConsumer.java:76)
	at com.spartan.logger.core.queue.QueueConsumer.run(QueueConsumer.java:41)
	at java.lang.Thread.run(Thread.java:745)
java.lang.NullPointerException
	at com.spartan.logger.connectors.file.LogFileHandler.writeData(LogFileHandler.java:109)
	at com.spartan.logger.connectors.file.FileConnector.writeData(FileConnector.java:69)
	at com.spartan.logger.connectors.file.FileConnector.writeLog(FileConnector.java:51)
	at com.spartan.logger.core.queue.QueueConsumer.consumeAlarm(QueueConsumer.java:76)
	at com.spartan.logger.core.queue.QueueConsumer.run(QueueConsumer.java:41)
	at java.lang.Thread.run(Thread.java:745)
java.lang.NullPointerException
	at com.spartan.logger.connectors.file.LogFileHandler.writeData(LogFileHandler.java:109)
	at com.spartan.logger.connectors.file.FileConnector.writeData(FileConnector.java:69)
	at com.spartan.logger.connectors.file.FileConnector.writeLog(FileConnector.java:51)
	at com.spartan.logger.core.queue.QueueConsumer.consumeAlarm(QueueConsumer.java:76)
	at com.spartan.logger.core.queue.QueueConsumer.run(QueueConsumer.java:41)
	at java.lang.Thread.run(Thread.java:745)
java.lang.NullPointerException
	at com.spartan.logger.connectors.file.LogFileHandler.writeData(LogFileHandler.java:109)
	at com.spartan.logger.connectors.file.FileConnector.writeData(FileConnector.java:69)
	at com.spartan.logger.connectors.file.FileConnector.writeLog(FileConnector.java:51)
	at com.spartan.logger.core.queue.QueueConsumer.consumeAlarm(QueueConsumer.java:76)
	at com.spartan.logger.core.queue.QueueConsumer.run(QueueConsumer.java:41)
	at java.lang.Thread.run(Thread.java:745)
java.lang.NullPointerException
	at com.spartan.logger.connectors.file.LogFileHandler.writeData(LogFileHandler.java:109)
	at com.spartan.logger.connectors.file.FileConnector.writeData(FileConnector.java:69)
	at com.spartan.logger.connectors.file.FileConnector.writeLog(FileConnector.java:51)
	at com.spartan.logger.core.queue.QueueConsumer.consumeAlarm(QueueConsumer.java:76)
	at com.spartan.logger.core.queue.QueueConsumer.run(QueueConsumer.java:41)
	at java.lang.Thread.run(Thread.java:745)
java.lang.NullPointerException
	at com.spartan.logger.connectors.file.LogFileHandler.writeData(LogFileHandler.java:109)
	at com.spartan.logger.connectors.file.FileConnector.writeData(FileConnector.java:69)
	at com.spartan.logger.connectors.file.FileConnector.writeLog(FileConnector.java:51)
	at com.spartan.logger.core.queue.QueueConsumer.consumeAlarm(QueueConsumer.java:76)
	at com.spartan.logger.core.queue.QueueConsumer.run(QueueConsumer.java:41)
	at java.lang.Thread.run(Thread.java:745)
java.lang.NullPointerException
	at com.spartan.logger.connectors.file.LogFileHandler.writeData(LogFileHandler.java:109)
	at com.spartan.logger.connectors.file.FileConnector.writeData(FileConnector.java:69)
	at com.spartan.logger.connectors.file.FileConnector.writeLog(FileConnector.java:51)
	at com.spartan.logger.core.queue.QueueConsumer.consumeAlarm(QueueConsumer.java:76)
	at com.spartan.logger.core.queue.QueueConsumer.run(QueueConsumer.java:41)
	at java.lang.Thread.run(Thread.java:745)
java.lang.NullPointerException
	at com.spartan.logger.connectors.file.LogFileHandler.writeData(LogFileHandler.java:109)
	at com.spartan.logger.connectors.file.FileConnector.writeData(FileConnector.java:69)
	at com.spartan.logger.connectors.file.FileConnector.writeLog(FileConnector.java:51)
	at com.spartan.logger.core.queue.QueueConsumer.consumeAlarm(QueueConsumer.java:76)
	at com.spartan.logger.core.queue.QueueConsumer.run(QueueConsumer.java:41)
	at java.lang.Thread.run(Thread.java:745)
java.lang.NullPointerException
	at com.spartan.logger.connectors.file.LogFileHandler.writeData(LogFileHandler.java:109)
	at com.spartan.logger.connectors.file.FileConnector.writeData(FileConnector.java:69)
	at com.spartan.logger.connectors.file.FileConnector.writeLog(FileConnector.java:51)
	at com.spartan.logger.core.queue.QueueConsumer.consumeAlarm(QueueConsumer.java:76)
	at com.spartan.logger.core.queue.QueueConsumer.run(QueueConsumer.java:41)
	at java.lang.Thread.run(Thread.java:745)
java.lang.NullPointerException
	at com.spartan.logger.connectors.file.LogFileHandler.writeData(LogFileHandler.java:109)
	at com.spartan.logger.connectors.file.FileConnector.writeData(FileConnector.java:69)
	at com.spartan.logger.connectors.file.FileConnector.writeLog(FileConnector.java:51)
	at com.spartan.logger.core.queue.QueueConsumer.consumeAlarm(QueueConsumer.java:76)
	at com.spartan.logger.core.queue.QueueConsumer.run(QueueConsumer.java:41)
	at java.lang.Thread.run(Thread.java:745)
java.lang.NullPointerException
	at com.spartan.logger.connectors.file.LogFileHandler.writeData(LogFileHandler.java:109)
	at com.spartan.logger.connectors.file.FileConnector.writeData(FileConnector.java:69)
	at com.spartan.logger.connectors.file.FileConnector.writeLog(FileConnector.java:51)
	at com.spartan.logger.core.queue.QueueConsumer.consumeAlarm(QueueConsumer.java:76)
	at com.spartan.logger.core.queue.QueueConsumer.run(QueueConsumer.java:41)
	at java.lang.Thread.run(Thread.java:745)
java.lang.NullPointerException
	at com.spartan.logger.connectors.file.LogFileHandler.writeData(LogFileHandler.java:109)
	at com.spartan.logger.connectors.file.FileConnector.writeData(FileConnector.java:69)
	at com.spartan.logger.connectors.file.FileConnector.writeLog(FileConnector.java:51)
	at com.spartan.logger.core.queue.QueueConsumer.consumeAlarm(QueueConsumer.java:76)
	at com.spartan.logger.core.queue.QueueConsumer.run(QueueConsumer.java:41)
	at java.lang.Thread.run(Thread.java:745)
java.lang.NullPointerException
	at com.spartan.logger.connectors.file.LogFileHandler.writeData(LogFileHandler.java:109)
	at com.spartan.logger.connectors.file.FileConnector.writeData(FileConnector.java:69)
	at com.spartan.logger.connectors.file.FileConnector.writeLog(FileConnector.java:51)
	at com.spartan.logger.core.queue.QueueConsumer.consumeAlarm(QueueConsumer.java:76)
	at com.spartan.logger.core.queue.QueueConsumer.run(QueueConsumer.java:41)
	at java.lang.Thread.run(Thread.java:745)
java.lang.NullPointerException
	at com.spartan.logger.connectors.file.LogFileHandler.writeData(LogFileHandler.java:109)
	at com.spartan.logger.connectors.file.FileConnector.writeData(FileConnector.java:69)
	at com.spartan.logger.connectors.file.FileConnector.writeLog(FileConnector.java:51)
	at com.spartan.logger.core.queue.QueueConsumer.consumeAlarm(QueueConsumer.java:76)
	at com.spartan.logger.core.queue.QueueConsumer.run(QueueConsumer.java:41)
	at java.lang.Thread.run(Thread.java:745)
java.lang.NullPointerException
	at com.spartan.logger.connectors.file.LogFileHandler.writeData(LogFileHandler.java:109)
	at com.spartan.logger.connectors.file.FileConnector.writeData(FileConnector.java:69)
	at com.spartan.logger.connectors.file.FileConnector.writeLog(FileConnector.java:51)
	at com.spartan.logger.core.queue.QueueConsumer.consumeAlarm(QueueConsumer.java:76)
	at com.spartan.logger.core.queue.QueueConsumer.run(QueueConsumer.java:41)
	at java.lang.Thread.run(Thread.java:745)
java.lang.NullPointerException
	at com.spartan.logger.connectors.file.LogFileHandler.writeData(LogFileHandler.java:109)
	at com.spartan.logger.connectors.file.FileConnector.writeData(FileConnector.java:69)
	at com.spartan.logger.connectors.file.FileConnector.writeLog(FileConnector.java:51)
	at com.spartan.logger.core.queue.QueueConsumer.consumeAlarm(QueueConsumer.java:76)
	at com.spartan.logger.core.queue.QueueConsumer.run(QueueConsumer.java:41)
	at java.lang.Thread.run(Thread.java:745)
java.lang.NullPointerException
	at com.spartan.logger.connectors.file.LogFileHandler.writeData(LogFileHandler.java:109)
	at com.spartan.logger.connectors.file.FileConnector.writeData(FileConnector.java:69)
	at com.spartan.logger.connectors.file.FileConnector.writeLog(FileConnector.java:51)
	at com.spartan.logger.core.queue.QueueConsumer.consumeAlarm(QueueConsumer.java:76)
	at com.spartan.logger.core.queue.QueueConsumer.run(QueueConsumer.java:41)
	at java.lang.Thread.run(Thread.java:745)
java.lang.NullPointerException
	at com.spartan.logger.connectors.file.LogFileHandler.writeData(LogFileHandler.java:109)
	at com.spartan.logger.connectors.file.FileConnector.writeData(FileConnector.java:69)
	at com.spartan.logger.connectors.file.FileConnector.writeLog(FileConnector.java:51)
	at com.spartan.logger.core.queue.QueueConsumer.consumeAlarm(QueueConsumer.java:76)
	at com.spartan.logger.core.queue.QueueConsumer.run(QueueConsumer.java:41)
	at java.lang.Thread.run(Thread.java:745)
java.lang.NullPointerException
	at com.spartan.logger.connectors.file.LogFileHandler.writeData(LogFileHandler.java:109)
	at com.spartan.logger.connectors.file.FileConnector.writeData(FileConnector.java:69)
	at com.spartan.logger.connectors.file.FileConnector.writeLog(FileConnector.java:51)
	at com.spartan.logger.core.queue.QueueConsumer.consumeAlarm(QueueConsumer.java:76)
	at com.spartan.logger.core.queue.QueueConsumer.run(QueueConsumer.java:41)
	at java.lang.Thread.run(Thread.java:745)
java.lang.NullPointerException
	at com.spartan.logger.connectors.file.LogFileHandler.writeData(LogFileHandler.java:109)
	at com.spartan.logger.connectors.file.FileConnector.writeData(FileConnector.java:69)
	at com.spartan.logger.connectors.file.FileConnector.writeLog(FileConnector.java:51)
	at com.spartan.logger.core.queue.QueueConsumer.consumeAlarm(QueueConsumer.java:76)
	at com.spartan.logger.core.queue.QueueConsumer.run(QueueConsumer.java:41)
	at java.lang.Thread.run(Thread.java:745)
java.lang.NullPointerException
	at com.spartan.logger.connectors.file.LogFileHandler.writeData(LogFileHandler.java:109)
	at com.spartan.logger.connectors.file.FileConnector.writeData(FileConnector.java:69)
	at com.spartan.logger.connectors.file.FileConnector.writeLog(FileConnector.java:51)
	at com.spartan.logger.core.queue.QueueConsumer.consumeAlarm(QueueConsumer.java:76)
	at com.spartan.logger.core.queue.QueueConsumer.run(QueueConsumer.java:41)
	at java.lang.Thread.run(Thread.java:745)
java.lang.NullPointerException
	at com.spartan.logger.connectors.file.LogFileHandler.writeData(LogFileHandler.java:109)
	at com.spartan.logger.connectors.file.FileConnector.writeData(FileConnector.java:69)
	at com.spartan.logger.connectors.file.FileConnector.writeLog(FileConnector.java:51)
	at com.spartan.logger.core.queue.QueueConsumer.consumeAlarm(QueueConsumer.java:76)
	at com.spartan.logger.core.queue.QueueConsumer.run(QueueConsumer.java:41)
	at java.lang.Thread.run(Thread.java:745)
java.lang.NullPointerException
	at com.spartan.logger.connectors.file.LogFileHandler.writeData(LogFileHandler.java:109)
	at com.spartan.logger.connectors.file.FileConnector.writeData(FileConnector.java:69)
	at com.spartan.logger.connectors.file.FileConnector.writeLog(FileConnector.java:51)
	at com.spartan.logger.core.queue.QueueConsumer.consumeAlarm(QueueConsumer.java:76)
	at com.spartan.logger.core.queue.QueueConsumer.run(QueueConsumer.java:41)
	at java.lang.Thread.run(Thread.java:745)
java.lang.NullPointerException
	at com.spartan.logger.connectors.file.LogFileHandler.writeData(LogFileHandler.java:109)
	at com.spartan.logger.connectors.file.FileConnector.writeData(FileConnector.java:69)
	at com.spartan.logger.connectors.file.FileConnector.writeLog(FileConnector.java:51)
	at com.spartan.logger.core.queue.QueueConsumer.consumeAlarm(QueueConsumer.java:76)
	at com.spartan.logger.core.queue.QueueConsumer.run(QueueConsumer.java:41)
	at java.lang.Thread.run(Thread.java:745)
java.lang.NullPointerException
	at com.spartan.logger.connectors.file.LogFileHandler.writeData(LogFileHandler.java:109)
	at com.spartan.logger.connectors.file.FileConnector.writeData(FileConnector.java:69)
	at com.spartan.logger.connectors.file.FileConnector.writeLog(FileConnector.java:51)
	at com.spartan.logger.core.queue.QueueConsumer.consumeAlarm(QueueConsumer.java:76)
	at com.spartan.logger.core.queue.QueueConsumer.run(QueueConsumer.java:41)
	at java.lang.Thread.run(Thread.java:745)
]]></system-err>
</testsuite>
